Warning: Shuffle Join JOIN[14][tables = [f, m]] in Stage 'Stage-1:MAPRED' is a cross product
PREHOOK: query: EXPLAIN
SELECT f.key, g.value
FROM src f JOIN src m JOIN src g ON(g.value = m.value AND m.value is not null AND m.value !='')
WHERE (f.key = m.key AND f.value='2008-04-08' AND m.value='2008-04-08') OR (f.key = m.key AND f.value='2008-04-09')
PREHOOK: type: QUERY
PREHOOK: Input: default@src
#### A masked pattern was here ####
POSTHOOK: query: EXPLAIN
SELECT f.key, g.value
FROM src f JOIN src m JOIN src g ON(g.value = m.value AND m.value is not null AND m.value !='')
WHERE (f.key = m.key AND f.value='2008-04-08' AND m.value='2008-04-08') OR (f.key = m.key AND f.value='2008-04-09')
POSTHOOK: type: QUERY
POSTHOOK: Input: default@src
#### A masked pattern was here ####
STAGE DEPENDENCIES:
  Stage-1 is a root stage
  Stage-2 depends on stages: Stage-1
  Stage-0 depends on stages: Stage-2

STAGE PLANS:
  Stage: Stage-1
    Map Reduce
      Map Operator Tree:
          TableScan
            alias: f
            Statistics: Num rows: 500 Data size: 5312 Basic stats: COMPLETE Column stats: NONE
            Reduce Output Operator
              sort order: 
              Statistics: Num rows: 500 Data size: 5312 Basic stats: COMPLETE Column stats: NONE
              value expressions: key (type: string), value (type: string)
          TableScan
            alias: m
            Statistics: Num rows: 500 Data size: 5312 Basic stats: COMPLETE Column stats: NONE
            Filter Operator
              predicate: (value is not null and (value <> '')) (type: boolean)
              Statistics: Num rows: 500 Data size: 5312 Basic stats: COMPLETE Column stats: NONE
              Reduce Output Operator
                sort order: 
                Statistics: Num rows: 500 Data size: 5312 Basic stats: COMPLETE Column stats: NONE
                value expressions: key (type: string), value (type: string)
      Reduce Operator Tree:
        Join Operator
          condition map:
               Inner Join 0 to 1
          keys:
            0 
            1 
          outputColumnNames: _col0, _col1, _col5, _col6
          Statistics: Num rows: 250000 Data size: 5562000 Basic stats: COMPLETE Column stats: NONE
          File Output Operator
            compressed: false
            table:
                input format: org.apache.hadoop.mapred.SequenceFileInputFormat
                output format: org.apache.hadoop.hive.ql.io.HiveSequenceFileOutputFormat
                serde: org.apache.hadoop.hive.serde2.lazybinary.LazyBinarySerDe

  Stage: Stage-2
    Map Reduce
      Map Operator Tree:
          TableScan
            Reduce Output Operator
              key expressions: _col6 (type: string)
              sort order: +
              Map-reduce partition columns: _col6 (type: string)
              Statistics: Num rows: 250000 Data size: 5562000 Basic stats: COMPLETE Column stats: NONE
              value expressions: _col0 (type: string), _col1 (type: string), _col5 (type: string)
          TableScan
            alias: g
            Statistics: Num rows: 500 Data size: 5312 Basic stats: COMPLETE Column stats: NONE
            Filter Operator
              predicate: ((value <> '') and value is not null) (type: boolean)
              Statistics: Num rows: 500 Data size: 5312 Basic stats: COMPLETE Column stats: NONE
              Reduce Output Operator
                key expressions: value (type: string)
                sort order: +
                Map-reduce partition columns: value (type: string)
                Statistics: Num rows: 500 Data size: 5312 Basic stats: COMPLETE Column stats: NONE
      Reduce Operator Tree:
        Join Operator
          condition map:
               Inner Join 0 to 1
          keys:
            0 _col6 (type: string)
            1 value (type: string)
          outputColumnNames: _col0, _col1, _col5, _col6, _col11
          Statistics: Num rows: 275000 Data size: 6118200 Basic stats: COMPLETE Column stats: NONE
          Filter Operator
            predicate: (((_col0 = _col5) and (_col1 = '2008-04-08') and (_col6 = '2008-04-08')) or ((_col0 = _col5) and (_col1 = '2008-04-09'))) (type: boolean)
            Statistics: Num rows: 103125 Data size: 2294325 Basic stats: COMPLETE Column stats: NONE
            Select Operator
              expressions: _col0 (type: string), _col11 (type: string)
              outputColumnNames: _col0, _col1
              Statistics: Num rows: 103125 Data size: 2294325 Basic stats: COMPLETE Column stats: NONE
              File Output Operator
                compressed: false
                Statistics: Num rows: 103125 Data size: 2294325 Basic stats: COMPLETE Column stats: NONE
                table:
                    input format: org.apache.hadoop.mapred.SequenceFileInputFormat
                    output format: org.apache.hadoop.hive.ql.io.HiveSequenceFileOutputFormat
                    serde: org.apache.hadoop.hive.serde2.lazy.LazySimpleSerDe

  Stage: Stage-0
    Fetch Operator
      limit: -1
      Processor Tree:
        ListSink

Warning: Shuffle Join JOIN[14][tables = [f, m]] in Stage 'Stage-1:MAPRED' is a cross product
PREHOOK: query: EXPLAIN
SELECT f.key, g.value
FROM src f JOIN src m JOIN src g ON(g.value = m.value AND m.value is not null AND m.value !='')
WHERE (f.key = m.key AND f.value IN ('2008-04-08','2008-04-10') AND m.value='2008-04-08') OR (f.key = m.key AND f.value='2008-04-09')
PREHOOK: type: QUERY
PREHOOK: Input: default@src
#### A masked pattern was here ####
POSTHOOK: query: EXPLAIN
SELECT f.key, g.value
FROM src f JOIN src m JOIN src g ON(g.value = m.value AND m.value is not null AND m.value !='')
WHERE (f.key = m.key AND f.value IN ('2008-04-08','2008-04-10') AND m.value='2008-04-08') OR (f.key = m.key AND f.value='2008-04-09')
POSTHOOK: type: QUERY
POSTHOOK: Input: default@src
#### A masked pattern was here ####
STAGE DEPENDENCIES:
  Stage-1 is a root stage
  Stage-2 depends on stages: Stage-1
  Stage-0 depends on stages: Stage-2

STAGE PLANS:
  Stage: Stage-1
    Map Reduce
      Map Operator Tree:
          TableScan
            alias: f
            Statistics: Num rows: 500 Data size: 5312 Basic stats: COMPLETE Column stats: NONE
            Reduce Output Operator
              sort order: 
              Statistics: Num rows: 500 Data size: 5312 Basic stats: COMPLETE Column stats: NONE
              value expressions: key (type: string), value (type: string)
          TableScan
            alias: m
            Statistics: Num rows: 500 Data size: 5312 Basic stats: COMPLETE Column stats: NONE
            Filter Operator
              predicate: (value is not null and (value <> '')) (type: boolean)
              Statistics: Num rows: 500 Data size: 5312 Basic stats: COMPLETE Column stats: NONE
              Reduce Output Operator
                sort order: 
                Statistics: Num rows: 500 Data size: 5312 Basic stats: COMPLETE Column stats: NONE
                value expressions: key (type: string), value (type: string)
      Reduce Operator Tree:
        Join Operator
          condition map:
               Inner Join 0 to 1
          keys:
            0 
            1 
          outputColumnNames: _col0, _col1, _col5, _col6
          Statistics: Num rows: 250000 Data size: 5562000 Basic stats: COMPLETE Column stats: NONE
          File Output Operator
            compressed: false
            table:
                input format: org.apache.hadoop.mapred.SequenceFileInputFormat
                output format: org.apache.hadoop.hive.ql.io.HiveSequenceFileOutputFormat
                serde: org.apache.hadoop.hive.serde2.lazybinary.LazyBinarySerDe

  Stage: Stage-2
    Map Reduce
      Map Operator Tree:
          TableScan
            Reduce Output Operator
              key expressions: _col6 (type: string)
              sort order: +
              Map-reduce partition columns: _col6 (type: string)
              Statistics: Num rows: 250000 Data size: 5562000 Basic stats: COMPLETE Column stats: NONE
              value expressions: _col0 (type: string), _col1 (type: string), _col5 (type: string)
          TableScan
            alias: g
            Statistics: Num rows: 500 Data size: 5312 Basic stats: COMPLETE Column stats: NONE
            Filter Operator
              predicate: ((value <> '') and value is not null) (type: boolean)
              Statistics: Num rows: 500 Data size: 5312 Basic stats: COMPLETE Column stats: NONE
              Reduce Output Operator
                key expressions: value (type: string)
                sort order: +
                Map-reduce partition columns: value (type: string)
                Statistics: Num rows: 500 Data size: 5312 Basic stats: COMPLETE Column stats: NONE
      Reduce Operator Tree:
        Join Operator
          condition map:
               Inner Join 0 to 1
          keys:
            0 _col6 (type: string)
            1 value (type: string)
          outputColumnNames: _col0, _col1, _col5, _col6, _col11
          Statistics: Num rows: 275000 Data size: 6118200 Basic stats: COMPLETE Column stats: NONE
          Filter Operator
            predicate: (((_col0 = _col5) and (_col1) IN ('2008-04-08', '2008-04-10') and (_col6 = '2008-04-08')) or ((_col0 = _col5) and (_col1 = '2008-04-09'))) (type: boolean)
            Statistics: Num rows: 103125 Data size: 2294325 Basic stats: COMPLETE Column stats: NONE
            Select Operator
              expressions: _col0 (type: string), _col11 (type: string)
              outputColumnNames: _col0, _col1
              Statistics: Num rows: 103125 Data size: 2294325 Basic stats: COMPLETE Column stats: NONE
              File Output Operator
                compressed: false
                Statistics: Num rows: 103125 Data size: 2294325 Basic stats: COMPLETE Column stats: NONE
                table:
                    input format: org.apache.hadoop.mapred.SequenceFileInputFormat
                    output format: org.apache.hadoop.hive.ql.io.HiveSequenceFileOutputFormat
                    serde: org.apache.hadoop.hive.serde2.lazy.LazySimpleSerDe

  Stage: Stage-0
    Fetch Operator
      limit: -1
      Processor Tree:
        ListSink

PREHOOK: query: EXPLAIN
SELECT t1.key 
FROM cbo_t1 t1
JOIN (
  SELECT t2.key
  FROM cbo_t2 t2
  JOIN (SELECT * FROM cbo_t3 t3 WHERE c_int=1) t3 ON t2.key=t3.c_int
  WHERE ((t2.key=t3.key) AND (t2.c_float + t3.c_float > 2)) OR
      ((t2.key=t3.key) AND (t2.c_int + t3.c_int > 2))) t4 ON t1.key=t4.key
PREHOOK: type: QUERY
PREHOOK: Input: default@cbo_t1
PREHOOK: Input: default@cbo_t1@dt=2014
PREHOOK: Input: default@cbo_t2
PREHOOK: Input: default@cbo_t2@dt=2014
PREHOOK: Input: default@cbo_t3
#### A masked pattern was here ####
POSTHOOK: query: EXPLAIN
SELECT t1.key 
FROM cbo_t1 t1
JOIN (
  SELECT t2.key
  FROM cbo_t2 t2
  JOIN (SELECT * FROM cbo_t3 t3 WHERE c_int=1) t3 ON t2.key=t3.c_int
  WHERE ((t2.key=t3.key) AND (t2.c_float + t3.c_float > 2)) OR
      ((t2.key=t3.key) AND (t2.c_int + t3.c_int > 2))) t4 ON t1.key=t4.key
POSTHOOK: type: QUERY
POSTHOOK: Input: default@cbo_t1
POSTHOOK: Input: default@cbo_t1@dt=2014
POSTHOOK: Input: default@cbo_t2
POSTHOOK: Input: default@cbo_t2@dt=2014
POSTHOOK: Input: default@cbo_t3
#### A masked pattern was here ####
STAGE DEPENDENCIES:
  Stage-1 is a root stage
  Stage-2 depends on stages: Stage-1
  Stage-0 depends on stages: Stage-2

STAGE PLANS:
  Stage: Stage-1
    Map Reduce
      Map Operator Tree:
          TableScan
            alias: t3
            Statistics: Num rows: 20 Data size: 262 Basic stats: COMPLETE Column stats: NONE
            Filter Operator
              predicate: (c_int = 1) (type: boolean)
              Statistics: Num rows: 10 Data size: 131 Basic stats: COMPLETE Column stats: NONE
              Select Operator
                expressions: key (type: string), c_float (type: float)
                outputColumnNames: _col0, _col3
                Statistics: Num rows: 10 Data size: 131 Basic stats: COMPLETE Column stats: NONE
                Reduce Output Operator
                  key expressions: 1.0 (type: double)
                  sort order: +
                  Map-reduce partition columns: 1.0 (type: double)
                  Statistics: Num rows: 10 Data size: 131 Basic stats: COMPLETE Column stats: NONE
                  value expressions: _col0 (type: string), _col3 (type: float)
          TableScan
            alias: t2
            Statistics: Num rows: 20 Data size: 262 Basic stats: COMPLETE Column stats: NONE
            Filter Operator
              predicate: (UDFToDouble(key) is not null and key is not null) (type: boolean)
              Statistics: Num rows: 20 Data size: 262 Basic stats: COMPLETE Column stats: NONE
              Reduce Output Operator
                key expressions: UDFToDouble(key) (type: double)
                sort order: +
                Map-reduce partition columns: UDFToDouble(key) (type: double)
                Statistics: Num rows: 20 Data size: 262 Basic stats: COMPLETE Column stats: NONE
                value expressions: key (type: string), c_int (type: int), c_float (type: float)
      Reduce Operator Tree:
        Join Operator
          condition map:
               Inner Join 0 to 1
          keys:
            0 UDFToDouble(key) (type: double)
            1 UDFToDouble(_col2) (type: double)
          outputColumnNames: _col0, _col2, _col3, _col9, _col12
          Statistics: Num rows: 22 Data size: 288 Basic stats: COMPLETE Column stats: NONE
          Filter Operator
            predicate: (((_col0 = _col9) and ((_col3 + _col12) > 2)) or ((_col0 = _col9) and ((_col2 + 1) > 2))) (type: boolean)
            Statistics: Num rows: 6 Data size: 78 Basic stats: COMPLETE Column stats: NONE
            Select Operator
              expressions: _col0 (type: string)
              outputColumnNames: _col0
              Statistics: Num rows: 6 Data size: 78 Basic stats: COMPLETE Column stats: NONE
              File Output Operator
                compressed: false
                table:
                    input format: org.apache.hadoop.mapred.SequenceFileInputFormat
                    output format: org.apache.hadoop.hive.ql.io.HiveSequenceFileOutputFormat
                    serde: org.apache.hadoop.hive.serde2.lazybinary.LazyBinarySerDe

  Stage: Stage-2
    Map Reduce
      Map Operator Tree:
          TableScan
            Reduce Output Operator
              key expressions: _col0 (type: string)
              sort order: +
              Map-reduce partition columns: _col0 (type: string)
              Statistics: Num rows: 6 Data size: 78 Basic stats: COMPLETE Column stats: NONE
          TableScan
            alias: t1
            Statistics: Num rows: 20 Data size: 262 Basic stats: COMPLETE Column stats: NONE
            Filter Operator
              predicate: key is not null (type: boolean)
              Statistics: Num rows: 20 Data size: 262 Basic stats: COMPLETE Column stats: NONE
              Reduce Output Operator
                key expressions: key (type: string)
                sort order: +
                Map-reduce partition columns: key (type: string)
                Statistics: Num rows: 20 Data size: 262 Basic stats: COMPLETE Column stats: NONE
      Reduce Operator Tree:
        Join Operator
          condition map:
               Inner Join 0 to 1
          keys:
            0 key (type: string)
            1 _col0 (type: string)
          outputColumnNames: _col0
          Statistics: Num rows: 22 Data size: 288 Basic stats: COMPLETE Column stats: NONE
          File Output Operator
            compressed: false
            Statistics: Num rows: 22 Data size: 288 Basic stats: COMPLETE Column stats: NONE
            table:
                input format: org.apache.hadoop.mapred.SequenceFileInputFormat
                output format: org.apache.hadoop.hive.ql.io.HiveSequenceFileOutputFormat
                serde: org.apache.hadoop.hive.serde2.lazy.LazySimpleSerDe

  Stage: Stage-0
    Fetch Operator
      limit: -1
      Processor Tree:
        ListSink

PREHOOK: query: EXPLAIN
SELECT f.key, f.value, m.value
FROM src f JOIN src m ON(f.key = m.key AND m.value is not null AND m.value !='')
WHERE (f.value IN ('2008-04-08','2008-04-10') AND f.value IN ('2008-04-08','2008-04-09') AND m.value='2008-04-10') OR (m.value='2008-04-08')
PREHOOK: type: QUERY
PREHOOK: Input: default@src
#### A masked pattern was here ####
POSTHOOK: query: EXPLAIN
SELECT f.key, f.value, m.value
FROM src f JOIN src m ON(f.key = m.key AND m.value is not null AND m.value !='')
WHERE (f.value IN ('2008-04-08','2008-04-10') AND f.value IN ('2008-04-08','2008-04-09') AND m.value='2008-04-10') OR (m.value='2008-04-08')
POSTHOOK: type: QUERY
POSTHOOK: Input: default@src
#### A masked pattern was here ####
STAGE DEPENDENCIES:
  Stage-1 is a root stage
  Stage-0 depends on stages: Stage-1

STAGE PLANS:
  Stage: Stage-1
    Map Reduce
      Map Operator Tree:
          TableScan
            alias: f
            Statistics: Num rows: 500 Data size: 5312 Basic stats: COMPLETE Column stats: NONE
            Filter Operator
              predicate: key is not null (type: boolean)
              Statistics: Num rows: 500 Data size: 5312 Basic stats: COMPLETE Column stats: NONE
              Reduce Output Operator
                key expressions: key (type: string)
                sort order: +
                Map-reduce partition columns: key (type: string)
                Statistics: Num rows: 500 Data size: 5312 Basic stats: COMPLETE Column stats: NONE
                value expressions: value (type: string)
          TableScan
            alias: m
            Statistics: Num rows: 500 Data size: 5312 Basic stats: COMPLETE Column stats: NONE
            Filter Operator
              predicate: (value is not null and (value <> '') and key is not null) (type: boolean)
              Statistics: Num rows: 500 Data size: 5312 Basic stats: COMPLETE Column stats: NONE
              Reduce Output Operator
                key expressions: key (type: string)
                sort order: +
                Map-reduce partition columns: key (type: string)
                Statistics: Num rows: 500 Data size: 5312 Basic stats: COMPLETE Column stats: NONE
                value expressions: value (type: string)
      Reduce Operator Tree:
        Join Operator
          condition map:
               Inner Join 0 to 1
          keys:
            0 key (type: string)
            1 key (type: string)
          outputColumnNames: _col0, _col1, _col6
          Statistics: Num rows: 550 Data size: 5843 Basic stats: COMPLETE Column stats: NONE
          Filter Operator
            predicate: (((_col1) IN ('2008-04-08', '2008-04-10') and (_col1) IN ('2008-04-08', '2008-04-09') and (_col6 = '2008-04-10')) or (_col6 = '2008-04-08')) (type: boolean)
            Statistics: Num rows: 344 Data size: 3654 Basic stats: COMPLETE Column stats: NONE
            Select Operator
              expressions: _col0 (type: string), _col1 (type: string), _col6 (type: string)
              outputColumnNames: _col0, _col1, _col2
              Statistics: Num rows: 344 Data size: 3654 Basic stats: COMPLETE Column stats: NONE
              File Output Operator
                compressed: false
                Statistics: Num rows: 344 Data size: 3654 Basic stats: COMPLETE Column stats: NONE
                table:
                    input format: org.apache.hadoop.mapred.SequenceFileInputFormat
                    output format: org.apache.hadoop.hive.ql.io.HiveSequenceFileOutputFormat
                    serde: org.apache.hadoop.hive.serde2.lazy.LazySimpleSerDe

  Stage: Stage-0
    Fetch Operator
      limit: -1
      Processor Tree:
        ListSink

