PREHOOK: query: explain
select   
     i_item_id
    ,i_item_desc
    ,s_store_id
    ,s_store_name
    ,sum(ss_quantity)        as store_sales_quantity
    ,sum(sr_return_quantity) as store_returns_quantity
    ,sum(cs_quantity)        as catalog_sales_quantity
 from
    store_sales
   ,store_returns
   ,catalog_sales
   ,date_dim             d1
   ,date_dim             d2
   ,date_dim             d3
   ,store
   ,item
 where
     d1.d_moy               = 4 
 and d1.d_year              = 1999
 and d1.d_date_sk           = ss_sold_date_sk
 and i_item_sk              = ss_item_sk
 and s_store_sk             = ss_store_sk
 and ss_customer_sk         = sr_customer_sk
 and ss_item_sk             = sr_item_sk
 and ss_ticket_number       = sr_ticket_number
 and sr_returned_date_sk    = d2.d_date_sk
 and d2.d_moy               between 4 and  4 + 3 
 and d2.d_year              = 1999
 and sr_customer_sk         = cs_bill_customer_sk
 and sr_item_sk             = cs_item_sk
 and cs_sold_date_sk        = d3.d_date_sk     
 and d3.d_year              in (1999,1999+1,1999+2)
 group by
    i_item_id
   ,i_item_desc
   ,s_store_id
   ,s_store_name
 order by
    i_item_id 
   ,i_item_desc
   ,s_store_id
   ,s_store_name
 limit 100
PREHOOK: type: QUERY
PREHOOK: Input: default@catalog_sales
PREHOOK: Input: default@date_dim
PREHOOK: Input: default@item
PREHOOK: Input: default@store
PREHOOK: Input: default@store_returns
PREHOOK: Input: default@store_sales
#### A masked pattern was here ####
POSTHOOK: query: explain
select   
     i_item_id
    ,i_item_desc
    ,s_store_id
    ,s_store_name
    ,sum(ss_quantity)        as store_sales_quantity
    ,sum(sr_return_quantity) as store_returns_quantity
    ,sum(cs_quantity)        as catalog_sales_quantity
 from
    store_sales
   ,store_returns
   ,catalog_sales
   ,date_dim             d1
   ,date_dim             d2
   ,date_dim             d3
   ,store
   ,item
 where
     d1.d_moy               = 4 
 and d1.d_year              = 1999
 and d1.d_date_sk           = ss_sold_date_sk
 and i_item_sk              = ss_item_sk
 and s_store_sk             = ss_store_sk
 and ss_customer_sk         = sr_customer_sk
 and ss_item_sk             = sr_item_sk
 and ss_ticket_number       = sr_ticket_number
 and sr_returned_date_sk    = d2.d_date_sk
 and d2.d_moy               between 4 and  4 + 3 
 and d2.d_year              = 1999
 and sr_customer_sk         = cs_bill_customer_sk
 and sr_item_sk             = cs_item_sk
 and cs_sold_date_sk        = d3.d_date_sk     
 and d3.d_year              in (1999,1999+1,1999+2)
 group by
    i_item_id
   ,i_item_desc
   ,s_store_id
   ,s_store_name
 order by
    i_item_id 
   ,i_item_desc
   ,s_store_id
   ,s_store_name
 limit 100
POSTHOOK: type: QUERY
POSTHOOK: Input: default@catalog_sales
POSTHOOK: Input: default@date_dim
POSTHOOK: Input: default@item
POSTHOOK: Input: default@store
POSTHOOK: Input: default@store_returns
POSTHOOK: Input: default@store_sales
#### A masked pattern was here ####
STAGE DEPENDENCIES:
  Stage-2 is a root stage
  Stage-1 depends on stages: Stage-2
  Stage-0 depends on stages: Stage-1

STAGE PLANS:
  Stage: Stage-2
    Spark
#### A masked pattern was here ####
      Vertices:
        Map 15 
            Map Operator Tree:
                TableScan
                  alias: store
                  Statistics: Num rows: 1704 Data size: 3256276 Basic stats: COMPLETE Column stats: NONE
                  Filter Operator
                    predicate: s_store_sk is not null (type: boolean)
                    Statistics: Num rows: 1704 Data size: 3256276 Basic stats: COMPLETE Column stats: NONE
                    Spark HashTable Sink Operator
                      keys:
                        0 _col7 (type: int)
                        1 s_store_sk (type: int)
            Local Work:
              Map Reduce Local Work

  Stage: Stage-1
    Spark
      Edges:
        Reducer 2 <- Map 1 (PARTITION-LEVEL SORT, 432), Map 10 (PARTITION-LEVEL SORT, 432)
        Reducer 3 <- Map 11 (PARTITION-LEVEL SORT, 742), Reducer 2 (PARTITION-LEVEL SORT, 742)
        Reducer 4 <- Map 12 (PARTITION-LEVEL SORT, 481), Reducer 3 (PARTITION-LEVEL SORT, 481)
        Reducer 5 <- Map 13 (PARTITION-LEVEL SORT, 529), Reducer 4 (PARTITION-LEVEL SORT, 529)
        Reducer 6 <- Map 14 (PARTITION-LEVEL SORT, 582), Reducer 5 (PARTITION-LEVEL SORT, 582)
        Reducer 7 <- Map 16 (PARTITION-LEVEL SORT, 709), Reducer 6 (PARTITION-LEVEL SORT, 709)
        Reducer 8 <- Reducer 7 (GROUP, 1)
        Reducer 9 <- Reducer 8 (SORT, 1)
#### A masked pattern was here ####
      Vertices:
        Map 1 
            Map Operator Tree:
                TableScan
                  alias: store_sales
                  Statistics: Num rows: 575995635 Data size: 50814502088 Basic stats: COMPLETE Column stats: NONE
                  Filter Operator
                    predicate: (ss_customer_sk is not null and ss_item_sk is not null and ss_ticket_number is not null and ss_sold_date_sk is not null and ss_store_sk is not null) (type: boolean)
                    Statistics: Num rows: 575995635 Data size: 50814502088 Basic stats: COMPLETE Column stats: NONE
                    Reduce Output Operator
                      key expressions: ss_customer_sk (type: int), ss_item_sk (type: int), ss_ticket_number (type: int)
                      sort order: +++
                      Map-reduce partition columns: ss_customer_sk (type: int), ss_item_sk (type: int), ss_ticket_number (type: int)
                      Statistics: Num rows: 575995635 Data size: 50814502088 Basic stats: COMPLETE Column stats: NONE
                      value expressions: ss_sold_date_sk (type: int), ss_store_sk (type: int), ss_quantity (type: int)
        Map 10 
            Map Operator Tree:
                TableScan
                  alias: store_returns
                  Statistics: Num rows: 57591150 Data size: 4462194832 Basic stats: COMPLETE Column stats: NONE
                  Filter Operator
                    predicate: (sr_customer_sk is not null and sr_item_sk is not null and sr_ticket_number is not null and sr_returned_date_sk is not null) (type: boolean)
                    Statistics: Num rows: 57591150 Data size: 4462194832 Basic stats: COMPLETE Column stats: NONE
                    Reduce Output Operator
                      key expressions: sr_customer_sk (type: int), sr_item_sk (type: int), sr_ticket_number (type: int)
                      sort order: +++
                      Map-reduce partition columns: sr_customer_sk (type: int), sr_item_sk (type: int), sr_ticket_number (type: int)
                      Statistics: Num rows: 57591150 Data size: 4462194832 Basic stats: COMPLETE Column stats: NONE
                      value expressions: sr_returned_date_sk (type: int), sr_return_quantity (type: int)
        Map 11 
            Map Operator Tree:
                TableScan
                  alias: catalog_sales
                  Statistics: Num rows: 287989836 Data size: 38999608952 Basic stats: COMPLETE Column stats: NONE
                  Filter Operator
                    predicate: (cs_bill_customer_sk is not null and cs_item_sk is not null and cs_sold_date_sk is not null) (type: boolean)
                    Statistics: Num rows: 287989836 Data size: 38999608952 Basic stats: COMPLETE Column stats: NONE
                    Reduce Output Operator
                      key expressions: cs_bill_customer_sk (type: int), cs_item_sk (type: int)
                      sort order: ++
                      Map-reduce partition columns: cs_bill_customer_sk (type: int), cs_item_sk (type: int)
                      Statistics: Num rows: 287989836 Data size: 38999608952 Basic stats: COMPLETE Column stats: NONE
                      value expressions: cs_sold_date_sk (type: int), cs_quantity (type: int)
        Map 12 
            Map Operator Tree:
                TableScan
                  alias: d1
                  Statistics: Num rows: 73049 Data size: 81741831 Basic stats: COMPLETE Column stats: NONE
                  Filter Operator
                    predicate: (d_date_sk is not null and (d_moy = 4) and (d_year = 1999)) (type: boolean)
                    Statistics: Num rows: 18262 Data size: 20435178 Basic stats: COMPLETE Column stats: NONE
                    Reduce Output Operator
                      key expressions: d_date_sk (type: int)
                      sort order: +
                      Map-reduce partition columns: d_date_sk (type: int)
                      Statistics: Num rows: 18262 Data size: 20435178 Basic stats: COMPLETE Column stats: NONE
        Map 13 
            Map Operator Tree:
                TableScan
                  alias: d2
                  Statistics: Num rows: 73049 Data size: 81741831 Basic stats: COMPLETE Column stats: NONE
                  Filter Operator
                    predicate: (d_date_sk is not null and d_moy BETWEEN 4 AND 7 and (d_year = 1999)) (type: boolean)
                    Statistics: Num rows: 18262 Data size: 20435178 Basic stats: COMPLETE Column stats: NONE
                    Reduce Output Operator
                      key expressions: d_date_sk (type: int)
                      sort order: +
                      Map-reduce partition columns: d_date_sk (type: int)
                      Statistics: Num rows: 18262 Data size: 20435178 Basic stats: COMPLETE Column stats: NONE
        Map 14 
            Map Operator Tree:
                TableScan
                  alias: d3
                  Statistics: Num rows: 73049 Data size: 81741831 Basic stats: COMPLETE Column stats: NONE
                  Filter Operator
                    predicate: (d_date_sk is not null and (d_year) IN (1999, 2000, 2001)) (type: boolean)
                    Statistics: Num rows: 36525 Data size: 40871475 Basic stats: COMPLETE Column stats: NONE
                    Reduce Output Operator
                      key expressions: d_date_sk (type: int)
                      sort order: +
                      Map-reduce partition columns: d_date_sk (type: int)
                      Statistics: Num rows: 36525 Data size: 40871475 Basic stats: COMPLETE Column stats: NONE
        Map 16 
            Map Operator Tree:
                TableScan
                  alias: item
                  Statistics: Num rows: 462000 Data size: 663560457 Basic stats: COMPLETE Column stats: NONE
                  Filter Operator
                    predicate: i_item_sk is not null (type: boolean)
                    Statistics: Num rows: 462000 Data size: 663560457 Basic stats: COMPLETE Column stats: NONE
                    Reduce Output Operator
                      key expressions: i_item_sk (type: int)
                      sort order: +
                      Map-reduce partition columns: i_item_sk (type: int)
                      Statistics: Num rows: 462000 Data size: 663560457 Basic stats: COMPLETE Column stats: NONE
                      value expressions: i_item_id (type: string), i_item_desc (type: string)
        Reducer 2 
            Reduce Operator Tree:
              Join Operator
                condition map:
                     Inner Join 0 to 1
                keys:
                  0 ss_customer_sk (type: int), ss_item_sk (type: int), ss_ticket_number (type: int)
                  1 sr_customer_sk (type: int), sr_item_sk (type: int), sr_ticket_number (type: int)
                outputColumnNames: _col0, _col2, _col3, _col7, _col9, _col10, _col26, _col28, _col29, _col35, _col36
                Statistics: Num rows: 633595212 Data size: 55895953508 Basic stats: COMPLETE Column stats: NONE
                Reduce Output Operator
                  key expressions: _col29 (type: int), _col28 (type: int)
                  sort order: ++
                  Map-reduce partition columns: _col29 (type: int), _col28 (type: int)
                  Statistics: Num rows: 633595212 Data size: 55895953508 Basic stats: COMPLETE Column stats: NONE
                  value expressions: _col0 (type: int), _col2 (type: int), _col3 (type: int), _col7 (type: int), _col9 (type: int), _col10 (type: int), _col26 (type: int), _col35 (type: int), _col36 (type: int)
        Reducer 3 
            Reduce Operator Tree:
              Join Operator
                condition map:
                     Inner Join 0 to 1
                keys:
                  0 _col29 (type: int), _col28 (type: int)
                  1 cs_bill_customer_sk (type: int), cs_item_sk (type: int)
                outputColumnNames: _col0, _col2, _col3, _col7, _col9, _col10, _col26, _col28, _col29, _col35, _col36, _col49, _col52, _col64, _col67
                Statistics: Num rows: 696954748 Data size: 61485550191 Basic stats: COMPLETE Column stats: NONE
                Reduce Output Operator
                  key expressions: _col0 (type: int)
                  sort order: +
                  Map-reduce partition columns: _col0 (type: int)
                  Statistics: Num rows: 696954748 Data size: 61485550191 Basic stats: COMPLETE Column stats: NONE
                  value expressions: _col2 (type: int), _col3 (type: int), _col7 (type: int), _col9 (type: int), _col10 (type: int), _col26 (type: int), _col28 (type: int), _col29 (type: int), _col35 (type: int), _col36 (type: int), _col49 (type: int), _col52 (type: int), _col64 (type: int), _col67 (type: int)
        Reducer 4 
            Reduce Operator Tree:
              Join Operator
                condition map:
                     Inner Join 0 to 1
                keys:
                  0 _col0 (type: int)
                  1 d_date_sk (type: int)
                outputColumnNames: _col0, _col2, _col3, _col7, _col9, _col10, _col26, _col28, _col29, _col35, _col36, _col49, _col52, _col64, _col67, _col86
                Statistics: Num rows: 766650239 Data size: 67634106676 Basic stats: COMPLETE Column stats: NONE
                Reduce Output Operator
                  key expressions: _col26 (type: int)
                  sort order: +
                  Map-reduce partition columns: _col26 (type: int)
                  Statistics: Num rows: 766650239 Data size: 67634106676 Basic stats: COMPLETE Column stats: NONE
                  value expressions: _col0 (type: int), _col2 (type: int), _col3 (type: int), _col7 (type: int), _col9 (type: int), _col10 (type: int), _col28 (type: int), _col29 (type: int), _col35 (type: int), _col36 (type: int), _col49 (type: int), _col52 (type: int), _col64 (type: int), _col67 (type: int), _col86 (type: int)
        Reducer 5 
            Reduce Operator Tree:
              Join Operator
                condition map:
                     Inner Join 0 to 1
                keys:
                  0 _col26 (type: int)
                  1 d_date_sk (type: int)
                outputColumnNames: _col0, _col2, _col3, _col7, _col9, _col10, _col26, _col28, _col29, _col35, _col36, _col49, _col52, _col64, _col67, _col86, _col117
                Statistics: Num rows: 843315281 Data size: 74397518956 Basic stats: COMPLETE Column stats: NONE
                Reduce Output Operator
                  key expressions: _col49 (type: int)
                  sort order: +
                  Map-reduce partition columns: _col49 (type: int)
                  Statistics: Num rows: 843315281 Data size: 74397518956 Basic stats: COMPLETE Column stats: NONE
                  value expressions: _col0 (type: int), _col2 (type: int), _col3 (type: int), _col7 (type: int), _col9 (type: int), _col10 (type: int), _col26 (type: int), _col28 (type: int), _col29 (type: int), _col35 (type: int), _col36 (type: int), _col52 (type: int), _col64 (type: int), _col67 (type: int), _col86 (type: int), _col117 (type: int)
        Reducer 6 
            Local Work:
              Map Reduce Local Work
            Reduce Operator Tree:
              Join Operator
                condition map:
                     Inner Join 0 to 1
                keys:
                  0 _col49 (type: int)
                  1 d_date_sk (type: int)
                outputColumnNames: _col0, _col2, _col3, _col7, _col9, _col10, _col26, _col28, _col29, _col35, _col36, _col49, _col52, _col64, _col67, _col86, _col117, _col148
                Statistics: Num rows: 927646829 Data size: 81837272625 Basic stats: COMPLETE Column stats: NONE
                Map Join Operator
                  condition map:
                       Inner Join 0 to 1
                  keys:
                    0 _col7 (type: int)
                    1 s_store_sk (type: int)
                  outputColumnNames: _col0, _col2, _col3, _col7, _col9, _col10, _col26, _col28, _col29, _col35, _col36, _col49, _col52, _col64, _col67, _col86, _col117, _col148, _col179, _col180, _col184
                  input vertices:
                    1 Map 15
                  Statistics: Num rows: 1020411534 Data size: 90021001838 Basic stats: COMPLETE Column stats: NONE
                  Reduce Output Operator
                    key expressions: _col2 (type: int)
                    sort order: +
                    Map-reduce partition columns: _col2 (type: int)
                    Statistics: Num rows: 1020411534 Data size: 90021001838 Basic stats: COMPLETE Column stats: NONE
                    value expressions: _col0 (type: int), _col3 (type: int), _col7 (type: int), _col9 (type: int), _col10 (type: int), _col26 (type: int), _col28 (type: int), _col29 (type: int), _col35 (type: int), _col36 (type: int), _col49 (type: int), _col52 (type: int), _col64 (type: int), _col67 (type: int), _col86 (type: int), _col117 (type: int), _col148 (type: int), _col179 (type: int), _col180 (type: string), _col184 (type: string)
        Reducer 7 
            Reduce Operator Tree:
              Join Operator
                condition map:
                     Inner Join 0 to 1
                keys:
                  0 _col2 (type: int)
                  1 i_item_sk (type: int)
                outputColumnNames: _col0, _col2, _col3, _col7, _col9, _col10, _col26, _col28, _col29, _col35, _col36, _col49, _col52, _col64, _col67, _col86, _col117, _col148, _col179, _col180, _col184, _col211, _col212, _col215
                Statistics: Num rows: 1122452711 Data size: 99023104168 Basic stats: COMPLETE Column stats: NONE
                Filter Operator
                  predicate: ((_col211 = _col2) and (_col26 = _col117) and (_col29 = _col52) and (_col28 = _col64) and (_col3 = _col29) and (_col2 = _col28) and (_col9 = _col35) and (_col49 = _col148) and (_col179 = _col7) and (_col86 = _col0)) (type: boolean)
                  Statistics: Num rows: 1096145 Data size: 96702230 Basic stats: COMPLETE Column stats: NONE
                  Select Operator
                    expressions: _col10 (type: int), _col36 (type: int), _col67 (type: int), _col180 (type: string), _col184 (type: string), _col212 (type: string), _col215 (type: string)
                    outputColumnNames: _col10, _col36, _col67, _col180, _col184, _col212, _col215
                    Statistics: Num rows: 1096145 Data size: 96702230 Basic stats: COMPLETE Column stats: NONE
                    Group By Operator
                      aggregations: sum(_col10), sum(_col36), sum(_col67)
                      keys: _col212 (type: string), _col215 (type: string), _col180 (type: string), _col184 (type: string)
                      mode: hash
                      outputColumnNames: _col0, _col1, _col2, _col3, _col4, _col5, _col6
                      Statistics: Num rows: 1096145 Data size: 96702230 Basic stats: COMPLETE Column stats: NONE
                      Reduce Output Operator
                        key expressions: _col0 (type: string), _col1 (type: string), _col2 (type: string), _col3 (type: string)
                        sort order: ++++
                        Map-reduce partition columns: _col0 (type: string), _col1 (type: string), _col2 (type: string), _col3 (type: string)
                        Statistics: Num rows: 1096145 Data size: 96702230 Basic stats: COMPLETE Column stats: NONE
                        TopN Hash Memory Usage: 0.1
                        value expressions: _col4 (type: bigint), _col5 (type: bigint), _col6 (type: bigint)
        Reducer 8 
            Reduce Operator Tree:
              Group By Operator
                aggregations: sum(VALUE._col0), sum(VALUE._col1), sum(VALUE._col2)
                keys: KEY._col0 (type: string), KEY._col1 (type: string), KEY._col2 (type: string), KEY._col3 (type: string)
                mode: mergepartial
                outputColumnNames: _col0, _col1, _col2, _col3, _col4, _col5, _col6
                Statistics: Num rows: 548072 Data size: 48351070 Basic stats: COMPLETE Column stats: NONE
                Reduce Output Operator
                  key expressions: _col0 (type: string), _col1 (type: string), _col2 (type: string), _col3 (type: string)
                  sort order: ++++
                  Statistics: Num rows: 548072 Data size: 48351070 Basic stats: COMPLETE Column stats: NONE
                  TopN Hash Memory Usage: 0.1
                  value expressions: _col4 (type: bigint), _col5 (type: bigint), _col6 (type: bigint)
        Reducer 9 
            Reduce Operator Tree:
              Select Operator
                expressions: KEY.reducesinkkey0 (type: string), KEY.reducesinkkey1 (type: string), KEY.reducesinkkey2 (type: string), KEY.reducesinkkey3 (type: string), VALUE._col0 (type: bigint), VALUE._col1 (type: bigint), VALUE._col2 (type: bigint)
                outputColumnNames: _col0, _col1, _col2, _col3, _col4, _col5, _col6
                Statistics: Num rows: 548072 Data size: 48351070 Basic stats: COMPLETE Column stats: NONE
                Limit
                  Number of rows: 100
                  Statistics: Num rows: 100 Data size: 8800 Basic stats: COMPLETE Column stats: NONE
                  File Output Operator
                    compressed: false
                    Statistics: Num rows: 100 Data size: 8800 Basic stats: COMPLETE Column stats: NONE
                    table:
                        input format: org.apache.hadoop.mapred.SequenceFileInputFormat
                        output format: org.apache.hadoop.hive.ql.io.HiveSequenceFileOutputFormat
                        serde: org.apache.hadoop.hive.serde2.lazy.LazySimpleSerDe

  Stage: Stage-0
    Fetch Operator
      limit: 100
      Processor Tree:
        ListSink

