Warning: Shuffle Join JOIN[51][tables = [store_sales, store_returns, cs_ui, item, d1, d2, d3]] in Work 'Reducer 6' is a cross product
Warning: Shuffle Join JOIN[164][tables = [store_sales, store_returns, cs_ui, item, d1, d2, d3]] in Work 'Reducer 37' is a cross product
PREHOOK: query: explain
with cs_ui as
 (select cs_item_sk
        ,sum(cs_ext_list_price) as sale,sum(cr_refunded_cash+cr_reversed_charge+cr_store_credit) as refund
  from catalog_sales
      ,catalog_returns
  where cs_item_sk = cr_item_sk
    and cs_order_number = cr_order_number
  group by cs_item_sk
  having sum(cs_ext_list_price)>2*sum(cr_refunded_cash+cr_reversed_charge+cr_store_credit)),
cross_sales as
 (select i_product_name product_name
     ,i_item_sk item_sk
     ,s_store_name store_name
     ,s_zip store_zip
     ,ad1.ca_street_number b_street_number
     ,ad1.ca_street_name b_streen_name
     ,ad1.ca_city b_city
     ,ad1.ca_zip b_zip
     ,ad2.ca_street_number c_street_number
     ,ad2.ca_street_name c_street_name
     ,ad2.ca_city c_city
     ,ad2.ca_zip c_zip
     ,d1.d_year as syear
     ,d2.d_year as fsyear
     ,d3.d_year s2year
     ,count(*) cnt
     ,sum(ss_wholesale_cost) s1
     ,sum(ss_list_price) s2
     ,sum(ss_coupon_amt) s3
  FROM   store_sales
        ,store_returns
        ,cs_ui
        ,date_dim d1
        ,date_dim d2
        ,date_dim d3
        ,store
        ,customer
        ,customer_demographics cd1
        ,customer_demographics cd2
        ,promotion
        ,household_demographics hd1
        ,household_demographics hd2
        ,customer_address ad1
        ,customer_address ad2
        ,income_band ib1
        ,income_band ib2
        ,item
  WHERE  ss_store_sk = s_store_sk AND
         ss_sold_date_sk = d1.d_date_sk AND
         ss_customer_sk = c_customer_sk AND
         ss_cdemo_sk= cd1.cd_demo_sk AND
         ss_hdemo_sk = hd1.hd_demo_sk AND
         ss_addr_sk = ad1.ca_address_sk and
         ss_item_sk = i_item_sk and
         ss_item_sk = sr_item_sk and
         ss_ticket_number = sr_ticket_number and
         ss_item_sk = cs_ui.cs_item_sk and
         c_current_cdemo_sk = cd2.cd_demo_sk AND
         c_current_hdemo_sk = hd2.hd_demo_sk AND
         c_current_addr_sk = ad2.ca_address_sk and
         c_first_sales_date_sk = d2.d_date_sk and
         c_first_shipto_date_sk = d3.d_date_sk and
         ss_promo_sk = p_promo_sk and
         hd1.hd_income_band_sk = ib1.ib_income_band_sk and
         hd2.hd_income_band_sk = ib2.ib_income_band_sk and
         cd1.cd_marital_status <> cd2.cd_marital_status and
         i_color in ('maroon','burnished','dim','steel','navajo','chocolate') and
         i_current_price between 35 and 35 + 10 and
         i_current_price between 35 + 1 and 35 + 15
group by i_product_name
       ,i_item_sk
       ,s_store_name
       ,s_zip
       ,ad1.ca_street_number
       ,ad1.ca_street_name
       ,ad1.ca_city
       ,ad1.ca_zip
       ,ad2.ca_street_number
       ,ad2.ca_street_name
       ,ad2.ca_city
       ,ad2.ca_zip
       ,d1.d_year
       ,d2.d_year
       ,d3.d_year
)
select cs1.product_name
     ,cs1.store_name
     ,cs1.store_zip
     ,cs1.b_street_number
     ,cs1.b_streen_name
     ,cs1.b_city
     ,cs1.b_zip
     ,cs1.c_street_number
     ,cs1.c_street_name
     ,cs1.c_city
     ,cs1.c_zip
     ,cs1.syear
     ,cs1.cnt
     ,cs1.s1
     ,cs1.s2
     ,cs1.s3
     ,cs2.s1
     ,cs2.s2
     ,cs2.s3
     ,cs2.syear
     ,cs2.cnt
from cross_sales cs1,cross_sales cs2
where cs1.item_sk=cs2.item_sk and
     cs1.syear = 2000 and
     cs2.syear = 2000 + 1 and
     cs2.cnt <= cs1.cnt and
     cs1.store_name = cs2.store_name and
     cs1.store_zip = cs2.store_zip
order by cs1.product_name
       ,cs1.store_name
       ,cs2.cnt
PREHOOK: type: QUERY
PREHOOK: Input: default@catalog_returns
PREHOOK: Input: default@catalog_sales
PREHOOK: Input: default@customer
PREHOOK: Input: default@customer_address
PREHOOK: Input: default@customer_demographics
PREHOOK: Input: default@date_dim
PREHOOK: Input: default@household_demographics
PREHOOK: Input: default@income_band
PREHOOK: Input: default@item
PREHOOK: Input: default@promotion
PREHOOK: Input: default@store
PREHOOK: Input: default@store_returns
PREHOOK: Input: default@store_sales
#### A masked pattern was here ####
POSTHOOK: query: explain
with cs_ui as
 (select cs_item_sk
        ,sum(cs_ext_list_price) as sale,sum(cr_refunded_cash+cr_reversed_charge+cr_store_credit) as refund
  from catalog_sales
      ,catalog_returns
  where cs_item_sk = cr_item_sk
    and cs_order_number = cr_order_number
  group by cs_item_sk
  having sum(cs_ext_list_price)>2*sum(cr_refunded_cash+cr_reversed_charge+cr_store_credit)),
cross_sales as
 (select i_product_name product_name
     ,i_item_sk item_sk
     ,s_store_name store_name
     ,s_zip store_zip
     ,ad1.ca_street_number b_street_number
     ,ad1.ca_street_name b_streen_name
     ,ad1.ca_city b_city
     ,ad1.ca_zip b_zip
     ,ad2.ca_street_number c_street_number
     ,ad2.ca_street_name c_street_name
     ,ad2.ca_city c_city
     ,ad2.ca_zip c_zip
     ,d1.d_year as syear
     ,d2.d_year as fsyear
     ,d3.d_year s2year
     ,count(*) cnt
     ,sum(ss_wholesale_cost) s1
     ,sum(ss_list_price) s2
     ,sum(ss_coupon_amt) s3
  FROM   store_sales
        ,store_returns
        ,cs_ui
        ,date_dim d1
        ,date_dim d2
        ,date_dim d3
        ,store
        ,customer
        ,customer_demographics cd1
        ,customer_demographics cd2
        ,promotion
        ,household_demographics hd1
        ,household_demographics hd2
        ,customer_address ad1
        ,customer_address ad2
        ,income_band ib1
        ,income_band ib2
        ,item
  WHERE  ss_store_sk = s_store_sk AND
         ss_sold_date_sk = d1.d_date_sk AND
         ss_customer_sk = c_customer_sk AND
         ss_cdemo_sk= cd1.cd_demo_sk AND
         ss_hdemo_sk = hd1.hd_demo_sk AND
         ss_addr_sk = ad1.ca_address_sk and
         ss_item_sk = i_item_sk and
         ss_item_sk = sr_item_sk and
         ss_ticket_number = sr_ticket_number and
         ss_item_sk = cs_ui.cs_item_sk and
         c_current_cdemo_sk = cd2.cd_demo_sk AND
         c_current_hdemo_sk = hd2.hd_demo_sk AND
         c_current_addr_sk = ad2.ca_address_sk and
         c_first_sales_date_sk = d2.d_date_sk and
         c_first_shipto_date_sk = d3.d_date_sk and
         ss_promo_sk = p_promo_sk and
         hd1.hd_income_band_sk = ib1.ib_income_band_sk and
         hd2.hd_income_band_sk = ib2.ib_income_band_sk and
         cd1.cd_marital_status <> cd2.cd_marital_status and
         i_color in ('maroon','burnished','dim','steel','navajo','chocolate') and
         i_current_price between 35 and 35 + 10 and
         i_current_price between 35 + 1 and 35 + 15
group by i_product_name
       ,i_item_sk
       ,s_store_name
       ,s_zip
       ,ad1.ca_street_number
       ,ad1.ca_street_name
       ,ad1.ca_city
       ,ad1.ca_zip
       ,ad2.ca_street_number
       ,ad2.ca_street_name
       ,ad2.ca_city
       ,ad2.ca_zip
       ,d1.d_year
       ,d2.d_year
       ,d3.d_year
)
select cs1.product_name
     ,cs1.store_name
     ,cs1.store_zip
     ,cs1.b_street_number
     ,cs1.b_streen_name
     ,cs1.b_city
     ,cs1.b_zip
     ,cs1.c_street_number
     ,cs1.c_street_name
     ,cs1.c_city
     ,cs1.c_zip
     ,cs1.syear
     ,cs1.cnt
     ,cs1.s1
     ,cs1.s2
     ,cs1.s3
     ,cs2.s1
     ,cs2.s2
     ,cs2.s3
     ,cs2.syear
     ,cs2.cnt
from cross_sales cs1,cross_sales cs2
where cs1.item_sk=cs2.item_sk and
     cs1.syear = 2000 and
     cs2.syear = 2000 + 1 and
     cs2.cnt <= cs1.cnt and
     cs1.store_name = cs2.store_name and
     cs1.store_zip = cs2.store_zip
order by cs1.product_name
       ,cs1.store_name
       ,cs2.cnt
POSTHOOK: type: QUERY
POSTHOOK: Input: default@catalog_returns
POSTHOOK: Input: default@catalog_sales
POSTHOOK: Input: default@customer
POSTHOOK: Input: default@customer_address
POSTHOOK: Input: default@customer_demographics
POSTHOOK: Input: default@date_dim
POSTHOOK: Input: default@household_demographics
POSTHOOK: Input: default@income_band
POSTHOOK: Input: default@item
POSTHOOK: Input: default@promotion
POSTHOOK: Input: default@store
POSTHOOK: Input: default@store_returns
POSTHOOK: Input: default@store_sales
#### A masked pattern was here ####
STAGE DEPENDENCIES:
  Stage-2 is a root stage
  Stage-3 depends on stages: Stage-2
  Stage-4 depends on stages: Stage-3
  Stage-5 depends on stages: Stage-4
  Stage-6 depends on stages: Stage-5
  Stage-7 depends on stages: Stage-6
  Stage-1 depends on stages: Stage-7
  Stage-0 depends on stages: Stage-1

STAGE PLANS:
  Stage: Stage-2
    Spark
#### A masked pattern was here ####
      Vertices:
        Map 29 
            Map Operator Tree:
                TableScan
                  alias: ib1
                  Statistics: Num rows: 20 Data size: 240 Basic stats: COMPLETE Column stats: NONE
                  Filter Operator
                    predicate: ib_income_band_sk is not null (type: boolean)
                    Statistics: Num rows: 20 Data size: 240 Basic stats: COMPLETE Column stats: NONE
                    Spark HashTable Sink Operator
                      keys:
                        0 _col270 (type: int)
                        1 ib_income_band_sk (type: int)
            Local Work:
              Map Reduce Local Work
        Map 30 
            Map Operator Tree:
                TableScan
                  alias: ib2
                  Statistics: Num rows: 20 Data size: 240 Basic stats: COMPLETE Column stats: NONE
                  Filter Operator
                    predicate: ib_income_band_sk is not null (type: boolean)
                    Statistics: Num rows: 20 Data size: 240 Basic stats: COMPLETE Column stats: NONE
                    Spark HashTable Sink Operator
                      keys:
                        0 _col278 (type: int)
                        1 ib_income_band_sk (type: int)
            Local Work:
              Map Reduce Local Work

  Stage: Stage-3
    Spark
#### A masked pattern was here ####
      Vertices:
        Map 22 
            Map Operator Tree:
                TableScan
                  alias: cd1
                  Statistics: Num rows: 3106 Data size: 323062 Basic stats: COMPLETE Column stats: NONE
                  Filter Operator
                    predicate: cd_demo_sk is not null (type: boolean)
                    Statistics: Num rows: 3106 Data size: 323062 Basic stats: COMPLETE Column stats: NONE
                    Spark HashTable Sink Operator
                      keys:
                        0 _col4 (type: int)
                        1 cd_demo_sk (type: int)
            Local Work:
              Map Reduce Local Work
        Map 23 
            Map Operator Tree:
                TableScan
                  alias: cd2
                  Statistics: Num rows: 3106 Data size: 323062 Basic stats: COMPLETE Column stats: NONE
                  Filter Operator
                    predicate: cd_demo_sk is not null (type: boolean)
                    Statistics: Num rows: 3106 Data size: 323062 Basic stats: COMPLETE Column stats: NONE
                    Spark HashTable Sink Operator
                      keys:
                        0 _col204 (type: int)
                        1 cd_demo_sk (type: int)
            Local Work:
              Map Reduce Local Work
        Map 24 
            Map Operator Tree:
                TableScan
                  alias: promotion
                  Statistics: Num rows: 2300 Data size: 2713420 Basic stats: COMPLETE Column stats: NONE
                  Filter Operator
                    predicate: p_promo_sk is not null (type: boolean)
                    Statistics: Num rows: 2300 Data size: 2713420 Basic stats: COMPLETE Column stats: NONE
                    Spark HashTable Sink Operator
                      keys:
                        0 _col8 (type: int)
                        1 p_promo_sk (type: int)
            Local Work:
              Map Reduce Local Work
        Map 25 
            Map Operator Tree:
                TableScan
                  alias: hd1
                  Statistics: Num rows: 7200 Data size: 770400 Basic stats: COMPLETE Column stats: NONE
                  Filter Operator
                    predicate: (hd_demo_sk is not null and hd_income_band_sk is not null) (type: boolean)
                    Statistics: Num rows: 7200 Data size: 770400 Basic stats: COMPLETE Column stats: NONE
                    Spark HashTable Sink Operator
                      keys:
                        0 _col5 (type: int)
                        1 hd_demo_sk (type: int)
            Local Work:
              Map Reduce Local Work
        Map 26 
            Map Operator Tree:
                TableScan
                  alias: hd2
                  Statistics: Num rows: 7200 Data size: 770400 Basic stats: COMPLETE Column stats: NONE
                  Filter Operator
                    predicate: (hd_demo_sk is not null and hd_income_band_sk is not null) (type: boolean)
                    Statistics: Num rows: 7200 Data size: 770400 Basic stats: COMPLETE Column stats: NONE
                    Spark HashTable Sink Operator
                      keys:
                        0 _col205 (type: int)
                        1 hd_demo_sk (type: int)
            Local Work:
              Map Reduce Local Work

  Stage: Stage-4
    Spark
#### A masked pattern was here ####
      Vertices:
        Map 20 
            Map Operator Tree:
                TableScan
                  alias: store
                  Statistics: Num rows: 1704 Data size: 3256276 Basic stats: COMPLETE Column stats: NONE
                  Filter Operator
                    predicate: (s_store_sk is not null and s_store_name is not null and s_zip is not null) (type: boolean)
                    Statistics: Num rows: 1704 Data size: 3256276 Basic stats: COMPLETE Column stats: NONE
                    Spark HashTable Sink Operator
                      keys:
                        0 _col7 (type: int)
                        1 s_store_sk (type: int)
            Local Work:
              Map Reduce Local Work

  Stage: Stage-5
    Spark
#### A masked pattern was here ####
      Vertices:
        Map 58 
            Map Operator Tree:
                TableScan
                  alias: ib1
                  Statistics: Num rows: 20 Data size: 240 Basic stats: COMPLETE Column stats: NONE
                  Filter Operator
                    predicate: ib_income_band_sk is not null (type: boolean)
                    Statistics: Num rows: 20 Data size: 240 Basic stats: COMPLETE Column stats: NONE
                    Spark HashTable Sink Operator
                      keys:
                        0 _col270 (type: int)
                        1 ib_income_band_sk (type: int)
            Local Work:
              Map Reduce Local Work
        Map 59 
            Map Operator Tree:
                TableScan
                  alias: ib2
                  Statistics: Num rows: 20 Data size: 240 Basic stats: COMPLETE Column stats: NONE
                  Filter Operator
                    predicate: ib_income_band_sk is not null (type: boolean)
                    Statistics: Num rows: 20 Data size: 240 Basic stats: COMPLETE Column stats: NONE
                    Spark HashTable Sink Operator
                      keys:
                        0 _col278 (type: int)
                        1 ib_income_band_sk (type: int)
            Local Work:
              Map Reduce Local Work

  Stage: Stage-6
    Spark
#### A masked pattern was here ####
      Vertices:
        Map 51 
            Map Operator Tree:
                TableScan
                  alias: cd1
                  Statistics: Num rows: 3106 Data size: 323062 Basic stats: COMPLETE Column stats: NONE
                  Filter Operator
                    predicate: cd_demo_sk is not null (type: boolean)
                    Statistics: Num rows: 3106 Data size: 323062 Basic stats: COMPLETE Column stats: NONE
                    Spark HashTable Sink Operator
                      keys:
                        0 _col4 (type: int)
                        1 cd_demo_sk (type: int)
            Local Work:
              Map Reduce Local Work
        Map 52 
            Map Operator Tree:
                TableScan
                  alias: cd2
                  Statistics: Num rows: 3106 Data size: 323062 Basic stats: COMPLETE Column stats: NONE
                  Filter Operator
                    predicate: cd_demo_sk is not null (type: boolean)
                    Statistics: Num rows: 3106 Data size: 323062 Basic stats: COMPLETE Column stats: NONE
                    Spark HashTable Sink Operator
                      keys:
                        0 _col204 (type: int)
                        1 cd_demo_sk (type: int)
            Local Work:
              Map Reduce Local Work
        Map 53 
            Map Operator Tree:
                TableScan
                  alias: promotion
                  Statistics: Num rows: 2300 Data size: 2713420 Basic stats: COMPLETE Column stats: NONE
                  Filter Operator
                    predicate: p_promo_sk is not null (type: boolean)
                    Statistics: Num rows: 2300 Data size: 2713420 Basic stats: COMPLETE Column stats: NONE
                    Spark HashTable Sink Operator
                      keys:
                        0 _col8 (type: int)
                        1 p_promo_sk (type: int)
            Local Work:
              Map Reduce Local Work
        Map 54 
            Map Operator Tree:
                TableScan
                  alias: hd1
                  Statistics: Num rows: 7200 Data size: 770400 Basic stats: COMPLETE Column stats: NONE
                  Filter Operator
                    predicate: (hd_demo_sk is not null and hd_income_band_sk is not null) (type: boolean)
                    Statistics: Num rows: 7200 Data size: 770400 Basic stats: COMPLETE Column stats: NONE
                    Spark HashTable Sink Operator
                      keys:
                        0 _col5 (type: int)
                        1 hd_demo_sk (type: int)
            Local Work:
              Map Reduce Local Work
        Map 55 
            Map Operator Tree:
                TableScan
                  alias: hd2
                  Statistics: Num rows: 7200 Data size: 770400 Basic stats: COMPLETE Column stats: NONE
                  Filter Operator
                    predicate: (hd_demo_sk is not null and hd_income_band_sk is not null) (type: boolean)
                    Statistics: Num rows: 7200 Data size: 770400 Basic stats: COMPLETE Column stats: NONE
                    Spark HashTable Sink Operator
                      keys:
                        0 _col205 (type: int)
                        1 hd_demo_sk (type: int)
            Local Work:
              Map Reduce Local Work

  Stage: Stage-7
    Spark
#### A masked pattern was here ####
      Vertices:
        Map 49 
            Map Operator Tree:
                TableScan
                  alias: store
                  Statistics: Num rows: 1704 Data size: 3256276 Basic stats: COMPLETE Column stats: NONE
                  Filter Operator
                    predicate: (s_store_sk is not null and s_store_name is not null and s_zip is not null) (type: boolean)
                    Statistics: Num rows: 1704 Data size: 3256276 Basic stats: COMPLETE Column stats: NONE
                    Spark HashTable Sink Operator
                      keys:
                        0 _col7 (type: int)
                        1 s_store_sk (type: int)
            Local Work:
              Map Reduce Local Work

  Stage: Stage-1
    Spark
      Edges:
        Reducer 15 <- Map 14 (PARTITION-LEVEL SORT, 432), Map 16 (PARTITION-LEVEL SORT, 432)
        Reducer 2 <- Map 1 (PARTITION-LEVEL SORT, 329), Map 13 (PARTITION-LEVEL SORT, 329)
        Reducer 33 <- Map 32 (PARTITION-LEVEL SORT, 329), Map 42 (PARTITION-LEVEL SORT, 329)
        Reducer 35 <- Map 60 (PARTITION-LEVEL SORT, 452), Reducer 34 (PARTITION-LEVEL SORT, 452), Reducer 44 (PARTITION-LEVEL SORT, 452)
        Reducer 36 <- Map 46 (PARTITION-LEVEL SORT, 962), Reducer 35 (PARTITION-LEVEL SORT, 962)
        Reducer 37 <- Map 47 (PARTITION-LEVEL SORT, 1), Map 48 (PARTITION-LEVEL SORT, 1), Reducer 36 (PARTITION-LEVEL SORT, 1)
        Reducer 38 <- Map 50 (PARTITION-LEVEL SORT, 1009), Reducer 37 (PARTITION-LEVEL SORT, 1009)
        Reducer 39 <- Map 56 (PARTITION-LEVEL SORT, 1009), Reducer 38 (PARTITION-LEVEL SORT, 1009)
        Reducer 4 <- Map 31 (PARTITION-LEVEL SORT, 452), Reducer 15 (PARTITION-LEVEL SORT, 452), Reducer 3 (PARTITION-LEVEL SORT, 452)
        Reducer 40 <- Map 57 (PARTITION-LEVEL SORT, 1009), Reducer 39 (PARTITION-LEVEL SORT, 1009)
        Reducer 44 <- Map 43 (PARTITION-LEVEL SORT, 432), Map 45 (PARTITION-LEVEL SORT, 432)
        Reducer 5 <- Map 17 (PARTITION-LEVEL SORT, 962), Reducer 4 (PARTITION-LEVEL SORT, 962)
        Reducer 6 <- Map 18 (PARTITION-LEVEL SORT, 1), Map 19 (PARTITION-LEVEL SORT, 1), Reducer 5 (PARTITION-LEVEL SORT, 1)
        Reducer 7 <- Map 21 (PARTITION-LEVEL SORT, 1009), Reducer 6 (PARTITION-LEVEL SORT, 1009)
        Reducer 8 <- Map 27 (PARTITION-LEVEL SORT, 1009), Reducer 7 (PARTITION-LEVEL SORT, 1009)
        Reducer 9 <- Map 28 (PARTITION-LEVEL SORT, 1009), Reducer 8 (PARTITION-LEVEL SORT, 1009)
        Reducer 10 <- Reducer 9 (GROUP, 1009)
        Reducer 3 <- Reducer 2 (GROUP, 84)
        Reducer 34 <- Reducer 33 (GROUP, 84)
        Reducer 41 <- Reducer 40 (GROUP, 1009)
        Reducer 11 <- Reducer 10 (PARTITION-LEVEL SORT, 1009), Reducer 41 (PARTITION-LEVEL SORT, 1009)
        Reducer 12 <- Reducer 11 (SORT, 1)
#### A masked pattern was here ####
      Vertices:
        Map 1 
            Map Operator Tree:
                TableScan
                  alias: catalog_sales
                  Statistics: Num rows: 287989836 Data size: 38999608952 Basic stats: COMPLETE Column stats: NONE
                  Filter Operator
                    predicate: (cs_item_sk is not null and cs_order_number is not null) (type: boolean)
                    Statistics: Num rows: 287989836 Data size: 38999608952 Basic stats: COMPLETE Column stats: NONE
                    Reduce Output Operator
                      key expressions: cs_item_sk (type: int), cs_order_number (type: int)
                      sort order: ++
                      Map-reduce partition columns: cs_item_sk (type: int), cs_order_number (type: int)
                      Statistics: Num rows: 287989836 Data size: 38999608952 Basic stats: COMPLETE Column stats: NONE
                      value expressions: cs_ext_list_price (type: decimal(7,2))
        Map 13 
            Map Operator Tree:
                TableScan
                  alias: catalog_returns
                  Statistics: Num rows: 28798881 Data size: 3057234680 Basic stats: COMPLETE Column stats: NONE
                  Filter Operator
                    predicate: (cr_item_sk is not null and cr_order_number is not null) (type: boolean)
                    Statistics: Num rows: 28798881 Data size: 3057234680 Basic stats: COMPLETE Column stats: NONE
                    Reduce Output Operator
                      key expressions: cr_item_sk (type: int), cr_order_number (type: int)
                      sort order: ++
                      Map-reduce partition columns: cr_item_sk (type: int), cr_order_number (type: int)
                      Statistics: Num rows: 28798881 Data size: 3057234680 Basic stats: COMPLETE Column stats: NONE
                      value expressions: cr_refunded_cash (type: decimal(7,2)), cr_reversed_charge (type: decimal(7,2)), cr_store_credit (type: decimal(7,2))
        Map 14 
            Map Operator Tree:
                TableScan
                  alias: store_sales
                  Statistics: Num rows: 575995635 Data size: 50814502088 Basic stats: COMPLETE Column stats: NONE
                  Filter Operator
                    predicate: (ss_item_sk is not null and ss_ticket_number is not null and ss_sold_date_sk is not null and ss_store_sk is not null and ss_customer_sk is not null and ss_cdemo_sk is not null and ss_promo_sk is not null and ss_hdemo_sk is not null and ss_addr_sk is not null) (type: boolean)
                    Statistics: Num rows: 575995635 Data size: 50814502088 Basic stats: COMPLETE Column stats: NONE
                    Reduce Output Operator
                      key expressions: ss_item_sk (type: int), ss_ticket_number (type: int)
                      sort order: ++
                      Map-reduce partition columns: ss_item_sk (type: int), ss_ticket_number (type: int)
                      Statistics: Num rows: 575995635 Data size: 50814502088 Basic stats: COMPLETE Column stats: NONE
                      value expressions: ss_sold_date_sk (type: int), ss_customer_sk (type: int), ss_cdemo_sk (type: int), ss_hdemo_sk (type: int), ss_addr_sk (type: int), ss_store_sk (type: int), ss_promo_sk (type: int), ss_wholesale_cost (type: decimal(7,2)), ss_list_price (type: decimal(7,2)), ss_coupon_amt (type: decimal(7,2))
        Map 16 
            Map Operator Tree:
                TableScan
                  alias: store_returns
                  Statistics: Num rows: 57591150 Data size: 4462194832 Basic stats: COMPLETE Column stats: NONE
                  Filter Operator
                    predicate: (sr_item_sk is not null and sr_ticket_number is not null) (type: boolean)
                    Statistics: Num rows: 57591150 Data size: 4462194832 Basic stats: COMPLETE Column stats: NONE
                    Reduce Output Operator
                      key expressions: sr_item_sk (type: int), sr_ticket_number (type: int)
                      sort order: ++
                      Map-reduce partition columns: sr_item_sk (type: int), sr_ticket_number (type: int)
                      Statistics: Num rows: 57591150 Data size: 4462194832 Basic stats: COMPLETE Column stats: NONE
        Map 17 
            Map Operator Tree:
                TableScan
                  alias: d1
                  Statistics: Num rows: 73049 Data size: 81741831 Basic stats: COMPLETE Column stats: NONE
                  Filter Operator
                    predicate: (d_date_sk is not null and (d_year = 2000)) (type: boolean)
                    Statistics: Num rows: 36524 Data size: 40870356 Basic stats: COMPLETE Column stats: NONE
                    Reduce Output Operator
                      key expressions: d_date_sk (type: int)
                      sort order: +
                      Map-reduce partition columns: d_date_sk (type: int)
                      Statistics: Num rows: 36524 Data size: 40870356 Basic stats: COMPLETE Column stats: NONE
        Map 18 
            Map Operator Tree:
                TableScan
                  alias: d2
                  Statistics: Num rows: 73049 Data size: 81741831 Basic stats: COMPLETE Column stats: NONE
                  Filter Operator
                    predicate: d_date_sk is not null (type: boolean)
                    Statistics: Num rows: 73049 Data size: 81741831 Basic stats: COMPLETE Column stats: NONE
                    Reduce Output Operator
                      sort order: 
                      Statistics: Num rows: 73049 Data size: 81741831 Basic stats: COMPLETE Column stats: NONE
                      value expressions: d_date_sk (type: int), d_year (type: int)
        Map 19 
            Map Operator Tree:
                TableScan
                  alias: d3
                  Statistics: Num rows: 73049 Data size: 81741831 Basic stats: COMPLETE Column stats: NONE
                  Filter Operator
                    predicate: d_date_sk is not null (type: boolean)
                    Statistics: Num rows: 73049 Data size: 81741831 Basic stats: COMPLETE Column stats: NONE
                    Reduce Output Operator
                      sort order: 
                      Statistics: Num rows: 73049 Data size: 81741831 Basic stats: COMPLETE Column stats: NONE
                      value expressions: d_date_sk (type: int), d_year (type: int)
        Map 21 
            Map Operator Tree:
                TableScan
                  alias: customer
                  Statistics: Num rows: 80000000 Data size: 68801615852 Basic stats: COMPLETE Column stats: NONE
                  Filter Operator
                    predicate: (c_customer_sk is not null and c_first_sales_date_sk is not null and c_first_shipto_date_sk is not null and c_current_cdemo_sk is not null and c_current_hdemo_sk is not null and c_current_addr_sk is not null) (type: boolean)
                    Statistics: Num rows: 80000000 Data size: 68801615852 Basic stats: COMPLETE Column stats: NONE
                    Reduce Output Operator
                      key expressions: c_customer_sk (type: int), c_first_sales_date_sk (type: int), c_first_shipto_date_sk (type: int)
                      sort order: +++
                      Map-reduce partition columns: c_customer_sk (type: int), c_first_sales_date_sk (type: int), c_first_shipto_date_sk (type: int)
                      Statistics: Num rows: 80000000 Data size: 68801615852 Basic stats: COMPLETE Column stats: NONE
                      value expressions: c_current_cdemo_sk (type: int), c_current_hdemo_sk (type: int), c_current_addr_sk (type: int)
        Map 27 
            Map Operator Tree:
                TableScan
                  alias: ad1
                  Statistics: Num rows: 40000000 Data size: 40595195284 Basic stats: COMPLETE Column stats: NONE
                  Filter Operator
                    predicate: ca_address_sk is not null (type: boolean)
                    Statistics: Num rows: 40000000 Data size: 40595195284 Basic stats: COMPLETE Column stats: NONE
                    Reduce Output Operator
                      key expressions: ca_address_sk (type: int)
                      sort order: +
                      Map-reduce partition columns: ca_address_sk (type: int)
                      Statistics: Num rows: 40000000 Data size: 40595195284 Basic stats: COMPLETE Column stats: NONE
                      value expressions: ca_street_number (type: string), ca_street_name (type: string), ca_city (type: string), ca_zip (type: string)
        Map 28 
            Map Operator Tree:
                TableScan
                  alias: ad2
                  Statistics: Num rows: 40000000 Data size: 40595195284 Basic stats: COMPLETE Column stats: NONE
                  Filter Operator
                    predicate: ca_address_sk is not null (type: boolean)
                    Statistics: Num rows: 40000000 Data size: 40595195284 Basic stats: COMPLETE Column stats: NONE
                    Reduce Output Operator
                      key expressions: ca_address_sk (type: int)
                      sort order: +
                      Map-reduce partition columns: ca_address_sk (type: int)
                      Statistics: Num rows: 40000000 Data size: 40595195284 Basic stats: COMPLETE Column stats: NONE
                      value expressions: ca_street_number (type: string), ca_street_name (type: string), ca_city (type: string), ca_zip (type: string)
        Map 31 
            Map Operator Tree:
                TableScan
                  alias: item
                  Statistics: Num rows: 462000 Data size: 663560457 Basic stats: COMPLETE Column stats: NONE
                  Filter Operator
                    predicate: (i_item_sk is not null and (i_color) IN ('maroon', 'burnished', 'dim', 'steel', 'navajo', 'chocolate') and i_current_price BETWEEN 35 AND 45 and i_current_price BETWEEN 36 AND 50) (type: boolean)
                    Statistics: Num rows: 57750 Data size: 82945057 Basic stats: COMPLETE Column stats: NONE
                    Reduce Output Operator
                      key expressions: i_item_sk (type: int)
                      sort order: +
                      Map-reduce partition columns: i_item_sk (type: int)
                      Statistics: Num rows: 57750 Data size: 82945057 Basic stats: COMPLETE Column stats: NONE
                      value expressions: i_product_name (type: string)
        Map 32 
            Map Operator Tree:
                TableScan
                  alias: catalog_sales
                  Statistics: Num rows: 287989836 Data size: 38999608952 Basic stats: COMPLETE Column stats: NONE
                  Filter Operator
                    predicate: (cs_item_sk is not null and cs_order_number is not null) (type: boolean)
                    Statistics: Num rows: 287989836 Data size: 38999608952 Basic stats: COMPLETE Column stats: NONE
                    Reduce Output Operator
                      key expressions: cs_item_sk (type: int), cs_order_number (type: int)
                      sort order: ++
                      Map-reduce partition columns: cs_item_sk (type: int), cs_order_number (type: int)
                      Statistics: Num rows: 287989836 Data size: 38999608952 Basic stats: COMPLETE Column stats: NONE
                      value expressions: cs_ext_list_price (type: decimal(7,2))
        Map 42 
            Map Operator Tree:
                TableScan
                  alias: catalog_returns
                  Statistics: Num rows: 28798881 Data size: 3057234680 Basic stats: COMPLETE Column stats: NONE
                  Filter Operator
                    predicate: (cr_item_sk is not null and cr_order_number is not null) (type: boolean)
                    Statistics: Num rows: 28798881 Data size: 3057234680 Basic stats: COMPLETE Column stats: NONE
                    Reduce Output Operator
                      key expressions: cr_item_sk (type: int), cr_order_number (type: int)
                      sort order: ++
                      Map-reduce partition columns: cr_item_sk (type: int), cr_order_number (type: int)
                      Statistics: Num rows: 28798881 Data size: 3057234680 Basic stats: COMPLETE Column stats: NONE
                      value expressions: cr_refunded_cash (type: decimal(7,2)), cr_reversed_charge (type: decimal(7,2)), cr_store_credit (type: decimal(7,2))
        Map 43 
            Map Operator Tree:
                TableScan
                  alias: store_sales
                  Statistics: Num rows: 575995635 Data size: 50814502088 Basic stats: COMPLETE Column stats: NONE
                  Filter Operator
                    predicate: (ss_item_sk is not null and ss_ticket_number is not null and ss_sold_date_sk is not null and ss_store_sk is not null and ss_customer_sk is not null and ss_cdemo_sk is not null and ss_promo_sk is not null and ss_hdemo_sk is not null and ss_addr_sk is not null) (type: boolean)
                    Statistics: Num rows: 575995635 Data size: 50814502088 Basic stats: COMPLETE Column stats: NONE
                    Reduce Output Operator
                      key expressions: ss_item_sk (type: int), ss_ticket_number (type: int)
                      sort order: ++
                      Map-reduce partition columns: ss_item_sk (type: int), ss_ticket_number (type: int)
                      Statistics: Num rows: 575995635 Data size: 50814502088 Basic stats: COMPLETE Column stats: NONE
                      value expressions: ss_sold_date_sk (type: int), ss_customer_sk (type: int), ss_cdemo_sk (type: int), ss_hdemo_sk (type: int), ss_addr_sk (type: int), ss_store_sk (type: int), ss_promo_sk (type: int), ss_wholesale_cost (type: decimal(7,2)), ss_list_price (type: decimal(7,2)), ss_coupon_amt (type: decimal(7,2))
        Map 45 
            Map Operator Tree:
                TableScan
                  alias: store_returns
                  Statistics: Num rows: 57591150 Data size: 4462194832 Basic stats: COMPLETE Column stats: NONE
                  Filter Operator
                    predicate: (sr_item_sk is not null and sr_ticket_number is not null) (type: boolean)
                    Statistics: Num rows: 57591150 Data size: 4462194832 Basic stats: COMPLETE Column stats: NONE
                    Reduce Output Operator
                      key expressions: sr_item_sk (type: int), sr_ticket_number (type: int)
                      sort order: ++
                      Map-reduce partition columns: sr_item_sk (type: int), sr_ticket_number (type: int)
                      Statistics: Num rows: 57591150 Data size: 4462194832 Basic stats: COMPLETE Column stats: NONE
        Map 46 
            Map Operator Tree:
                TableScan
                  alias: d1
                  Statistics: Num rows: 73049 Data size: 81741831 Basic stats: COMPLETE Column stats: NONE
                  Filter Operator
                    predicate: (d_date_sk is not null and (d_year = 2001)) (type: boolean)
                    Statistics: Num rows: 36524 Data size: 40870356 Basic stats: COMPLETE Column stats: NONE
                    Reduce Output Operator
                      key expressions: d_date_sk (type: int)
                      sort order: +
                      Map-reduce partition columns: d_date_sk (type: int)
                      Statistics: Num rows: 36524 Data size: 40870356 Basic stats: COMPLETE Column stats: NONE
        Map 47 
            Map Operator Tree:
                TableScan
                  alias: d2
                  Statistics: Num rows: 73049 Data size: 81741831 Basic stats: COMPLETE Column stats: NONE
                  Filter Operator
                    predicate: d_date_sk is not null (type: boolean)
                    Statistics: Num rows: 73049 Data size: 81741831 Basic stats: COMPLETE Column stats: NONE
                    Reduce Output Operator
                      sort order: 
                      Statistics: Num rows: 73049 Data size: 81741831 Basic stats: COMPLETE Column stats: NONE
                      value expressions: d_date_sk (type: int), d_year (type: int)
        Map 48 
            Map Operator Tree:
                TableScan
                  alias: d3
                  Statistics: Num rows: 73049 Data size: 81741831 Basic stats: COMPLETE Column stats: NONE
                  Filter Operator
                    predicate: d_date_sk is not null (type: boolean)
                    Statistics: Num rows: 73049 Data size: 81741831 Basic stats: COMPLETE Column stats: NONE
                    Reduce Output Operator
                      sort order: 
                      Statistics: Num rows: 73049 Data size: 81741831 Basic stats: COMPLETE Column stats: NONE
                      value expressions: d_date_sk (type: int), d_year (type: int)
        Map 50 
            Map Operator Tree:
                TableScan
                  alias: customer
                  Statistics: Num rows: 80000000 Data size: 68801615852 Basic stats: COMPLETE Column stats: NONE
                  Filter Operator
                    predicate: (c_customer_sk is not null and c_first_sales_date_sk is not null and c_first_shipto_date_sk is not null and c_current_cdemo_sk is not null and c_current_hdemo_sk is not null and c_current_addr_sk is not null) (type: boolean)
                    Statistics: Num rows: 80000000 Data size: 68801615852 Basic stats: COMPLETE Column stats: NONE
                    Reduce Output Operator
                      key expressions: c_customer_sk (type: int), c_first_sales_date_sk (type: int), c_first_shipto_date_sk (type: int)
                      sort order: +++
                      Map-reduce partition columns: c_customer_sk (type: int), c_first_sales_date_sk (type: int), c_first_shipto_date_sk (type: int)
                      Statistics: Num rows: 80000000 Data size: 68801615852 Basic stats: COMPLETE Column stats: NONE
                      value expressions: c_current_cdemo_sk (type: int), c_current_hdemo_sk (type: int), c_current_addr_sk (type: int)
        Map 56 
            Map Operator Tree:
                TableScan
                  alias: ad1
                  Statistics: Num rows: 40000000 Data size: 40595195284 Basic stats: COMPLETE Column stats: NONE
                  Filter Operator
                    predicate: ca_address_sk is not null (type: boolean)
                    Statistics: Num rows: 40000000 Data size: 40595195284 Basic stats: COMPLETE Column stats: NONE
                    Reduce Output Operator
                      key expressions: ca_address_sk (type: int)
                      sort order: +
                      Map-reduce partition columns: ca_address_sk (type: int)
                      Statistics: Num rows: 40000000 Data size: 40595195284 Basic stats: COMPLETE Column stats: NONE
                      value expressions: ca_street_number (type: string), ca_street_name (type: string), ca_city (type: string), ca_zip (type: string)
        Map 57 
            Map Operator Tree:
                TableScan
                  alias: ad2
                  Statistics: Num rows: 40000000 Data size: 40595195284 Basic stats: COMPLETE Column stats: NONE
                  Filter Operator
                    predicate: ca_address_sk is not null (type: boolean)
                    Statistics: Num rows: 40000000 Data size: 40595195284 Basic stats: COMPLETE Column stats: NONE
                    Reduce Output Operator
                      key expressions: ca_address_sk (type: int)
                      sort order: +
                      Map-reduce partition columns: ca_address_sk (type: int)
                      Statistics: Num rows: 40000000 Data size: 40595195284 Basic stats: COMPLETE Column stats: NONE
                      value expressions: ca_street_number (type: string), ca_street_name (type: string), ca_city (type: string), ca_zip (type: string)
        Map 60 
            Map Operator Tree:
                TableScan
                  alias: item
                  Statistics: Num rows: 462000 Data size: 663560457 Basic stats: COMPLETE Column stats: NONE
                  Filter Operator
                    predicate: (i_item_sk is not null and (i_color) IN ('maroon', 'burnished', 'dim', 'steel', 'navajo', 'chocolate') and i_current_price BETWEEN 35 AND 45 and i_current_price BETWEEN 36 AND 50) (type: boolean)
                    Statistics: Num rows: 57750 Data size: 82945057 Basic stats: COMPLETE Column stats: NONE
                    Reduce Output Operator
                      key expressions: i_item_sk (type: int)
                      sort order: +
                      Map-reduce partition columns: i_item_sk (type: int)
                      Statistics: Num rows: 57750 Data size: 82945057 Basic stats: COMPLETE Column stats: NONE
                      value expressions: i_product_name (type: string)
        Reducer 10 
            Reduce Operator Tree:
              Group By Operator
                aggregations: count(VALUE._col0), sum(VALUE._col1), sum(VALUE._col2), sum(VALUE._col3)
                keys: KEY._col0 (type: string), KEY._col1 (type: int), KEY._col2 (type: string), KEY._col3 (type: string), KEY._col4 (type: string), KEY._col5 (type: string), KEY._col6 (type: string), KEY._col7 (type: string), KEY._col8 (type: string), KEY._col9 (type: string), KEY._col10 (type: string), KEY._col11 (type: string), 2000 (type: int), KEY._col13 (type: int), KEY._col14 (type: int)
                mode: mergepartial
                outputColumnNames: _col0, _col1, _col2, _col3, _col4, _col5, _col6, _col7, _col8, _col9, _col10, _col11, _col12, _col13, _col14, _col15, _col16, _col17, _col18
                Statistics: Num rows: 17592186044415 Data size: 17592186044415 Basic stats: COMPLETE Column stats: NONE
                Select Operator
                  expressions: _col0 (type: string), _col1 (type: int), _col2 (type: string), _col3 (type: string), _col4 (type: string), _col5 (type: string), _col6 (type: string), _col7 (type: string), _col8 (type: string), _col9 (type: string), _col10 (type: string), _col11 (type: string), _col15 (type: bigint), _col16 (type: decimal(17,2)), _col17 (type: decimal(17,2)), _col18 (type: decimal(17,2))
                  outputColumnNames: _col0, _col1, _col2, _col3, _col4, _col5, _col6, _col7, _col8, _col9, _col10, _col11, _col15, _col16, _col17, _col18
                  Statistics: Num rows: 17592186044415 Data size: 17592186044415 Basic stats: COMPLETE Column stats: NONE
                  Reduce Output Operator
                    key expressions: _col1 (type: int), _col2 (type: string), _col3 (type: string)
                    sort order: +++
                    Map-reduce partition columns: _col1 (type: int), _col2 (type: string), _col3 (type: string)
                    Statistics: Num rows: 17592186044415 Data size: 17592186044415 Basic stats: COMPLETE Column stats: NONE
                    value expressions: _col0 (type: string), _col4 (type: string), _col5 (type: string), _col6 (type: string), _col7 (type: string), _col8 (type: string), _col9 (type: string), _col10 (type: string), _col11 (type: string), _col15 (type: bigint), _col16 (type: decimal(17,2)), _col17 (type: decimal(17,2)), _col18 (type: decimal(17,2))
        Reducer 11 
            Reduce Operator Tree:
              Join Operator
                condition map:
                     Inner Join 0 to 1
                keys:
                  0 _col1 (type: int), _col2 (type: string), _col3 (type: string)
                  1 _col1 (type: int), _col2 (type: string), _col3 (type: string)
                outputColumnNames: _col0, _col1, _col2, _col3, _col4, _col5, _col6, _col7, _col8, _col9, _col10, _col11, _col15, _col16, _col17, _col18, _col20, _col21, _col22, _col34, _col35, _col36, _col37
                Statistics: Num rows: 19351405068286 Data size: 19351405068286 Basic stats: COMPLETE Column stats: NONE
                Filter Operator
                  predicate: ((_col1 = _col20) and (_col2 = _col21) and (_col3 = _col22) and (_col34 <= _col15)) (type: boolean)
                  Statistics: Num rows: 806308544511 Data size: 806308544511 Basic stats: COMPLETE Column stats: NONE
                  Select Operator
                    expressions: _col0 (type: string), _col2 (type: string), _col3 (type: string), _col4 (type: string), _col5 (type: string), _col6 (type: string), _col7 (type: string), _col8 (type: string), _col9 (type: string), _col10 (type: string), _col11 (type: string), _col15 (type: bigint), _col16 (type: decimal(17,2)), _col17 (type: decimal(17,2)), _col18 (type: decimal(17,2)), _col35 (type: decimal(17,2)), _col36 (type: decimal(17,2)), _col37 (type: decimal(17,2)), _col34 (type: bigint)
                    outputColumnNames: _col0, _col1, _col2, _col3, _col4, _col5, _col6, _col7, _col8, _col9, _col10, _col12, _col13, _col14, _col15, _col16, _col17, _col18, _col20
                    Statistics: Num rows: 806308544511 Data size: 806308544511 Basic stats: COMPLETE Column stats: NONE
                    Reduce Output Operator
                      key expressions: _col0 (type: string), _col1 (type: string), _col20 (type: bigint)
                      sort order: +++
                      Statistics: Num rows: 806308544511 Data size: 806308544511 Basic stats: COMPLETE Column stats: NONE
                      value expressions: _col2 (type: string), _col3 (type: string), _col4 (type: string), _col5 (type: string), _col6 (type: string), _col7 (type: string), _col8 (type: string), _col9 (type: string), _col10 (type: string), _col12 (type: bigint), _col13 (type: decimal(17,2)), _col14 (type: decimal(17,2)), _col15 (type: decimal(17,2)), _col16 (type: decimal(17,2)), _col17 (type: decimal(17,2)), _col18 (type: decimal(17,2))
        Reducer 12 
            Reduce Operator Tree:
              Select Operator
                expressions: KEY.reducesinkkey0 (type: string), KEY.reducesinkkey1 (type: string), VALUE._col0 (type: string), VALUE._col1 (type: string), VALUE._col2 (type: string), VALUE._col3 (type: string), VALUE._col4 (type: string), VALUE._col5 (type: string), VALUE._col6 (type: string), VALUE._col7 (type: string), VALUE._col8 (type: string), 2000 (type: int), VALUE._col10 (type: bigint), VALUE._col11 (type: decimal(17,2)), VALUE._col12 (type: decimal(17,2)), VALUE._col13 (type: decimal(17,2)), VALUE._col14 (type: decimal(17,2)), VALUE._col15 (type: decimal(17,2)), VALUE._col16 (type: decimal(17,2)), 2001 (type: int), KEY.reducesinkkey2 (type: bigint)
                outputColumnNames: _col0, _col1, _col2, _col3, _col4, _col5, _col6, _col7, _col8, _col9, _col10, _col11, _col12, _col13, _col14, _col15, _col16, _col17, _col18, _col19, _col20
                Statistics: Num rows: 806308544511 Data size: 806308544511 Basic stats: COMPLETE Column stats: NONE
                File Output Operator
                  compressed: false
                  Statistics: Num rows: 806308544511 Data size: 806308544511 Basic stats: COMPLETE Column stats: NONE
                  table:
                      input format: org.apache.hadoop.mapred.SequenceFileInputFormat
                      output format: org.apache.hadoop.hive.ql.io.HiveSequenceFileOutputFormat
                      serde: org.apache.hadoop.hive.serde2.lazy.LazySimpleSerDe
        Reducer 15 
            Reduce Operator Tree:
              Join Operator
                condition map:
                     Inner Join 0 to 1
                keys:
                  0 ss_item_sk (type: int), ss_ticket_number (type: int)
                  1 sr_item_sk (type: int), sr_ticket_number (type: int)
                outputColumnNames: _col0, _col2, _col3, _col4, _col5, _col6, _col7, _col8, _col9, _col11, _col12, _col19, _col28, _col35
                Statistics: Num rows: 633595212 Data size: 55895953508 Basic stats: COMPLETE Column stats: NONE
                Reduce Output Operator
                  key expressions: _col2 (type: int)
                  sort order: +
                  Map-reduce partition columns: _col2 (type: int)
                  Statistics: Num rows: 633595212 Data size: 55895953508 Basic stats: COMPLETE Column stats: NONE
                  value expressions: _col0 (type: int), _col3 (type: int), _col4 (type: int), _col5 (type: int), _col6 (type: int), _col7 (type: int), _col8 (type: int), _col9 (type: int), _col11 (type: decimal(7,2)), _col12 (type: decimal(7,2)), _col19 (type: decimal(7,2)), _col28 (type: int), _col35 (type: int)
        Reducer 2 
            Reduce Operator Tree:
              Join Operator
                condition map:
                     Inner Join 0 to 1
                keys:
                  0 cs_item_sk (type: int), cs_order_number (type: int)
                  1 cr_item_sk (type: int), cr_order_number (type: int)
                outputColumnNames: _col15, _col17, _col25, _col39, _col53, _col60, _col61, _col62
                Statistics: Num rows: 316788826 Data size: 42899570777 Basic stats: COMPLETE Column stats: NONE
                Filter Operator
                  predicate: ((_col15 = _col39) and (_col17 = _col53)) (type: boolean)
                  Statistics: Num rows: 79197206 Data size: 10724892626 Basic stats: COMPLETE Column stats: NONE
                  Select Operator
                    expressions: _col15 (type: int), _col25 (type: decimal(7,2)), _col60 (type: decimal(7,2)), _col61 (type: decimal(7,2)), _col62 (type: decimal(7,2))
                    outputColumnNames: _col15, _col25, _col60, _col61, _col62
                    Statistics: Num rows: 79197206 Data size: 10724892626 Basic stats: COMPLETE Column stats: NONE
                    Group By Operator
                      aggregations: sum(_col25), sum(((_col60 + _col61) + _col62))
                      keys: _col15 (type: int)
                      mode: hash
                      outputColumnNames: _col0, _col1, _col2
                      Statistics: Num rows: 79197206 Data size: 10724892626 Basic stats: COMPLETE Column stats: NONE
                      Reduce Output Operator
                        key expressions: _col0 (type: int)
                        sort order: +
                        Map-reduce partition columns: _col0 (type: int)
                        Statistics: Num rows: 79197206 Data size: 10724892626 Basic stats: COMPLETE Column stats: NONE
                        value expressions: _col1 (type: decimal(17,2)), _col2 (type: decimal(19,2))
        Reducer 3 
            Reduce Operator Tree:
              Group By Operator
                aggregations: sum(VALUE._col0), sum(VALUE._col1)
                keys: KEY._col0 (type: int)
                mode: mergepartial
                outputColumnNames: _col0, _col1, _col2
                Statistics: Num rows: 39598603 Data size: 5362446313 Basic stats: COMPLETE Column stats: NONE
                Filter Operator
                  predicate: (_col1 > (2 * _col2)) (type: boolean)
                  Statistics: Num rows: 13199534 Data size: 1787482059 Basic stats: COMPLETE Column stats: NONE
                  Select Operator
                    expressions: _col0 (type: int)
                    outputColumnNames: _col0
                    Statistics: Num rows: 13199534 Data size: 1787482059 Basic stats: COMPLETE Column stats: NONE
                    Reduce Output Operator
                      key expressions: _col0 (type: int)
                      sort order: +
                      Map-reduce partition columns: _col0 (type: int)
                      Statistics: Num rows: 13199534 Data size: 1787482059 Basic stats: COMPLETE Column stats: NONE
        Reducer 33 
            Reduce Operator Tree:
              Join Operator
                condition map:
                     Inner Join 0 to 1
                keys:
                  0 cs_item_sk (type: int), cs_order_number (type: int)
                  1 cr_item_sk (type: int), cr_order_number (type: int)
                outputColumnNames: _col15, _col17, _col25, _col39, _col53, _col60, _col61, _col62
                Statistics: Num rows: 316788826 Data size: 42899570777 Basic stats: COMPLETE Column stats: NONE
                Filter Operator
                  predicate: ((_col15 = _col39) and (_col17 = _col53)) (type: boolean)
                  Statistics: Num rows: 79197206 Data size: 10724892626 Basic stats: COMPLETE Column stats: NONE
                  Select Operator
                    expressions: _col15 (type: int), _col25 (type: decimal(7,2)), _col60 (type: decimal(7,2)), _col61 (type: decimal(7,2)), _col62 (type: decimal(7,2))
                    outputColumnNames: _col15, _col25, _col60, _col61, _col62
                    Statistics: Num rows: 79197206 Data size: 10724892626 Basic stats: COMPLETE Column stats: NONE
                    Group By Operator
                      aggregations: sum(_col25), sum(((_col60 + _col61) + _col62))
                      keys: _col15 (type: int)
                      mode: hash
                      outputColumnNames: _col0, _col1, _col2
                      Statistics: Num rows: 79197206 Data size: 10724892626 Basic stats: COMPLETE Column stats: NONE
                      Reduce Output Operator
                        key expressions: _col0 (type: int)
                        sort order: +
                        Map-reduce partition columns: _col0 (type: int)
                        Statistics: Num rows: 79197206 Data size: 10724892626 Basic stats: COMPLETE Column stats: NONE
                        value expressions: _col1 (type: decimal(17,2)), _col2 (type: decimal(19,2))
        Reducer 34 
            Reduce Operator Tree:
              Group By Operator
                aggregations: sum(VALUE._col0), sum(VALUE._col1)
                keys: KEY._col0 (type: int)
                mode: mergepartial
                outputColumnNames: _col0, _col1, _col2
                Statistics: Num rows: 39598603 Data size: 5362446313 Basic stats: COMPLETE Column stats: NONE
                Filter Operator
                  predicate: (_col1 > (2 * _col2)) (type: boolean)
                  Statistics: Num rows: 13199534 Data size: 1787482059 Basic stats: COMPLETE Column stats: NONE
                  Select Operator
                    expressions: _col0 (type: int)
                    outputColumnNames: _col0
                    Statistics: Num rows: 13199534 Data size: 1787482059 Basic stats: COMPLETE Column stats: NONE
                    Reduce Output Operator
                      key expressions: _col0 (type: int)
                      sort order: +
                      Map-reduce partition columns: _col0 (type: int)
                      Statistics: Num rows: 13199534 Data size: 1787482059 Basic stats: COMPLETE Column stats: NONE
        Reducer 35 
            Reduce Operator Tree:
              Join Operator
                condition map:
                     Inner Join 0 to 1
                     Inner Join 0 to 2
                keys:
                  0 _col2 (type: int)
                  1 _col0 (type: int)
                  2 i_item_sk (type: int)
                outputColumnNames: _col0, _col2, _col3, _col4, _col5, _col6, _col7, _col8, _col9, _col11, _col12, _col19, _col28, _col35, _col49, _col52, _col73
                Statistics: Num rows: 1393909496 Data size: 122971100382 Basic stats: COMPLETE Column stats: NONE
                Reduce Output Operator
                  key expressions: _col0 (type: int)
                  sort order: +
                  Map-reduce partition columns: _col0 (type: int)
                  Statistics: Num rows: 1393909496 Data size: 122971100382 Basic stats: COMPLETE Column stats: NONE
                  value expressions: _col2 (type: int), _col3 (type: int), _col4 (type: int), _col5 (type: int), _col6 (type: int), _col7 (type: int), _col8 (type: int), _col9 (type: int), _col11 (type: decimal(7,2)), _col12 (type: decimal(7,2)), _col19 (type: decimal(7,2)), _col28 (type: int), _col35 (type: int), _col49 (type: int), _col52 (type: int), _col73 (type: string)
        Reducer 36 
            Reduce Operator Tree:
              Join Operator
                condition map:
                     Inner Join 0 to 1
                keys:
                  0 _col0 (type: int)
                  1 d_date_sk (type: int)
                outputColumnNames: _col0, _col2, _col3, _col4, _col5, _col6, _col7, _col8, _col9, _col11, _col12, _col19, _col28, _col35, _col49, _col52, _col73, _col77
                Statistics: Num rows: 1533300478 Data size: 135268213352 Basic stats: COMPLETE Column stats: NONE
                Reduce Output Operator
                  sort order: 
                  Statistics: Num rows: 1533300478 Data size: 135268213352 Basic stats: COMPLETE Column stats: NONE
                  value expressions: _col0 (type: int), _col2 (type: int), _col3 (type: int), _col4 (type: int), _col5 (type: int), _col6 (type: int), _col7 (type: int), _col8 (type: int), _col9 (type: int), _col11 (type: decimal(7,2)), _col12 (type: decimal(7,2)), _col19 (type: decimal(7,2)), _col28 (type: int), _col35 (type: int), _col49 (type: int), _col52 (type: int), _col73 (type: string), _col77 (type: int)
        Reducer 37 
            Local Work:
              Map Reduce Local Work
            Reduce Operator Tree:
              Join Operator
                condition map:
                     Inner Join 0 to 1
                     Inner Join 0 to 2
                keys:
                  0 
                  1 
                  2 
                outputColumnNames: _col0, _col2, _col3, _col4, _col5, _col6, _col7, _col8, _col9, _col11, _col12, _col19, _col28, _col35, _col49, _col52, _col73, _col77, _col108, _col114, _col139, _col145
                Statistics: Num rows: 8181931160336059678 Data size: 9223372036854775807 Basic stats: COMPLETE Column stats: NONE
                Map Join Operator
                  condition map:
                       Inner Join 0 to 1
                  keys:
                    0 _col7 (type: int)
                    1 s_store_sk (type: int)
                  outputColumnNames: _col0, _col2, _col3, _col4, _col5, _col6, _col7, _col8, _col9, _col11, _col12, _col19, _col28, _col35, _col49, _col52, _col73, _col77, _col108, _col114, _col139, _col145, _col170, _col175, _col195
                  input vertices:
                    1 Map 49
                  Statistics: Num rows: 9000124471442105344 Data size: 9223372036854775807 Basic stats: COMPLETE Column stats: NONE
                  Reduce Output Operator
                    key expressions: _col3 (type: int), _col108 (type: int), _col139 (type: int)
                    sort order: +++
                    Map-reduce partition columns: _col3 (type: int), _col108 (type: int), _col139 (type: int)
                    Statistics: Num rows: 9000124471442105344 Data size: 9223372036854775807 Basic stats: COMPLETE Column stats: NONE
                    value expressions: _col0 (type: int), _col2 (type: int), _col4 (type: int), _col5 (type: int), _col6 (type: int), _col7 (type: int), _col8 (type: int), _col9 (type: int), _col11 (type: decimal(7,2)), _col12 (type: decimal(7,2)), _col19 (type: decimal(7,2)), _col28 (type: int), _col35 (type: int), _col49 (type: int), _col52 (type: int), _col73 (type: string), _col77 (type: int), _col114 (type: int), _col145 (type: int), _col170 (type: int), _col175 (type: string), _col195 (type: string)
        Reducer 38 
            Local Work:
              Map Reduce Local Work
            Reduce Operator Tree:
              Join Operator
                condition map:
                     Inner Join 0 to 1
                keys:
                  0 _col3 (type: int), _col108 (type: int), _col139 (type: int)
                  1 c_customer_sk (type: int), c_first_sales_date_sk (type: int), c_first_shipto_date_sk (type: int)
                outputColumnNames: _col0, _col2, _col3, _col4, _col5, _col6, _col7, _col8, _col9, _col11, _col12, _col19, _col28, _col35, _col49, _col52, _col73, _col77, _col108, _col114, _col139, _col145, _col170, _col175, _col195, _col202, _col204, _col205, _col206, _col207, _col208
                Statistics: Num rows: 9223372036854775807 Data size: 9223372036854775807 Basic stats: COMPLETE Column stats: NONE
                Map Join Operator
                  condition map:
                       Inner Join 0 to 1
                  keys:
                    0 _col4 (type: int)
                    1 cd_demo_sk (type: int)
                  outputColumnNames: _col0, _col2, _col3, _col4, _col5, _col6, _col7, _col8, _col9, _col11, _col12, _col19, _col28, _col35, _col49, _col52, _col73, _col77, _col108, _col114, _col139, _col145, _col170, _col175, _col195, _col202, _col204, _col205, _col206, _col207, _col208, _col223, _col225
                  input vertices:
                    1 Map 51
                  Statistics: Num rows: 9223372036854775807 Data size: 9223372036854775807 Basic stats: COMPLETE Column stats: NONE
                  Map Join Operator
                    condition map:
                         Inner Join 0 to 1
                    keys:
                      0 _col204 (type: int)
                      1 cd_demo_sk (type: int)
                    outputColumnNames: _col0, _col2, _col3, _col4, _col5, _col6, _col7, _col8, _col9, _col11, _col12, _col19, _col28, _col35, _col49, _col52, _col73, _col77, _col108, _col114, _col139, _col145, _col170, _col175, _col195, _col202, _col204, _col205, _col206, _col207, _col208, _col223, _col225, _col235, _col237
                    input vertices:
                      1 Map 52
                    Statistics: Num rows: 9223372036854775807 Data size: 9223372036854775807 Basic stats: COMPLETE Column stats: NONE
                    Map Join Operator
                      condition map:
                           Inner Join 0 to 1
                      keys:
                        0 _col8 (type: int)
                        1 p_promo_sk (type: int)
                      outputColumnNames: _col0, _col2, _col3, _col4, _col5, _col6, _col7, _col8, _col9, _col11, _col12, _col19, _col28, _col35, _col49, _col52, _col73, _col77, _col108, _col114, _col139, _col145, _col170, _col175, _col195, _col202, _col204, _col205, _col206, _col207, _col208, _col223, _col225, _col235, _col237, _col247
                      input vertices:
                        1 Map 53
                      Statistics: Num rows: 9223372036854775807 Data size: 9223372036854775807 Basic stats: COMPLETE Column stats: NONE
                      Map Join Operator
                        condition map:
                             Inner Join 0 to 1
                        keys:
                          0 _col5 (type: int)
                          1 hd_demo_sk (type: int)
                        outputColumnNames: _col0, _col2, _col3, _col4, _col5, _col6, _col7, _col8, _col9, _col11, _col12, _col19, _col28, _col35, _col49, _col52, _col73, _col77, _col108, _col114, _col139, _col145, _col170, _col175, _col195, _col202, _col204, _col205, _col206, _col207, _col208, _col223, _col225, _col235, _col237, _col247, _col269, _col270
                        input vertices:
                          1 Map 54
                        Statistics: Num rows: 9223372036854775807 Data size: 9223372036854775807 Basic stats: COMPLETE Column stats: NONE
                        Map Join Operator
                          condition map:
                               Inner Join 0 to 1
                          keys:
                            0 _col205 (type: int)
                            1 hd_demo_sk (type: int)
                          outputColumnNames: _col0, _col2, _col3, _col4, _col5, _col6, _col7, _col8, _col9, _col11, _col12, _col19, _col28, _col35, _col49, _col52, _col73, _col77, _col108, _col114, _col139, _col145, _col170, _col175, _col195, _col202, _col204, _col205, _col206, _col207, _col208, _col223, _col225, _col235, _col237, _col247, _col269, _col270, _col277, _col278
                          input vertices:
                            1 Map 55
                          Statistics: Num rows: 9223372036854775807 Data size: 9223372036854775807 Basic stats: COMPLETE Column stats: NONE
                          Reduce Output Operator
                            key expressions: _col6 (type: int)
                            sort order: +
                            Map-reduce partition columns: _col6 (type: int)
                            Statistics: Num rows: 9223372036854775807 Data size: 9223372036854775807 Basic stats: COMPLETE Column stats: NONE
                            value expressions: _col0 (type: int), _col2 (type: int), _col3 (type: int), _col4 (type: int), _col5 (type: int), _col7 (type: int), _col8 (type: int), _col9 (type: int), _col11 (type: decimal(7,2)), _col12 (type: decimal(7,2)), _col19 (type: decimal(7,2)), _col28 (type: int), _col35 (type: int), _col49 (type: int), _col52 (type: int), _col73 (type: string), _col77 (type: int), _col108 (type: int), _col114 (type: int), _col139 (type: int), _col145 (type: int), _col170 (type: int), _col175 (type: string), _col195 (type: string), _col202 (type: int), _col204 (type: int), _col205 (type: int), _col206 (type: int), _col207 (type: int), _col208 (type: int), _col223 (type: int), _col225 (type: string), _col235 (type: int), _col237 (type: string), _col247 (type: int), _col269 (type: int), _col270 (type: int), _col277 (type: int), _col278 (type: int)
        Reducer 39 
            Reduce Operator Tree:
              Join Operator
                condition map:
                     Inner Join 0 to 1
                keys:
                  0 _col6 (type: int)
                  1 ca_address_sk (type: int)
                outputColumnNames: _col0, _col2, _col3, _col4, _col5, _col6, _col7, _col8, _col9, _col11, _col12, _col19, _col28, _col35, _col49, _col52, _col73, _col77, _col108, _col114, _col139, _col145, _col170, _col175, _col195, _col202, _col204, _col205, _col206, _col207, _col208, _col223, _col225, _col235, _col237, _col247, _col269, _col270, _col277, _col278, _col285, _col287, _col288, _col291, _col294
                Statistics: Num rows: 9223372036854775807 Data size: 9223372036854775807 Basic stats: COMPLETE Column stats: NONE
                Reduce Output Operator
                  key expressions: _col206 (type: int)
                  sort order: +
                  Map-reduce partition columns: _col206 (type: int)
                  Statistics: Num rows: 9223372036854775807 Data size: 9223372036854775807 Basic stats: COMPLETE Column stats: NONE
                  value expressions: _col0 (type: int), _col2 (type: int), _col3 (type: int), _col4 (type: int), _col5 (type: int), _col6 (type: int), _col7 (type: int), _col8 (type: int), _col9 (type: int), _col11 (type: decimal(7,2)), _col12 (type: decimal(7,2)), _col19 (type: decimal(7,2)), _col28 (type: int), _col35 (type: int), _col49 (type: int), _col52 (type: int), _col73 (type: string), _col77 (type: int), _col108 (type: int), _col114 (type: int), _col139 (type: int), _col145 (type: int), _col170 (type: int), _col175 (type: string), _col195 (type: string), _col202 (type: int), _col204 (type: int), _col205 (type: int), _col207 (type: int), _col208 (type: int), _col223 (type: int), _col225 (type: string), _col235 (type: int), _col237 (type: string), _col247 (type: int), _col269 (type: int), _col270 (type: int), _col277 (type: int), _col278 (type: int), _col285 (type: int), _col287 (type: string), _col288 (type: string), _col291 (type: string), _col294 (type: string)
        Reducer 4 
            Reduce Operator Tree:
              Join Operator
                condition map:
                     Inner Join 0 to 1
                     Inner Join 0 to 2
                keys:
                  0 _col2 (type: int)
                  1 _col0 (type: int)
                  2 i_item_sk (type: int)
                outputColumnNames: _col0, _col2, _col3, _col4, _col5, _col6, _col7, _col8, _col9, _col11, _col12, _col19, _col28, _col35, _col49, _col52, _col73
                Statistics: Num rows: 1393909496 Data size: 122971100382 Basic stats: COMPLETE Column stats: NONE
                Reduce Output Operator
                  key expressions: _col0 (type: int)
                  sort order: +
                  Map-reduce partition columns: _col0 (type: int)
                  Statistics: Num rows: 1393909496 Data size: 122971100382 Basic stats: COMPLETE Column stats: NONE
                  value expressions: _col2 (type: int), _col3 (type: int), _col4 (type: int), _col5 (type: int), _col6 (type: int), _col7 (type: int), _col8 (type: int), _col9 (type: int), _col11 (type: decimal(7,2)), _col12 (type: decimal(7,2)), _col19 (type: decimal(7,2)), _col28 (type: int), _col35 (type: int), _col49 (type: int), _col52 (type: int), _col73 (type: string)
        Reducer 40 
            Local Work:
              Map Reduce Local Work
            Reduce Operator Tree:
              Join Operator
                condition map:
                     Inner Join 0 to 1
                keys:
                  0 _col206 (type: int)
                  1 ca_address_sk (type: int)
                outputColumnNames: _col0, _col2, _col3, _col4, _col5, _col6, _col7, _col8, _col9, _col11, _col12, _col19, _col28, _col35, _col49, _col52, _col73, _col77, _col108, _col114, _col139, _col145, _col170, _col175, _col195, _col202, _col204, _col205, _col206, _col207, _col208, _col223, _col225, _col235, _col237, _col247, _col269, _col270, _col277, _col278, _col285, _col287, _col288, _col291, _col294, _col301, _col303, _col304, _col307, _col310
                Statistics: Num rows: 9223372036854775807 Data size: 9223372036854775807 Basic stats: COMPLETE Column stats: NONE
                Map Join Operator
                  condition map:
                       Inner Join 0 to 1
                  keys:
                    0 _col270 (type: int)
                    1 ib_income_band_sk (type: int)
                  outputColumnNames: _col0, _col2, _col3, _col4, _col5, _col6, _col7, _col8, _col9, _col11, _col12, _col19, _col28, _col35, _col49, _col52, _col73, _col77, _col108, _col114, _col139, _col145, _col170, _col175, _col195, _col202, _col204, _col205, _col206, _col207, _col208, _col223, _col225, _col235, _col237, _col247, _col269, _col270, _col277, _col278, _col285, _col287, _col288, _col291, _col294, _col301, _col303, _col304, _col307, _col310, _col317
                  input vertices:
                    1 Map 58
                  Statistics: Num rows: 9223372036854775807 Data size: 9223372036854775807 Basic stats: COMPLETE Column stats: NONE
                  Map Join Operator
                    condition map:
                         Inner Join 0 to 1
                    keys:
                      0 _col278 (type: int)
                      1 ib_income_band_sk (type: int)
                    outputColumnNames: _col0, _col2, _col3, _col4, _col5, _col6, _col7, _col8, _col9, _col11, _col12, _col19, _col28, _col35, _col49, _col52, _col73, _col77, _col108, _col114, _col139, _col145, _col170, _col175, _col195, _col202, _col204, _col205, _col206, _col207, _col208, _col223, _col225, _col235, _col237, _col247, _col269, _col270, _col277, _col278, _col285, _col287, _col288, _col291, _col294, _col301, _col303, _col304, _col307, _col310, _col317, _col323
                    input vertices:
                      1 Map 59
                    Statistics: Num rows: 9223372036854775807 Data size: 9223372036854775807 Basic stats: COMPLETE Column stats: NONE
                    Filter Operator
                      predicate: ((_col225 <> _col237) and (_col270 = _col317) and (_col7 = _col170) and (_col0 = _col77) and (_col3 = _col202) and (_col4 = _col223) and (_col5 = _col269) and (_col6 = _col285) and (_col2 = _col52) and (_col2 = _col28) and (_col9 = _col35) and (_col2 = _col49) and (_col8 = _col247) and (_col278 = _col323) and (_col204 = _col235) and (_col205 = _col277) and (_col206 = _col301) and (_col208 = _col108) and (_col207 = _col139)) (type: boolean)
                      Statistics: Num rows: 35184372088831 Data size: 35184372088831 Basic stats: COMPLETE Column stats: NONE
                      Select Operator
                        expressions: _col11 (type: decimal(7,2)), _col12 (type: decimal(7,2)), _col19 (type: decimal(7,2)), _col52 (type: int), _col73 (type: string), _col114 (type: int), _col145 (type: int), _col175 (type: string), _col195 (type: string), _col287 (type: string), _col288 (type: string), _col291 (type: string), _col294 (type: string), _col303 (type: string), _col304 (type: string), _col307 (type: string), _col310 (type: string)
                        outputColumnNames: _col11, _col12, _col19, _col52, _col73, _col114, _col145, _col175, _col195, _col287, _col288, _col291, _col294, _col303, _col304, _col307, _col310
                        Statistics: Num rows: 35184372088831 Data size: 35184372088831 Basic stats: COMPLETE Column stats: NONE
                        Group By Operator
                          aggregations: count(), sum(_col11), sum(_col12), sum(_col19)
                          keys: _col73 (type: string), _col52 (type: int), _col175 (type: string), _col195 (type: string), _col287 (type: string), _col288 (type: string), _col291 (type: string), _col294 (type: string), _col303 (type: string), _col304 (type: string), _col307 (type: string), _col310 (type: string), 2001 (type: int), _col114 (type: int), _col145 (type: int)
                          mode: hash
                          outputColumnNames: _col0, _col1, _col2, _col3, _col4, _col5, _col6, _col7, _col8, _col9, _col10, _col11, _col12, _col13, _col14, _col15, _col16, _col17, _col18
                          Statistics: Num rows: 35184372088831 Data size: 35184372088831 Basic stats: COMPLETE Column stats: NONE
                          Reduce Output Operator
                            key expressions: _col0 (type: string), _col1 (type: int), _col2 (type: string), _col3 (type: string), _col4 (type: string), _col5 (type: string), _col6 (type: string), _col7 (type: string), _col8 (type: string), _col9 (type: string), _col10 (type: string), _col11 (type: string), 2001 (type: int), _col13 (type: int), _col14 (type: int)
                            sort order: +++++++++++++++
                            Map-reduce partition columns: _col0 (type: string), _col1 (type: int), _col2 (type: string), _col3 (type: string), _col4 (type: string), _col5 (type: string), _col6 (type: string), _col7 (type: string), _col8 (type: string), _col9 (type: string), _col10 (type: string), _col11 (type: string), 2001 (type: int), _col13 (type: int), _col14 (type: int)
                            Statistics: Num rows: 35184372088831 Data size: 35184372088831 Basic stats: COMPLETE Column stats: NONE
                            value expressions: _col15 (type: bigint), _col16 (type: decimal(17,2)), _col17 (type: decimal(17,2)), _col18 (type: decimal(17,2))
        Reducer 41 
            Reduce Operator Tree:
              Group By Operator
                aggregations: count(VALUE._col0), sum(VALUE._col1), sum(VALUE._col2), sum(VALUE._col3)
                keys: KEY._col0 (type: string), KEY._col1 (type: int), KEY._col2 (type: string), KEY._col3 (type: string), KEY._col4 (type: string), KEY._col5 (type: string), KEY._col6 (type: string), KEY._col7 (type: string), KEY._col8 (type: string), KEY._col9 (type: string), KEY._col10 (type: string), KEY._col11 (type: string), 2001 (type: int), KEY._col13 (type: int), KEY._col14 (type: int)
                mode: mergepartial
                outputColumnNames: _col0, _col1, _col2, _col3, _col4, _col5, _col6, _col7, _col8, _col9, _col10, _col11, _col12, _col13, _col14, _col15, _col16, _col17, _col18
                Statistics: Num rows: 17592186044415 Data size: 17592186044415 Basic stats: COMPLETE Column stats: NONE
                Select Operator
                  expressions: _col1 (type: int), _col2 (type: string), _col3 (type: string), _col15 (type: bigint), _col16 (type: decimal(17,2)), _col17 (type: decimal(17,2)), _col18 (type: decimal(17,2))
                  outputColumnNames: _col1, _col2, _col3, _col15, _col16, _col17, _col18
                  Statistics: Num rows: 17592186044415 Data size: 17592186044415 Basic stats: COMPLETE Column stats: NONE
                  Reduce Output Operator
                    key expressions: _col1 (type: int), _col2 (type: string), _col3 (type: string)
                    sort order: +++
                    Map-reduce partition columns: _col1 (type: int), _col2 (type: string), _col3 (type: string)
                    Statistics: Num rows: 17592186044415 Data size: 17592186044415 Basic stats: COMPLETE Column stats: NONE
                    value expressions: _col15 (type: bigint), _col16 (type: decimal(17,2)), _col17 (type: decimal(17,2)), _col18 (type: decimal(17,2))
        Reducer 44 
            Reduce Operator Tree:
              Join Operator
                condition map:
                     Inner Join 0 to 1
                keys:
                  0 ss_item_sk (type: int), ss_ticket_number (type: int)
                  1 sr_item_sk (type: int), sr_ticket_number (type: int)
                outputColumnNames: _col0, _col2, _col3, _col4, _col5, _col6, _col7, _col8, _col9, _col11, _col12, _col19, _col28, _col35
                Statistics: Num rows: 633595212 Data size: 55895953508 Basic stats: COMPLETE Column stats: NONE
                Reduce Output Operator
                  key expressions: _col2 (type: int)
                  sort order: +
                  Map-reduce partition columns: _col2 (type: int)
                  Statistics: Num rows: 633595212 Data size: 55895953508 Basic stats: COMPLETE Column stats: NONE
                  value expressions: _col0 (type: int), _col3 (type: int), _col4 (type: int), _col5 (type: int), _col6 (type: int), _col7 (type: int), _col8 (type: int), _col9 (type: int), _col11 (type: decimal(7,2)), _col12 (type: decimal(7,2)), _col19 (type: decimal(7,2)), _col28 (type: int), _col35 (type: int)
        Reducer 5 
            Reduce Operator Tree:
              Join Operator
                condition map:
                     Inner Join 0 to 1
                keys:
                  0 _col0 (type: int)
                  1 d_date_sk (type: int)
                outputColumnNames: _col0, _col2, _col3, _col4, _col5, _col6, _col7, _col8, _col9, _col11, _col12, _col19, _col28, _col35, _col49, _col52, _col73, _col77
                Statistics: Num rows: 1533300478 Data size: 135268213352 Basic stats: COMPLETE Column stats: NONE
                Reduce Output Operator
                  sort order: 
                  Statistics: Num rows: 1533300478 Data size: 135268213352 Basic stats: COMPLETE Column stats: NONE
                  value expressions: _col0 (type: int), _col2 (type: int), _col3 (type: int), _col4 (type: int), _col5 (type: int), _col6 (type: int), _col7 (type: int), _col8 (type: int), _col9 (type: int), _col11 (type: decimal(7,2)), _col12 (type: decimal(7,2)), _col19 (type: decimal(7,2)), _col28 (type: int), _col35 (type: int), _col49 (type: int), _col52 (type: int), _col73 (type: string), _col77 (type: int)
        Reducer 6 
            Local Work:
              Map Reduce Local Work
            Reduce Operator Tree:
              Join Operator
                condition map:
                     Inner Join 0 to 1
                     Inner Join 0 to 2
                keys:
                  0 
                  1 
                  2 
                outputColumnNames: _col0, _col2, _col3, _col4, _col5, _col6, _col7, _col8, _col9, _col11, _col12, _col19, _col28, _col35, _col49, _col52, _col73, _col77, _col108, _col114, _col139, _col145
                Statistics: Num rows: 8181931160336059678 Data size: 9223372036854775807 Basic stats: COMPLETE Column stats: NONE
                Map Join Operator
                  condition map:
                       Inner Join 0 to 1
                  keys:
                    0 _col7 (type: int)
                    1 s_store_sk (type: int)
                  outputColumnNames: _col0, _col2, _col3, _col4, _col5, _col6, _col7, _col8, _col9, _col11, _col12, _col19, _col28, _col35, _col49, _col52, _col73, _col77, _col108, _col114, _col139, _col145, _col170, _col175, _col195
                  input vertices:
                    1 Map 20
                  Statistics: Num rows: 9000124471442105344 Data size: 9223372036854775807 Basic stats: COMPLETE Column stats: NONE
                  Reduce Output Operator
                    key expressions: _col3 (type: int), _col108 (type: int), _col139 (type: int)
                    sort order: +++
                    Map-reduce partition columns: _col3 (type: int), _col108 (type: int), _col139 (type: int)
                    Statistics: Num rows: 9000124471442105344 Data size: 9223372036854775807 Basic stats: COMPLETE Column stats: NONE
                    value expressions: _col0 (type: int), _col2 (type: int), _col4 (type: int), _col5 (type: int), _col6 (type: int), _col7 (type: int), _col8 (type: int), _col9 (type: int), _col11 (type: decimal(7,2)), _col12 (type: decimal(7,2)), _col19 (type: decimal(7,2)), _col28 (type: int), _col35 (type: int), _col49 (type: int), _col52 (type: int), _col73 (type: string), _col77 (type: int), _col114 (type: int), _col145 (type: int), _col170 (type: int), _col175 (type: string), _col195 (type: string)
        Reducer 7 
            Local Work:
              Map Reduce Local Work
            Reduce Operator Tree:
              Join Operator
                condition map:
                     Inner Join 0 to 1
                keys:
                  0 _col3 (type: int), _col108 (type: int), _col139 (type: int)
                  1 c_customer_sk (type: int), c_first_sales_date_sk (type: int), c_first_shipto_date_sk (type: int)
                outputColumnNames: _col0, _col2, _col3, _col4, _col5, _col6, _col7, _col8, _col9, _col11, _col12, _col19, _col28, _col35, _col49, _col52, _col73, _col77, _col108, _col114, _col139, _col145, _col170, _col175, _col195, _col202, _col204, _col205, _col206, _col207, _col208
                Statistics: Num rows: 9223372036854775807 Data size: 9223372036854775807 Basic stats: COMPLETE Column stats: NONE
                Map Join Operator
                  condition map:
                       Inner Join 0 to 1
                  keys:
                    0 _col4 (type: int)
                    1 cd_demo_sk (type: int)
                  outputColumnNames: _col0, _col2, _col3, _col4, _col5, _col6, _col7, _col8, _col9, _col11, _col12, _col19, _col28, _col35, _col49, _col52, _col73, _col77, _col108, _col114, _col139, _col145, _col170, _col175, _col195, _col202, _col204, _col205, _col206, _col207, _col208, _col223, _col225
                  input vertices:
                    1 Map 22
                  Statistics: Num rows: 9223372036854775807 Data size: 9223372036854775807 Basic stats: COMPLETE Column stats: NONE
                  Map Join Operator
                    condition map:
                         Inner Join 0 to 1
                    keys:
                      0 _col204 (type: int)
                      1 cd_demo_sk (type: int)
                    outputColumnNames: _col0, _col2, _col3, _col4, _col5, _col6, _col7, _col8, _col9, _col11, _col12, _col19, _col28, _col35, _col49, _col52, _col73, _col77, _col108, _col114, _col139, _col145, _col170, _col175, _col195, _col202, _col204, _col205, _col206, _col207, _col208, _col223, _col225, _col235, _col237
                    input vertices:
                      1 Map 23
                    Statistics: Num rows: 9223372036854775807 Data size: 9223372036854775807 Basic stats: COMPLETE Column stats: NONE
                    Map Join Operator
                      condition map:
                           Inner Join 0 to 1
                      keys:
                        0 _col8 (type: int)
                        1 p_promo_sk (type: int)
                      outputColumnNames: _col0, _col2, _col3, _col4, _col5, _col6, _col7, _col8, _col9, _col11, _col12, _col19, _col28, _col35, _col49, _col52, _col73, _col77, _col108, _col114, _col139, _col145, _col170, _col175, _col195, _col202, _col204, _col205, _col206, _col207, _col208, _col223, _col225, _col235, _col237, _col247
                      input vertices:
                        1 Map 24
                      Statistics: Num rows: 9223372036854775807 Data size: 9223372036854775807 Basic stats: COMPLETE Column stats: NONE
                      Map Join Operator
                        condition map:
                             Inner Join 0 to 1
                        keys:
                          0 _col5 (type: int)
                          1 hd_demo_sk (type: int)
                        outputColumnNames: _col0, _col2, _col3, _col4, _col5, _col6, _col7, _col8, _col9, _col11, _col12, _col19, _col28, _col35, _col49, _col52, _col73, _col77, _col108, _col114, _col139, _col145, _col170, _col175, _col195, _col202, _col204, _col205, _col206, _col207, _col208, _col223, _col225, _col235, _col237, _col247, _col269, _col270
                        input vertices:
                          1 Map 25
                        Statistics: Num rows: 9223372036854775807 Data size: 9223372036854775807 Basic stats: COMPLETE Column stats: NONE
                        Map Join Operator
                          condition map:
                               Inner Join 0 to 1
                          keys:
                            0 _col205 (type: int)
                            1 hd_demo_sk (type: int)
                          outputColumnNames: _col0, _col2, _col3, _col4, _col5, _col6, _col7, _col8, _col9, _col11, _col12, _col19, _col28, _col35, _col49, _col52, _col73, _col77, _col108, _col114, _col139, _col145, _col170, _col175, _col195, _col202, _col204, _col205, _col206, _col207, _col208, _col223, _col225, _col235, _col237, _col247, _col269, _col270, _col277, _col278
                          input vertices:
                            1 Map 26
                          Statistics: Num rows: 9223372036854775807 Data size: 9223372036854775807 Basic stats: COMPLETE Column stats: NONE
                          Reduce Output Operator
                            key expressions: _col6 (type: int)
                            sort order: +
                            Map-reduce partition columns: _col6 (type: int)
                            Statistics: Num rows: 9223372036854775807 Data size: 9223372036854775807 Basic stats: COMPLETE Column stats: NONE
                            value expressions: _col0 (type: int), _col2 (type: int), _col3 (type: int), _col4 (type: int), _col5 (type: int), _col7 (type: int), _col8 (type: int), _col9 (type: int), _col11 (type: decimal(7,2)), _col12 (type: decimal(7,2)), _col19 (type: decimal(7,2)), _col28 (type: int), _col35 (type: int), _col49 (type: int), _col52 (type: int), _col73 (type: string), _col77 (type: int), _col108 (type: int), _col114 (type: int), _col139 (type: int), _col145 (type: int), _col170 (type: int), _col175 (type: string), _col195 (type: string), _col202 (type: int), _col204 (type: int), _col205 (type: int), _col206 (type: int), _col207 (type: int), _col208 (type: int), _col223 (type: int), _col225 (type: string), _col235 (type: int), _col237 (type: string), _col247 (type: int), _col269 (type: int), _col270 (type: int), _col277 (type: int), _col278 (type: int)
        Reducer 8 
            Reduce Operator Tree:
              Join Operator
                condition map:
                     Inner Join 0 to 1
                keys:
                  0 _col6 (type: int)
                  1 ca_address_sk (type: int)
                outputColumnNames: _col0, _col2, _col3, _col4, _col5, _col6, _col7, _col8, _col9, _col11, _col12, _col19, _col28, _col35, _col49, _col52, _col73, _col77, _col108, _col114, _col139, _col145, _col170, _col175, _col195, _col202, _col204, _col205, _col206, _col207, _col208, _col223, _col225, _col235, _col237, _col247, _col269, _col270, _col277, _col278, _col285, _col287, _col288, _col291, _col294
                Statistics: Num rows: 9223372036854775807 Data size: 9223372036854775807 Basic stats: COMPLETE Column stats: NONE
                Reduce Output Operator
                  key expressions: _col206 (type: int)
                  sort order: +
                  Map-reduce partition columns: _col206 (type: int)
                  Statistics: Num rows: 9223372036854775807 Data size: 9223372036854775807 Basic stats: COMPLETE Column stats: NONE
                  value expressions: _col0 (type: int), _col2 (type: int), _col3 (type: int), _col4 (type: int), _col5 (type: int), _col6 (type: int), _col7 (type: int), _col8 (type: int), _col9 (type: int), _col11 (type: decimal(7,2)), _col12 (type: decimal(7,2)), _col19 (type: decimal(7,2)), _col28 (type: int), _col35 (type: int), _col49 (type: int), _col52 (type: int), _col73 (type: string), _col77 (type: int), _col108 (type: int), _col114 (type: int), _col139 (type: int), _col145 (type: int), _col170 (type: int), _col175 (type: string), _col195 (type: string), _col202 (type: int), _col204 (type: int), _col205 (type: int), _col207 (type: int), _col208 (type: int), _col223 (type: int), _col225 (type: string), _col235 (type: int), _col237 (type: string), _col247 (type: int), _col269 (type: int), _col270 (type: int), _col277 (type: int), _col278 (type: int), _col285 (type: int), _col287 (type: string), _col288 (type: string), _col291 (type: string), _col294 (type: string)
        Reducer 9 
            Local Work:
              Map Reduce Local Work
            Reduce Operator Tree:
              Join Operator
                condition map:
                     Inner Join 0 to 1
                keys:
                  0 _col206 (type: int)
                  1 ca_address_sk (type: int)
                outputColumnNames: _col0, _col2, _col3, _col4, _col5, _col6, _col7, _col8, _col9, _col11, _col12, _col19, _col28, _col35, _col49, _col52, _col73, _col77, _col108, _col114, _col139, _col145, _col170, _col175, _col195, _col202, _col204, _col205, _col206, _col207, _col208, _col223, _col225, _col235, _col237, _col247, _col269, _col270, _col277, _col278, _col285, _col287, _col288, _col291, _col294, _col301, _col303, _col304, _col307, _col310
                Statistics: Num rows: 9223372036854775807 Data size: 9223372036854775807 Basic stats: COMPLETE Column stats: NONE
                Map Join Operator
                  condition map:
                       Inner Join 0 to 1
                  keys:
                    0 _col270 (type: int)
                    1 ib_income_band_sk (type: int)
                  outputColumnNames: _col0, _col2, _col3, _col4, _col5, _col6, _col7, _col8, _col9, _col11, _col12, _col19, _col28, _col35, _col49, _col52, _col73, _col77, _col108, _col114, _col139, _col145, _col170, _col175, _col195, _col202, _col204, _col205, _col206, _col207, _col208, _col223, _col225, _col235, _col237, _col247, _col269, _col270, _col277, _col278, _col285, _col287, _col288, _col291, _col294, _col301, _col303, _col304, _col307, _col310, _col317
                  input vertices:
                    1 Map 29
                  Statistics: Num rows: 9223372036854775807 Data size: 9223372036854775807 Basic stats: COMPLETE Column stats: NONE
                  Map Join Operator
                    condition map:
                         Inner Join 0 to 1
                    keys:
                      0 _col278 (type: int)
                      1 ib_income_band_sk (type: int)
                    outputColumnNames: _col0, _col2, _col3, _col4, _col5, _col6, _col7, _col8, _col9, _col11, _col12, _col19, _col28, _col35, _col49, _col52, _col73, _col77, _col108, _col114, _col139, _col145, _col170, _col175, _col195, _col202, _col204, _col205, _col206, _col207, _col208, _col223, _col225, _col235, _col237, _col247, _col269, _col270, _col277, _col278, _col285, _col287, _col288, _col291, _col294, _col301, _col303, _col304, _col307, _col310, _col317, _col323
                    input vertices:
                      1 Map 30
                    Statistics: Num rows: 9223372036854775807 Data size: 9223372036854775807 Basic stats: COMPLETE Column stats: NONE
                    Filter Operator
                      predicate: ((_col225 <> _col237) and (_col270 = _col317) and (_col7 = _col170) and (_col0 = _col77) and (_col3 = _col202) and (_col4 = _col223) and (_col5 = _col269) and (_col6 = _col285) and (_col2 = _col52) and (_col2 = _col28) and (_col9 = _col35) and (_col2 = _col49) and (_col8 = _col247) and (_col278 = _col323) and (_col204 = _col235) and (_col205 = _col277) and (_col206 = _col301) and (_col208 = _col108) and (_col207 = _col139)) (type: boolean)
                      Statistics: Num rows: 35184372088831 Data size: 35184372088831 Basic stats: COMPLETE Column stats: NONE
                      Select Operator
                        expressions: _col11 (type: decimal(7,2)), _col12 (type: decimal(7,2)), _col19 (type: decimal(7,2)), _col52 (type: int), _col73 (type: string), _col114 (type: int), _col145 (type: int), _col175 (type: string), _col195 (type: string), _col287 (type: string), _col288 (type: string), _col291 (type: string), _col294 (type: string), _col303 (type: string), _col304 (type: string), _col307 (type: string), _col310 (type: string)
                        outputColumnNames: _col11, _col12, _col19, _col52, _col73, _col114, _col145, _col175, _col195, _col287, _col288, _col291, _col294, _col303, _col304, _col307, _col310
                        Statistics: Num rows: 35184372088831 Data size: 35184372088831 Basic stats: COMPLETE Column stats: NONE
                        Group By Operator
                          aggregations: count(), sum(_col11), sum(_col12), sum(_col19)
                          keys: _col73 (type: string), _col52 (type: int), _col175 (type: string), _col195 (type: string), _col287 (type: string), _col288 (type: string), _col291 (type: string), _col294 (type: string), _col303 (type: string), _col304 (type: string), _col307 (type: string), _col310 (type: string), 2000 (type: int), _col114 (type: int), _col145 (type: int)
                          mode: hash
                          outputColumnNames: _col0, _col1, _col2, _col3, _col4, _col5, _col6, _col7, _col8, _col9, _col10, _col11, _col12, _col13, _col14, _col15, _col16, _col17, _col18
                          Statistics: Num rows: 35184372088831 Data size: 35184372088831 Basic stats: COMPLETE Column stats: NONE
                          Reduce Output Operator
                            key expressions: _col0 (type: string), _col1 (type: int), _col2 (type: string), _col3 (type: string), _col4 (type: string), _col5 (type: string), _col6 (type: string), _col7 (type: string), _col8 (type: string), _col9 (type: string), _col10 (type: string), _col11 (type: string), 2000 (type: int), _col13 (type: int), _col14 (type: int)
                            sort order: +++++++++++++++
                            Map-reduce partition columns: _col0 (type: string), _col1 (type: int), _col2 (type: string), _col3 (type: string), _col4 (type: string), _col5 (type: string), _col6 (type: string), _col7 (type: string), _col8 (type: string), _col9 (type: string), _col10 (type: string), _col11 (type: string), 2000 (type: int), _col13 (type: int), _col14 (type: int)
                            Statistics: Num rows: 35184372088831 Data size: 35184372088831 Basic stats: COMPLETE Column stats: NONE
                            value expressions: _col15 (type: bigint), _col16 (type: decimal(17,2)), _col17 (type: decimal(17,2)), _col18 (type: decimal(17,2))

  Stage: Stage-0
    Fetch Operator
      limit: -1
      Processor Tree:
        ListSink

