PREHOOK: query: explain
select i_brand_id brand_id, i_brand brand,t_hour,t_minute,
 	sum(ext_price) ext_price
 from item, (select ws_ext_sales_price as ext_price, 
                        ws_sold_date_sk as sold_date_sk,
                        ws_item_sk as sold_item_sk,
                        ws_sold_time_sk as time_sk  
                 from web_sales,date_dim
                 where d_date_sk = ws_sold_date_sk
                   and d_moy=12
                   and d_year=2001
                 union all
                 select cs_ext_sales_price as ext_price,
                        cs_sold_date_sk as sold_date_sk,
                        cs_item_sk as sold_item_sk,
                        cs_sold_time_sk as time_sk
                 from catalog_sales,date_dim
                 where d_date_sk = cs_sold_date_sk
                   and d_moy=12
                   and d_year=2001
                 union all
                 select ss_ext_sales_price as ext_price,
                        ss_sold_date_sk as sold_date_sk,
                        ss_item_sk as sold_item_sk,
                        ss_sold_time_sk as time_sk
                 from store_sales,date_dim
                 where d_date_sk = ss_sold_date_sk
                   and d_moy=12
                   and d_year=2001
                 ) as tmp,time_dim
 where
   sold_item_sk = i_item_sk
   and i_manager_id=1
   and time_sk = t_time_sk
   and (t_meal_time = 'breakfast' or t_meal_time = 'dinner')
 group by i_brand, i_brand_id,t_hour,t_minute
 order by ext_price desc, i_brand_id
PREHOOK: type: QUERY
PREHOOK: Input: default@catalog_sales
PREHOOK: Input: default@date_dim
PREHOOK: Input: default@item
PREHOOK: Input: default@store_sales
PREHOOK: Input: default@time_dim
PREHOOK: Input: default@web_sales
#### A masked pattern was here ####
POSTHOOK: query: explain
select i_brand_id brand_id, i_brand brand,t_hour,t_minute,
 	sum(ext_price) ext_price
 from item, (select ws_ext_sales_price as ext_price, 
                        ws_sold_date_sk as sold_date_sk,
                        ws_item_sk as sold_item_sk,
                        ws_sold_time_sk as time_sk  
                 from web_sales,date_dim
                 where d_date_sk = ws_sold_date_sk
                   and d_moy=12
                   and d_year=2001
                 union all
                 select cs_ext_sales_price as ext_price,
                        cs_sold_date_sk as sold_date_sk,
                        cs_item_sk as sold_item_sk,
                        cs_sold_time_sk as time_sk
                 from catalog_sales,date_dim
                 where d_date_sk = cs_sold_date_sk
                   and d_moy=12
                   and d_year=2001
                 union all
                 select ss_ext_sales_price as ext_price,
                        ss_sold_date_sk as sold_date_sk,
                        ss_item_sk as sold_item_sk,
                        ss_sold_time_sk as time_sk
                 from store_sales,date_dim
                 where d_date_sk = ss_sold_date_sk
                   and d_moy=12
                   and d_year=2001
                 ) as tmp,time_dim
 where
   sold_item_sk = i_item_sk
   and i_manager_id=1
   and time_sk = t_time_sk
   and (t_meal_time = 'breakfast' or t_meal_time = 'dinner')
 group by i_brand, i_brand_id,t_hour,t_minute
 order by ext_price desc, i_brand_id
POSTHOOK: type: QUERY
POSTHOOK: Input: default@catalog_sales
POSTHOOK: Input: default@date_dim
POSTHOOK: Input: default@item
POSTHOOK: Input: default@store_sales
POSTHOOK: Input: default@time_dim
POSTHOOK: Input: default@web_sales
#### A masked pattern was here ####
STAGE DEPENDENCIES:
  Stage-1 is a root stage
  Stage-0 depends on stages: Stage-1

STAGE PLANS:
  Stage: Stage-1
    Spark
      Edges:
        Reducer 12 <- Map 11 (PARTITION-LEVEL SORT, 398), Map 13 (PARTITION-LEVEL SORT, 398)
        Reducer 2 <- Map 1 (PARTITION-LEVEL SORT, 154), Map 7 (PARTITION-LEVEL SORT, 154)
        Reducer 3 <- Map 14 (PARTITION-LEVEL SORT, 473), Reducer 12 (PARTITION-LEVEL SORT, 473), Reducer 2 (PARTITION-LEVEL SORT, 473), Reducer 9 (PARTITION-LEVEL SORT, 473)
        Reducer 4 <- Map 15 (PARTITION-LEVEL SORT, 518), Reducer 3 (PARTITION-LEVEL SORT, 518)
        Reducer 9 <- Map 10 (PARTITION-LEVEL SORT, 305), Map 8 (PARTITION-LEVEL SORT, 305)
        Reducer 5 <- Reducer 4 (GROUP, 143)
        Reducer 6 <- Reducer 5 (SORT, 1)
#### A masked pattern was here ####
      Vertices:
        Map 1 
            Map Operator Tree:
                TableScan
                  alias: web_sales
                  Statistics: Num rows: 144002668 Data size: 19580198212 Basic stats: COMPLETE Column stats: NONE
                  Filter Operator
                    predicate: (ws_sold_date_sk is not null and ws_item_sk is not null and ws_sold_time_sk is not null) (type: boolean)
                    Statistics: Num rows: 144002668 Data size: 19580198212 Basic stats: COMPLETE Column stats: NONE
                    Reduce Output Operator
                      key expressions: ws_sold_date_sk (type: int)
                      sort order: +
                      Map-reduce partition columns: ws_sold_date_sk (type: int)
                      Statistics: Num rows: 144002668 Data size: 19580198212 Basic stats: COMPLETE Column stats: NONE
                      value expressions: ws_sold_time_sk (type: int), ws_item_sk (type: int), ws_ext_sales_price (type: decimal(7,2))
        Map 10 
            Map Operator Tree:
                TableScan
                  alias: date_dim
                  Statistics: Num rows: 73049 Data size: 81741831 Basic stats: COMPLETE Column stats: NONE
                  Filter Operator
                    predicate: (d_date_sk is not null and (d_moy = 12) and (d_year = 2001)) (type: boolean)
                    Statistics: Num rows: 18262 Data size: 20435178 Basic stats: COMPLETE Column stats: NONE
                    Reduce Output Operator
                      key expressions: d_date_sk (type: int)
                      sort order: +
                      Map-reduce partition columns: d_date_sk (type: int)
                      Statistics: Num rows: 18262 Data size: 20435178 Basic stats: COMPLETE Column stats: NONE
        Map 11 
            Map Operator Tree:
                TableScan
                  alias: store_sales
                  Statistics: Num rows: 575995635 Data size: 50814502088 Basic stats: COMPLETE Column stats: NONE
                  Filter Operator
                    predicate: (ss_sold_date_sk is not null and ss_item_sk is not null and ss_sold_time_sk is not null) (type: boolean)
                    Statistics: Num rows: 575995635 Data size: 50814502088 Basic stats: COMPLETE Column stats: NONE
                    Reduce Output Operator
                      key expressions: ss_sold_date_sk (type: int)
                      sort order: +
                      Map-reduce partition columns: ss_sold_date_sk (type: int)
                      Statistics: Num rows: 575995635 Data size: 50814502088 Basic stats: COMPLETE Column stats: NONE
                      value expressions: ss_sold_time_sk (type: int), ss_item_sk (type: int), ss_ext_sales_price (type: decimal(7,2))
        Map 13 
            Map Operator Tree:
                TableScan
                  alias: date_dim
                  Statistics: Num rows: 73049 Data size: 81741831 Basic stats: COMPLETE Column stats: NONE
                  Filter Operator
                    predicate: (d_date_sk is not null and (d_moy = 12) and (d_year = 2001)) (type: boolean)
                    Statistics: Num rows: 18262 Data size: 20435178 Basic stats: COMPLETE Column stats: NONE
                    Reduce Output Operator
                      key expressions: d_date_sk (type: int)
                      sort order: +
                      Map-reduce partition columns: d_date_sk (type: int)
                      Statistics: Num rows: 18262 Data size: 20435178 Basic stats: COMPLETE Column stats: NONE
        Map 14 
            Map Operator Tree:
                TableScan
                  alias: item
                  Statistics: Num rows: 462000 Data size: 663560457 Basic stats: COMPLETE Column stats: NONE
                  Filter Operator
                    predicate: (i_item_sk is not null and (i_manager_id = 1)) (type: boolean)
                    Statistics: Num rows: 231000 Data size: 331780228 Basic stats: COMPLETE Column stats: NONE
                    Reduce Output Operator
                      key expressions: i_item_sk (type: int)
                      sort order: +
                      Map-reduce partition columns: i_item_sk (type: int)
                      Statistics: Num rows: 231000 Data size: 331780228 Basic stats: COMPLETE Column stats: NONE
                      value expressions: i_brand_id (type: int), i_brand (type: string)
        Map 15 
            Map Operator Tree:
                TableScan
                  alias: time_dim
                  Statistics: Num rows: 86400 Data size: 40694400 Basic stats: COMPLETE Column stats: NONE
                  Filter Operator
                    predicate: (t_time_sk is not null and ((t_meal_time = 'breakfast') or (t_meal_time = 'dinner'))) (type: boolean)
                    Statistics: Num rows: 86400 Data size: 40694400 Basic stats: COMPLETE Column stats: NONE
                    Reduce Output Operator
                      key expressions: t_time_sk (type: int)
                      sort order: +
                      Map-reduce partition columns: t_time_sk (type: int)
                      Statistics: Num rows: 86400 Data size: 40694400 Basic stats: COMPLETE Column stats: NONE
                      value expressions: t_hour (type: int), t_minute (type: int)
        Map 7 
            Map Operator Tree:
                TableScan
                  alias: date_dim
                  Statistics: Num rows: 73049 Data size: 81741831 Basic stats: COMPLETE Column stats: NONE
                  Filter Operator
                    predicate: (d_date_sk is not null and (d_moy = 12) and (d_year = 2001)) (type: boolean)
                    Statistics: Num rows: 18262 Data size: 20435178 Basic stats: COMPLETE Column stats: NONE
                    Reduce Output Operator
                      key expressions: d_date_sk (type: int)
                      sort order: +
                      Map-reduce partition columns: d_date_sk (type: int)
                      Statistics: Num rows: 18262 Data size: 20435178 Basic stats: COMPLETE Column stats: NONE
        Map 8 
            Map Operator Tree:
                TableScan
                  alias: catalog_sales
                  Statistics: Num rows: 287989836 Data size: 38999608952 Basic stats: COMPLETE Column stats: NONE
                  Filter Operator
                    predicate: (cs_sold_date_sk is not null and cs_item_sk is not null and cs_sold_time_sk is not null) (type: boolean)
                    Statistics: Num rows: 287989836 Data size: 38999608952 Basic stats: COMPLETE Column stats: NONE
                    Reduce Output Operator
                      key expressions: cs_sold_date_sk (type: int)
                      sort order: +
                      Map-reduce partition columns: cs_sold_date_sk (type: int)
                      Statistics: Num rows: 287989836 Data size: 38999608952 Basic stats: COMPLETE Column stats: NONE
                      value expressions: cs_sold_time_sk (type: int), cs_item_sk (type: int), cs_ext_sales_price (type: decimal(7,2))
        Reducer 12 
            Reduce Operator Tree:
              Join Operator
                condition map:
                     Inner Join 0 to 1
                outputColumnNames: _col0, _col1, _col2, _col15, _col26
                Statistics: Num rows: 633595212 Data size: 55895953508 Basic stats: COMPLETE Column stats: NONE
                Filter Operator
                  predicate: (_col26 = _col0) (type: boolean)
                  Statistics: Num rows: 316797606 Data size: 27947976754 Basic stats: COMPLETE Column stats: NONE
                  Select Operator
                    expressions: _col15 (type: decimal(7,2)), _col2 (type: int), _col1 (type: int)
                    outputColumnNames: _col0, _col2, _col3
                    Statistics: Num rows: 316797606 Data size: 27947976754 Basic stats: COMPLETE Column stats: NONE
                    Reduce Output Operator
                      key expressions: _col2 (type: int)
                      sort order: +
                      Map-reduce partition columns: _col2 (type: int)
                      Statistics: Num rows: 554393488 Data size: 60166871392 Basic stats: COMPLETE Column stats: NONE
                      value expressions: _col0 (type: decimal(7,2)), _col3 (type: int)
        Reducer 2 
            Reduce Operator Tree:
              Join Operator
                condition map:
                     Inner Join 0 to 1
                outputColumnNames: _col0, _col1, _col3, _col23, _col37
                Statistics: Num rows: 158402938 Data size: 21538218500 Basic stats: COMPLETE Column stats: NONE
                Filter Operator
                  predicate: (_col37 = _col0) (type: boolean)
                  Statistics: Num rows: 79201469 Data size: 10769109250 Basic stats: COMPLETE Column stats: NONE
                  Select Operator
                    expressions: _col23 (type: decimal(7,2)), _col3 (type: int), _col1 (type: int)
                    outputColumnNames: _col0, _col2, _col3
                    Statistics: Num rows: 79201469 Data size: 10769109250 Basic stats: COMPLETE Column stats: NONE
                    Reduce Output Operator
                      key expressions: _col2 (type: int)
                      sort order: +
                      Map-reduce partition columns: _col2 (type: int)
                      Statistics: Num rows: 554393488 Data size: 60166871392 Basic stats: COMPLETE Column stats: NONE
                      value expressions: _col0 (type: decimal(7,2)), _col3 (type: int)
        Reducer 3 
            Reduce Operator Tree:
              Join Operator
                condition map:
                     Inner Join 0 to 1
                keys:
                  0 i_item_sk (type: int)
                  1 _col2 (type: int)
                outputColumnNames: _col0, _col7, _col8, _col25, _col27, _col28
                Statistics: Num rows: 609832850 Data size: 66183559965 Basic stats: COMPLETE Column stats: NONE
                Reduce Output Operator
                  key expressions: _col28 (type: int)
                  sort order: +
                  Map-reduce partition columns: _col28 (type: int)
                  Statistics: Num rows: 609832850 Data size: 66183559965 Basic stats: COMPLETE Column stats: NONE
                  value expressions: _col0 (type: int), _col7 (type: int), _col8 (type: string), _col25 (type: decimal(7,2)), _col27 (type: int)
        Reducer 4 
            Reduce Operator Tree:
              Join Operator
                condition map:
                     Inner Join 0 to 1
                keys:
                  0 _col28 (type: int)
                  1 t_time_sk (type: int)
                outputColumnNames: _col0, _col7, _col8, _col25, _col27, _col28, _col29, _col32, _col33
                Statistics: Num rows: 670816149 Data size: 72801917539 Basic stats: COMPLETE Column stats: NONE
                Filter Operator
                  predicate: ((_col27 = _col0) and (_col28 = _col29)) (type: boolean)
                  Statistics: Num rows: 167704037 Data size: 18200479357 Basic stats: COMPLETE Column stats: NONE
                  Select Operator
                    expressions: _col7 (type: int), _col8 (type: string), _col25 (type: decimal(7,2)), _col32 (type: int), _col33 (type: int)
                    outputColumnNames: _col7, _col8, _col25, _col32, _col33
                    Statistics: Num rows: 167704037 Data size: 18200479357 Basic stats: COMPLETE Column stats: NONE
                    Group By Operator
                      aggregations: sum(_col25)
                      keys: _col8 (type: string), _col7 (type: int), _col32 (type: int), _col33 (type: int)
                      mode: hash
                      outputColumnNames: _col0, _col1, _col2, _col3, _col4
                      Statistics: Num rows: 167704037 Data size: 18200479357 Basic stats: COMPLETE Column stats: NONE
                      Reduce Output Operator
                        key expressions: _col0 (type: string), _col1 (type: int), _col2 (type: int), _col3 (type: int)
                        sort order: ++++
                        Map-reduce partition columns: _col0 (type: string), _col1 (type: int), _col2 (type: int), _col3 (type: int)
                        Statistics: Num rows: 167704037 Data size: 18200479357 Basic stats: COMPLETE Column stats: NONE
                        value expressions: _col4 (type: decimal(17,2))
        Reducer 5 
            Reduce Operator Tree:
              Group By Operator
                aggregations: sum(VALUE._col0)
                keys: KEY._col0 (type: string), KEY._col1 (type: int), KEY._col2 (type: int), KEY._col3 (type: int)
                mode: mergepartial
                outputColumnNames: _col0, _col1, _col2, _col3, _col4
                Statistics: Num rows: 83852018 Data size: 9100239624 Basic stats: COMPLETE Column stats: NONE
                Select Operator
                  expressions: _col1 (type: int), _col0 (type: string), _col2 (type: int), _col3 (type: int), _col4 (type: decimal(17,2))
                  outputColumnNames: _col0, _col1, _col2, _col3, _col4
                  Statistics: Num rows: 83852018 Data size: 9100239624 Basic stats: COMPLETE Column stats: NONE
                  Reduce Output Operator
                    key expressions: _col4 (type: decimal(17,2)), _col0 (type: int)
                    sort order: -+
                    Statistics: Num rows: 83852018 Data size: 9100239624 Basic stats: COMPLETE Column stats: NONE
                    value expressions: _col1 (type: string), _col2 (type: int), _col3 (type: int)
        Reducer 6 
            Reduce Operator Tree:
              Select Operator
                expressions: KEY.reducesinkkey1 (type: int), VALUE._col0 (type: string), VALUE._col1 (type: int), VALUE._col2 (type: int), KEY.reducesinkkey0 (type: decimal(17,2))
                outputColumnNames: _col0, _col1, _col2, _col3, _col4
                Statistics: Num rows: 83852018 Data size: 9100239624 Basic stats: COMPLETE Column stats: NONE
                File Output Operator
                  compressed: false
                  Statistics: Num rows: 83852018 Data size: 9100239624 Basic stats: COMPLETE Column stats: NONE
                  table:
                      input format: org.apache.hadoop.mapred.SequenceFileInputFormat
                      output format: org.apache.hadoop.hive.ql.io.HiveSequenceFileOutputFormat
                      serde: org.apache.hadoop.hive.serde2.lazy.LazySimpleSerDe
        Reducer 9 
            Reduce Operator Tree:
              Join Operator
                condition map:
                     Inner Join 0 to 1
                outputColumnNames: _col0, _col1, _col15, _col23, _col37
                Statistics: Num rows: 316788826 Data size: 42899570777 Basic stats: COMPLETE Column stats: NONE
                Filter Operator
                  predicate: (_col37 = _col0) (type: boolean)
                  Statistics: Num rows: 158394413 Data size: 21449785388 Basic stats: COMPLETE Column stats: NONE
                  Select Operator
                    expressions: _col23 (type: decimal(7,2)), _col15 (type: int), _col1 (type: int)
                    outputColumnNames: _col0, _col2, _col3
                    Statistics: Num rows: 158394413 Data size: 21449785388 Basic stats: COMPLETE Column stats: NONE
                    Reduce Output Operator
                      key expressions: _col2 (type: int)
                      sort order: +
                      Map-reduce partition columns: _col2 (type: int)
                      Statistics: Num rows: 554393488 Data size: 60166871392 Basic stats: COMPLETE Column stats: NONE
                      value expressions: _col0 (type: decimal(7,2)), _col3 (type: int)

  Stage: Stage-0
    Fetch Operator
      limit: -1
      Processor Tree:
        ListSink

