Warning: Map Join MAPJOIN[103][bigTable=?] in task 'Stage-1:MAPRED' is a cross product
PREHOOK: query: explain
select  promotions,total,cast(promotions as decimal(15,4))/cast(total as decimal(15,4))*100
from
  (select sum(ss_ext_sales_price) promotions
   from  store_sales
        ,store
        ,promotion
        ,date_dim
        ,customer
        ,customer_address 
        ,item
   where ss_sold_date_sk = d_date_sk
   and   ss_store_sk = s_store_sk
   and   ss_promo_sk = p_promo_sk
   and   ss_customer_sk= c_customer_sk
   and   ca_address_sk = c_current_addr_sk
   and   ss_item_sk = i_item_sk 
   and   ca_gmt_offset = -7
   and   i_category = 'Electronics'
   and   (p_channel_dmail = 'Y' or p_channel_email = 'Y' or p_channel_tv = 'Y')
   and   s_gmt_offset = -7
   and   d_year = 1999
   and   d_moy  = 11) promotional_sales,
  (select sum(ss_ext_sales_price) total
   from  store_sales
        ,store
        ,date_dim
        ,customer
        ,customer_address
        ,item
   where ss_sold_date_sk = d_date_sk
   and   ss_store_sk = s_store_sk
   and   ss_customer_sk= c_customer_sk
   and   ca_address_sk = c_current_addr_sk
   and   ss_item_sk = i_item_sk
   and   ca_gmt_offset = -7
   and   i_category = 'Electronics'
   and   s_gmt_offset = -7
   and   d_year = 1999
   and   d_moy  = 11) all_sales
order by promotions, total
limit 100
PREHOOK: type: QUERY
PREHOOK: Input: default@customer
PREHOOK: Input: default@customer_address
PREHOOK: Input: default@date_dim
PREHOOK: Input: default@item
PREHOOK: Input: default@promotion
PREHOOK: Input: default@store
PREHOOK: Input: default@store_sales
#### A masked pattern was here ####
POSTHOOK: query: explain
select  promotions,total,cast(promotions as decimal(15,4))/cast(total as decimal(15,4))*100
from
  (select sum(ss_ext_sales_price) promotions
   from  store_sales
        ,store
        ,promotion
        ,date_dim
        ,customer
        ,customer_address 
        ,item
   where ss_sold_date_sk = d_date_sk
   and   ss_store_sk = s_store_sk
   and   ss_promo_sk = p_promo_sk
   and   ss_customer_sk= c_customer_sk
   and   ca_address_sk = c_current_addr_sk
   and   ss_item_sk = i_item_sk 
   and   ca_gmt_offset = -7
   and   i_category = 'Electronics'
   and   (p_channel_dmail = 'Y' or p_channel_email = 'Y' or p_channel_tv = 'Y')
   and   s_gmt_offset = -7
   and   d_year = 1999
   and   d_moy  = 11) promotional_sales,
  (select sum(ss_ext_sales_price) total
   from  store_sales
        ,store
        ,date_dim
        ,customer
        ,customer_address
        ,item
   where ss_sold_date_sk = d_date_sk
   and   ss_store_sk = s_store_sk
   and   ss_customer_sk= c_customer_sk
   and   ca_address_sk = c_current_addr_sk
   and   ss_item_sk = i_item_sk
   and   ca_gmt_offset = -7
   and   i_category = 'Electronics'
   and   s_gmt_offset = -7
   and   d_year = 1999
   and   d_moy  = 11) all_sales
order by promotions, total
limit 100
POSTHOOK: type: QUERY
POSTHOOK: Input: default@customer
POSTHOOK: Input: default@customer_address
POSTHOOK: Input: default@date_dim
POSTHOOK: Input: default@item
POSTHOOK: Input: default@promotion
POSTHOOK: Input: default@store
POSTHOOK: Input: default@store_sales
#### A masked pattern was here ####
STAGE DEPENDENCIES:
  Stage-3 is a root stage
  Stage-2 depends on stages: Stage-3
  Stage-4 depends on stages: Stage-2
  Stage-1 depends on stages: Stage-4
  Stage-0 depends on stages: Stage-1

STAGE PLANS:
  Stage: Stage-3
    Spark
#### A masked pattern was here ####
      Vertices:
        Map 20 
            Map Operator Tree:
                TableScan
                  alias: store
                  Statistics: Num rows: 1704 Data size: 3256276 Basic stats: COMPLETE Column stats: NONE
                  Filter Operator
                    predicate: (s_store_sk is not null and (s_gmt_offset = -7)) (type: boolean)
                    Statistics: Num rows: 852 Data size: 1628138 Basic stats: COMPLETE Column stats: NONE
                    Spark HashTable Sink Operator
                      keys:
                        0 ss_store_sk (type: int)
                        1 s_store_sk (type: int)
            Local Work:
              Map Reduce Local Work

  Stage: Stage-2
    Spark
      Edges:
        Reducer 15 <- Map 14 (PARTITION-LEVEL SORT, 437), Map 21 (PARTITION-LEVEL SORT, 437)
        Reducer 16 <- Map 22 (PARTITION-LEVEL SORT, 1009), Reducer 15 (PARTITION-LEVEL SORT, 1009)
        Reducer 17 <- Map 23 (PARTITION-LEVEL SORT, 687), Reducer 16 (PARTITION-LEVEL SORT, 687)
        Reducer 18 <- Map 24 (PARTITION-LEVEL SORT, 584), Reducer 17 (PARTITION-LEVEL SORT, 584)
        Reducer 19 <- Reducer 18 (GROUP, 1)
#### A masked pattern was here ####
      Vertices:
        Map 14 
            Map Operator Tree:
                TableScan
                  alias: store_sales
                  Statistics: Num rows: 575995635 Data size: 50814502088 Basic stats: COMPLETE Column stats: NONE
                  Filter Operator
                    predicate: (ss_store_sk is not null and ss_sold_date_sk is not null and ss_customer_sk is not null and ss_item_sk is not null) (type: boolean)
                    Statistics: Num rows: 575995635 Data size: 50814502088 Basic stats: COMPLETE Column stats: NONE
                    Map Join Operator
                      condition map:
                           Inner Join 0 to 1
                      keys:
                        0 ss_store_sk (type: int)
                        1 s_store_sk (type: int)
                      outputColumnNames: _col0, _col2, _col3, _col7, _col15, _col26
                      input vertices:
                        1 Map 20
                      Statistics: Num rows: 633595212 Data size: 55895953508 Basic stats: COMPLETE Column stats: NONE
                      Reduce Output Operator
                        key expressions: _col0 (type: int)
                        sort order: +
                        Map-reduce partition columns: _col0 (type: int)
                        Statistics: Num rows: 633595212 Data size: 55895953508 Basic stats: COMPLETE Column stats: NONE
                        value expressions: _col2 (type: int), _col3 (type: int), _col7 (type: int), _col15 (type: decimal(7,2)), _col26 (type: int)
            Local Work:
              Map Reduce Local Work
        Map 21 
            Map Operator Tree:
                TableScan
                  alias: date_dim
                  Statistics: Num rows: 73049 Data size: 81741831 Basic stats: COMPLETE Column stats: NONE
                  Filter Operator
                    predicate: (d_date_sk is not null and (d_year = 1999) and (d_moy = 11)) (type: boolean)
                    Statistics: Num rows: 18262 Data size: 20435178 Basic stats: COMPLETE Column stats: NONE
                    Reduce Output Operator
                      key expressions: d_date_sk (type: int)
                      sort order: +
                      Map-reduce partition columns: d_date_sk (type: int)
                      Statistics: Num rows: 18262 Data size: 20435178 Basic stats: COMPLETE Column stats: NONE
        Map 22 
            Map Operator Tree:
                TableScan
                  alias: customer
                  Statistics: Num rows: 80000000 Data size: 68801615852 Basic stats: COMPLETE Column stats: NONE
                  Filter Operator
                    predicate: (c_customer_sk is not null and c_current_addr_sk is not null) (type: boolean)
                    Statistics: Num rows: 80000000 Data size: 68801615852 Basic stats: COMPLETE Column stats: NONE
                    Reduce Output Operator
                      key expressions: c_customer_sk (type: int)
                      sort order: +
                      Map-reduce partition columns: c_customer_sk (type: int)
                      Statistics: Num rows: 80000000 Data size: 68801615852 Basic stats: COMPLETE Column stats: NONE
                      value expressions: c_current_addr_sk (type: int)
        Map 23 
            Map Operator Tree:
                TableScan
                  alias: customer_address
                  Statistics: Num rows: 40000000 Data size: 40595195284 Basic stats: COMPLETE Column stats: NONE
                  Filter Operator
                    predicate: (ca_address_sk is not null and (ca_gmt_offset = -7)) (type: boolean)
                    Statistics: Num rows: 20000000 Data size: 20297597642 Basic stats: COMPLETE Column stats: NONE
                    Reduce Output Operator
                      key expressions: ca_address_sk (type: int)
                      sort order: +
                      Map-reduce partition columns: ca_address_sk (type: int)
                      Statistics: Num rows: 20000000 Data size: 20297597642 Basic stats: COMPLETE Column stats: NONE
        Map 24 
            Map Operator Tree:
                TableScan
                  alias: item
                  Statistics: Num rows: 462000 Data size: 663560457 Basic stats: COMPLETE Column stats: NONE
                  Filter Operator
                    predicate: (i_item_sk is not null and (i_category = 'Electronics')) (type: boolean)
                    Statistics: Num rows: 231000 Data size: 331780228 Basic stats: COMPLETE Column stats: NONE
                    Reduce Output Operator
                      key expressions: i_item_sk (type: int)
                      sort order: +
                      Map-reduce partition columns: i_item_sk (type: int)
                      Statistics: Num rows: 231000 Data size: 331780228 Basic stats: COMPLETE Column stats: NONE
        Reducer 15 
            Reduce Operator Tree:
              Join Operator
                condition map:
                     Inner Join 0 to 1
                keys:
                  0 _col0 (type: int)
                  1 d_date_sk (type: int)
                outputColumnNames: _col0, _col2, _col3, _col7, _col15, _col26, _col58
                Statistics: Num rows: 696954748 Data size: 61485550191 Basic stats: COMPLETE Column stats: NONE
                Reduce Output Operator
                  key expressions: _col3 (type: int)
                  sort order: +
                  Map-reduce partition columns: _col3 (type: int)
                  Statistics: Num rows: 696954748 Data size: 61485550191 Basic stats: COMPLETE Column stats: NONE
                  value expressions: _col0 (type: int), _col2 (type: int), _col7 (type: int), _col15 (type: decimal(7,2)), _col26 (type: int), _col58 (type: int)
        Reducer 16 
            Reduce Operator Tree:
              Join Operator
                condition map:
                     Inner Join 0 to 1
                keys:
                  0 _col3 (type: int)
                  1 c_customer_sk (type: int)
                outputColumnNames: _col0, _col2, _col3, _col7, _col15, _col26, _col58, _col89, _col93
                Statistics: Num rows: 766650239 Data size: 67634106676 Basic stats: COMPLETE Column stats: NONE
                Reduce Output Operator
                  key expressions: _col93 (type: int)
                  sort order: +
                  Map-reduce partition columns: _col93 (type: int)
                  Statistics: Num rows: 766650239 Data size: 67634106676 Basic stats: COMPLETE Column stats: NONE
                  value expressions: _col0 (type: int), _col2 (type: int), _col3 (type: int), _col7 (type: int), _col15 (type: decimal(7,2)), _col26 (type: int), _col58 (type: int), _col89 (type: int)
        Reducer 17 
            Reduce Operator Tree:
              Join Operator
                condition map:
                     Inner Join 0 to 1
                keys:
                  0 _col93 (type: int)
                  1 ca_address_sk (type: int)
                outputColumnNames: _col0, _col2, _col3, _col7, _col15, _col26, _col58, _col89, _col93, _col110
                Statistics: Num rows: 843315281 Data size: 74397518956 Basic stats: COMPLETE Column stats: NONE
                Reduce Output Operator
                  key expressions: _col2 (type: int)
                  sort order: +
                  Map-reduce partition columns: _col2 (type: int)
                  Statistics: Num rows: 843315281 Data size: 74397518956 Basic stats: COMPLETE Column stats: NONE
                  value expressions: _col0 (type: int), _col3 (type: int), _col7 (type: int), _col15 (type: decimal(7,2)), _col26 (type: int), _col58 (type: int), _col89 (type: int), _col93 (type: int), _col110 (type: int)
        Reducer 18 
            Reduce Operator Tree:
              Join Operator
                condition map:
                     Inner Join 0 to 1
                keys:
                  0 _col2 (type: int)
                  1 i_item_sk (type: int)
                outputColumnNames: _col0, _col2, _col3, _col7, _col15, _col26, _col58, _col89, _col93, _col110, _col126
                Statistics: Num rows: 927646829 Data size: 81837272625 Basic stats: COMPLETE Column stats: NONE
                Filter Operator
                  predicate: ((_col110 = _col93) and (_col0 = _col58) and (_col7 = _col26) and (_col3 = _col89) and (_col2 = _col126)) (type: boolean)
                  Statistics: Num rows: 28988963 Data size: 2557414733 Basic stats: COMPLETE Column stats: NONE
                  Select Operator
                    expressions: _col15 (type: decimal(7,2))
                    outputColumnNames: _col15
                    Statistics: Num rows: 28988963 Data size: 2557414733 Basic stats: COMPLETE Column stats: NONE
                    Group By Operator
                      aggregations: sum(_col15)
                      mode: hash
                      outputColumnNames: _col0
                      Statistics: Num rows: 1 Data size: 112 Basic stats: COMPLETE Column stats: NONE
                      Reduce Output Operator
                        sort order: 
                        Statistics: Num rows: 1 Data size: 112 Basic stats: COMPLETE Column stats: NONE
                        value expressions: _col0 (type: decimal(17,2))
        Reducer 19 
            Local Work:
              Map Reduce Local Work
            Reduce Operator Tree:
              Group By Operator
                aggregations: sum(VALUE._col0)
                mode: mergepartial
                outputColumnNames: _col0
                Statistics: Num rows: 1 Data size: 112 Basic stats: COMPLETE Column stats: NONE
                Spark HashTable Sink Operator
                  keys:
                    0 
                    1 

  Stage: Stage-4
    Spark
#### A masked pattern was here ####
      Vertices:
        Map 8 
            Map Operator Tree:
                TableScan
                  alias: store
                  Statistics: Num rows: 1704 Data size: 3256276 Basic stats: COMPLETE Column stats: NONE
                  Filter Operator
                    predicate: (s_store_sk is not null and (s_gmt_offset = -7)) (type: boolean)
                    Statistics: Num rows: 852 Data size: 1628138 Basic stats: COMPLETE Column stats: NONE
                    Spark HashTable Sink Operator
                      keys:
                        0 ss_store_sk (type: int)
                        1 s_store_sk (type: int)
            Local Work:
              Map Reduce Local Work
        Map 9 
            Map Operator Tree:
                TableScan
                  alias: promotion
                  Statistics: Num rows: 2300 Data size: 2713420 Basic stats: COMPLETE Column stats: NONE
                  Filter Operator
                    predicate: (p_promo_sk is not null and ((p_channel_dmail = 'Y') or (p_channel_email = 'Y') or (p_channel_tv = 'Y'))) (type: boolean)
                    Statistics: Num rows: 2300 Data size: 2713420 Basic stats: COMPLETE Column stats: NONE
                    Spark HashTable Sink Operator
                      keys:
                        0 _col8 (type: int)
                        1 p_promo_sk (type: int)
            Local Work:
              Map Reduce Local Work

  Stage: Stage-1
    Spark
      Edges:
        Reducer 2 <- Map 1 (PARTITION-LEVEL SORT, 481), Map 10 (PARTITION-LEVEL SORT, 481)
        Reducer 3 <- Map 11 (PARTITION-LEVEL SORT, 1009), Reducer 2 (PARTITION-LEVEL SORT, 1009)
        Reducer 4 <- Map 12 (PARTITION-LEVEL SORT, 740), Reducer 3 (PARTITION-LEVEL SORT, 740)
        Reducer 5 <- Map 13 (PARTITION-LEVEL SORT, 642), Reducer 4 (PARTITION-LEVEL SORT, 642)
        Reducer 6 <- Reducer 5 (GROUP, 1)
        Reducer 7 <- Reducer 6 (SORT, 1)
#### A masked pattern was here ####
      Vertices:
        Map 1 
            Map Operator Tree:
                TableScan
                  alias: store_sales
                  Statistics: Num rows: 575995635 Data size: 50814502088 Basic stats: COMPLETE Column stats: NONE
                  Filter Operator
                    predicate: (ss_store_sk is not null and ss_promo_sk is not null and ss_sold_date_sk is not null and ss_customer_sk is not null and ss_item_sk is not null) (type: boolean)
                    Statistics: Num rows: 575995635 Data size: 50814502088 Basic stats: COMPLETE Column stats: NONE
                    Map Join Operator
                      condition map:
                           Inner Join 0 to 1
                      keys:
                        0 ss_store_sk (type: int)
                        1 s_store_sk (type: int)
                      outputColumnNames: _col0, _col2, _col3, _col7, _col8, _col15, _col26
                      input vertices:
                        1 Map 8
                      Statistics: Num rows: 633595212 Data size: 55895953508 Basic stats: COMPLETE Column stats: NONE
                      Map Join Operator
                        condition map:
                             Inner Join 0 to 1
                        keys:
                          0 _col8 (type: int)
                          1 p_promo_sk (type: int)
                        outputColumnNames: _col0, _col2, _col3, _col7, _col8, _col15, _col26, _col58
                        input vertices:
                          1 Map 9
                        Statistics: Num rows: 696954748 Data size: 61485550191 Basic stats: COMPLETE Column stats: NONE
                        Reduce Output Operator
                          key expressions: _col0 (type: int)
                          sort order: +
                          Map-reduce partition columns: _col0 (type: int)
                          Statistics: Num rows: 696954748 Data size: 61485550191 Basic stats: COMPLETE Column stats: NONE
                          value expressions: _col2 (type: int), _col3 (type: int), _col7 (type: int), _col8 (type: int), _col15 (type: decimal(7,2)), _col26 (type: int), _col58 (type: int)
            Local Work:
              Map Reduce Local Work
        Map 10 
            Map Operator Tree:
                TableScan
                  alias: date_dim
                  Statistics: Num rows: 73049 Data size: 81741831 Basic stats: COMPLETE Column stats: NONE
                  Filter Operator
                    predicate: (d_date_sk is not null and (d_year = 1999) and (d_moy = 11)) (type: boolean)
                    Statistics: Num rows: 18262 Data size: 20435178 Basic stats: COMPLETE Column stats: NONE
                    Reduce Output Operator
                      key expressions: d_date_sk (type: int)
                      sort order: +
                      Map-reduce partition columns: d_date_sk (type: int)
                      Statistics: Num rows: 18262 Data size: 20435178 Basic stats: COMPLETE Column stats: NONE
        Map 11 
            Map Operator Tree:
                TableScan
                  alias: customer
                  Statistics: Num rows: 80000000 Data size: 68801615852 Basic stats: COMPLETE Column stats: NONE
                  Filter Operator
                    predicate: (c_customer_sk is not null and c_current_addr_sk is not null) (type: boolean)
                    Statistics: Num rows: 80000000 Data size: 68801615852 Basic stats: COMPLETE Column stats: NONE
                    Reduce Output Operator
                      key expressions: c_customer_sk (type: int)
                      sort order: +
                      Map-reduce partition columns: c_customer_sk (type: int)
                      Statistics: Num rows: 80000000 Data size: 68801615852 Basic stats: COMPLETE Column stats: NONE
                      value expressions: c_current_addr_sk (type: int)
        Map 12 
            Map Operator Tree:
                TableScan
                  alias: customer_address
                  Statistics: Num rows: 40000000 Data size: 40595195284 Basic stats: COMPLETE Column stats: NONE
                  Filter Operator
                    predicate: (ca_address_sk is not null and (ca_gmt_offset = -7)) (type: boolean)
                    Statistics: Num rows: 20000000 Data size: 20297597642 Basic stats: COMPLETE Column stats: NONE
                    Reduce Output Operator
                      key expressions: ca_address_sk (type: int)
                      sort order: +
                      Map-reduce partition columns: ca_address_sk (type: int)
                      Statistics: Num rows: 20000000 Data size: 20297597642 Basic stats: COMPLETE Column stats: NONE
        Map 13 
            Map Operator Tree:
                TableScan
                  alias: item
                  Statistics: Num rows: 462000 Data size: 663560457 Basic stats: COMPLETE Column stats: NONE
                  Filter Operator
                    predicate: (i_item_sk is not null and (i_category = 'Electronics')) (type: boolean)
                    Statistics: Num rows: 231000 Data size: 331780228 Basic stats: COMPLETE Column stats: NONE
                    Reduce Output Operator
                      key expressions: i_item_sk (type: int)
                      sort order: +
                      Map-reduce partition columns: i_item_sk (type: int)
                      Statistics: Num rows: 231000 Data size: 331780228 Basic stats: COMPLETE Column stats: NONE
        Reducer 2 
            Reduce Operator Tree:
              Join Operator
                condition map:
                     Inner Join 0 to 1
                keys:
                  0 _col0 (type: int)
                  1 d_date_sk (type: int)
                outputColumnNames: _col0, _col2, _col3, _col7, _col8, _col15, _col26, _col58, _col80
                Statistics: Num rows: 766650239 Data size: 67634106676 Basic stats: COMPLETE Column stats: NONE
                Reduce Output Operator
                  key expressions: _col3 (type: int)
                  sort order: +
                  Map-reduce partition columns: _col3 (type: int)
                  Statistics: Num rows: 766650239 Data size: 67634106676 Basic stats: COMPLETE Column stats: NONE
                  value expressions: _col0 (type: int), _col2 (type: int), _col7 (type: int), _col8 (type: int), _col15 (type: decimal(7,2)), _col26 (type: int), _col58 (type: int), _col80 (type: int)
        Reducer 3 
            Reduce Operator Tree:
              Join Operator
                condition map:
                     Inner Join 0 to 1
                keys:
                  0 _col3 (type: int)
                  1 c_customer_sk (type: int)
                outputColumnNames: _col0, _col2, _col3, _col7, _col8, _col15, _col26, _col58, _col80, _col111, _col115
                Statistics: Num rows: 843315281 Data size: 74397518956 Basic stats: COMPLETE Column stats: NONE
                Reduce Output Operator
                  key expressions: _col115 (type: int)
                  sort order: +
                  Map-reduce partition columns: _col115 (type: int)
                  Statistics: Num rows: 843315281 Data size: 74397518956 Basic stats: COMPLETE Column stats: NONE
                  value expressions: _col0 (type: int), _col2 (type: int), _col3 (type: int), _col7 (type: int), _col8 (type: int), _col15 (type: decimal(7,2)), _col26 (type: int), _col58 (type: int), _col80 (type: int), _col111 (type: int)
        Reducer 4 
            Reduce Operator Tree:
              Join Operator
                condition map:
                     Inner Join 0 to 1
                keys:
                  0 _col115 (type: int)
                  1 ca_address_sk (type: int)
                outputColumnNames: _col0, _col2, _col3, _col7, _col8, _col15, _col26, _col58, _col80, _col111, _col115, _col132
                Statistics: Num rows: 927646829 Data size: 81837272625 Basic stats: COMPLETE Column stats: NONE
                Reduce Output Operator
                  key expressions: _col2 (type: int)
                  sort order: +
                  Map-reduce partition columns: _col2 (type: int)
                  Statistics: Num rows: 927646829 Data size: 81837272625 Basic stats: COMPLETE Column stats: NONE
                  value expressions: _col0 (type: int), _col3 (type: int), _col7 (type: int), _col8 (type: int), _col15 (type: decimal(7,2)), _col26 (type: int), _col58 (type: int), _col80 (type: int), _col111 (type: int), _col115 (type: int), _col132 (type: int)
        Reducer 5 
            Reduce Operator Tree:
              Join Operator
                condition map:
                     Inner Join 0 to 1
                keys:
                  0 _col2 (type: int)
                  1 i_item_sk (type: int)
                outputColumnNames: _col0, _col2, _col3, _col7, _col8, _col15, _col26, _col58, _col80, _col111, _col115, _col132, _col148
                Statistics: Num rows: 1020411534 Data size: 90021001838 Basic stats: COMPLETE Column stats: NONE
                Filter Operator
                  predicate: ((_col132 = _col115) and (_col0 = _col80) and (_col7 = _col26) and (_col8 = _col58) and (_col3 = _col111) and (_col2 = _col148)) (type: boolean)
                  Statistics: Num rows: 15943930 Data size: 1406578134 Basic stats: COMPLETE Column stats: NONE
                  Select Operator
                    expressions: _col15 (type: decimal(7,2))
                    outputColumnNames: _col15
                    Statistics: Num rows: 15943930 Data size: 1406578134 Basic stats: COMPLETE Column stats: NONE
                    Group By Operator
                      aggregations: sum(_col15)
                      mode: hash
                      outputColumnNames: _col0
                      Statistics: Num rows: 1 Data size: 112 Basic stats: COMPLETE Column stats: NONE
                      Reduce Output Operator
                        sort order: 
                        Statistics: Num rows: 1 Data size: 112 Basic stats: COMPLETE Column stats: NONE
                        value expressions: _col0 (type: decimal(17,2))
        Reducer 6 
            Local Work:
              Map Reduce Local Work
            Reduce Operator Tree:
              Group By Operator
                aggregations: sum(VALUE._col0)
                mode: mergepartial
                outputColumnNames: _col0
                Statistics: Num rows: 1 Data size: 112 Basic stats: COMPLETE Column stats: NONE
                Map Join Operator
                  condition map:
                       Inner Join 0 to 1
                  keys:
                    0 
                    1 
                  outputColumnNames: _col0, _col1
                  input vertices:
                    1 Reducer 19
                  Statistics: Num rows: 1 Data size: 225 Basic stats: COMPLETE Column stats: NONE
                  Select Operator
                    expressions: _col0 (type: decimal(17,2)), _col1 (type: decimal(17,2)), ((CAST( _col0 AS decimal(15,4)) / CAST( _col1 AS decimal(15,4))) * 100) (type: decimal(38,20))
                    outputColumnNames: _col0, _col1, _col2
                    Statistics: Num rows: 1 Data size: 225 Basic stats: COMPLETE Column stats: NONE
                    Reduce Output Operator
                      key expressions: _col0 (type: decimal(17,2)), _col1 (type: decimal(17,2))
                      sort order: ++
                      Statistics: Num rows: 1 Data size: 225 Basic stats: COMPLETE Column stats: NONE
                      TopN Hash Memory Usage: 0.1
                      value expressions: _col2 (type: decimal(38,20))
        Reducer 7 
            Reduce Operator Tree:
              Select Operator
                expressions: KEY.reducesinkkey0 (type: decimal(17,2)), KEY.reducesinkkey1 (type: decimal(17,2)), VALUE._col0 (type: decimal(38,20))
                outputColumnNames: _col0, _col1, _col2
                Statistics: Num rows: 1 Data size: 225 Basic stats: COMPLETE Column stats: NONE
                Limit
                  Number of rows: 100
                  Statistics: Num rows: 1 Data size: 225 Basic stats: COMPLETE Column stats: NONE
                  File Output Operator
                    compressed: false
                    Statistics: Num rows: 1 Data size: 225 Basic stats: COMPLETE Column stats: NONE
                    table:
                        input format: org.apache.hadoop.mapred.SequenceFileInputFormat
                        output format: org.apache.hadoop.hive.ql.io.HiveSequenceFileOutputFormat
                        serde: org.apache.hadoop.hive.serde2.lazy.LazySimpleSerDe

  Stage: Stage-0
    Fetch Operator
      limit: 100
      Processor Tree:
        ListSink

