PREHOOK: query: explain
select  i_brand_id brand_id, i_brand brand, i_manufact_id, i_manufact,
 	sum(ss_ext_sales_price) ext_price
 from date_dim, store_sales, item,customer,customer_address,store
 where d_date_sk = ss_sold_date_sk
   and ss_item_sk = i_item_sk
   and i_manager_id=7
   and d_moy=11
   and d_year=1999
   and ss_customer_sk = c_customer_sk 
   and c_current_addr_sk = ca_address_sk
   and substr(ca_zip,1,5) <> substr(s_zip,1,5) 
   and ss_store_sk = s_store_sk 
 group by i_brand
      ,i_brand_id
      ,i_manufact_id
      ,i_manufact
 order by ext_price desc
         ,i_brand
         ,i_brand_id
         ,i_manufact_id
         ,i_manufact
limit 100
PREHOOK: type: QUERY
PREHOOK: Input: default@customer
PREHOOK: Input: default@customer_address
PREHOOK: Input: default@date_dim
PREHOOK: Input: default@item
PREHOOK: Input: default@store
PREHOOK: Input: default@store_sales
#### A masked pattern was here ####
POSTHOOK: query: explain
select  i_brand_id brand_id, i_brand brand, i_manufact_id, i_manufact,
 	sum(ss_ext_sales_price) ext_price
 from date_dim, store_sales, item,customer,customer_address,store
 where d_date_sk = ss_sold_date_sk
   and ss_item_sk = i_item_sk
   and i_manager_id=7
   and d_moy=11
   and d_year=1999
   and ss_customer_sk = c_customer_sk 
   and c_current_addr_sk = ca_address_sk
   and substr(ca_zip,1,5) <> substr(s_zip,1,5) 
   and ss_store_sk = s_store_sk 
 group by i_brand
      ,i_brand_id
      ,i_manufact_id
      ,i_manufact
 order by ext_price desc
         ,i_brand
         ,i_brand_id
         ,i_manufact_id
         ,i_manufact
limit 100
POSTHOOK: type: QUERY
POSTHOOK: Input: default@customer
POSTHOOK: Input: default@customer_address
POSTHOOK: Input: default@date_dim
POSTHOOK: Input: default@item
POSTHOOK: Input: default@store
POSTHOOK: Input: default@store_sales
#### A masked pattern was here ####
STAGE DEPENDENCIES:
  Stage-2 is a root stage
  Stage-1 depends on stages: Stage-2
  Stage-0 depends on stages: Stage-1

STAGE PLANS:
  Stage: Stage-2
    Spark
#### A masked pattern was here ####
      Vertices:
        Map 12 
            Map Operator Tree:
                TableScan
                  alias: store
                  Statistics: Num rows: 1704 Data size: 3256276 Basic stats: COMPLETE Column stats: NONE
                  Filter Operator
                    predicate: s_store_sk is not null (type: boolean)
                    Statistics: Num rows: 1704 Data size: 3256276 Basic stats: COMPLETE Column stats: NONE
                    Spark HashTable Sink Operator
                      keys:
                        0 _col38 (type: int)
                        1 s_store_sk (type: int)
            Local Work:
              Map Reduce Local Work

  Stage: Stage-1
    Spark
      Edges:
        Reducer 2 <- Map 1 (PARTITION-LEVEL SORT, 398), Map 8 (PARTITION-LEVEL SORT, 398)
        Reducer 3 <- Map 9 (PARTITION-LEVEL SORT, 440), Reducer 2 (PARTITION-LEVEL SORT, 440)
        Reducer 4 <- Map 10 (PARTITION-LEVEL SORT, 1009), Reducer 3 (PARTITION-LEVEL SORT, 1009)
        Reducer 5 <- Map 11 (PARTITION-LEVEL SORT, 846), Reducer 4 (PARTITION-LEVEL SORT, 846)
        Reducer 6 <- Reducer 5 (GROUP, 20)
        Reducer 7 <- Reducer 6 (SORT, 1)
#### A masked pattern was here ####
      Vertices:
        Map 1 
            Map Operator Tree:
                TableScan
                  alias: date_dim
                  Statistics: Num rows: 73049 Data size: 81741831 Basic stats: COMPLETE Column stats: NONE
                  Filter Operator
                    predicate: (d_date_sk is not null and (d_moy = 11) and (d_year = 1999)) (type: boolean)
                    Statistics: Num rows: 18262 Data size: 20435178 Basic stats: COMPLETE Column stats: NONE
                    Reduce Output Operator
                      key expressions: d_date_sk (type: int)
                      sort order: +
                      Map-reduce partition columns: d_date_sk (type: int)
                      Statistics: Num rows: 18262 Data size: 20435178 Basic stats: COMPLETE Column stats: NONE
        Map 10 
            Map Operator Tree:
                TableScan
                  alias: customer
                  Statistics: Num rows: 80000000 Data size: 68801615852 Basic stats: COMPLETE Column stats: NONE
                  Filter Operator
                    predicate: (c_customer_sk is not null and c_current_addr_sk is not null) (type: boolean)
                    Statistics: Num rows: 80000000 Data size: 68801615852 Basic stats: COMPLETE Column stats: NONE
                    Reduce Output Operator
                      key expressions: c_customer_sk (type: int)
                      sort order: +
                      Map-reduce partition columns: c_customer_sk (type: int)
                      Statistics: Num rows: 80000000 Data size: 68801615852 Basic stats: COMPLETE Column stats: NONE
                      value expressions: c_current_addr_sk (type: int)
        Map 11 
            Map Operator Tree:
                TableScan
                  alias: customer_address
                  Statistics: Num rows: 40000000 Data size: 40595195284 Basic stats: COMPLETE Column stats: NONE
                  Filter Operator
                    predicate: ca_address_sk is not null (type: boolean)
                    Statistics: Num rows: 40000000 Data size: 40595195284 Basic stats: COMPLETE Column stats: NONE
                    Reduce Output Operator
                      key expressions: ca_address_sk (type: int)
                      sort order: +
                      Map-reduce partition columns: ca_address_sk (type: int)
                      Statistics: Num rows: 40000000 Data size: 40595195284 Basic stats: COMPLETE Column stats: NONE
                      value expressions: ca_zip (type: string)
        Map 8 
            Map Operator Tree:
                TableScan
                  alias: store_sales
                  Statistics: Num rows: 575995635 Data size: 50814502088 Basic stats: COMPLETE Column stats: NONE
                  Filter Operator
                    predicate: (ss_sold_date_sk is not null and ss_item_sk is not null and ss_customer_sk is not null and ss_store_sk is not null) (type: boolean)
                    Statistics: Num rows: 575995635 Data size: 50814502088 Basic stats: COMPLETE Column stats: NONE
                    Reduce Output Operator
                      key expressions: ss_sold_date_sk (type: int)
                      sort order: +
                      Map-reduce partition columns: ss_sold_date_sk (type: int)
                      Statistics: Num rows: 575995635 Data size: 50814502088 Basic stats: COMPLETE Column stats: NONE
                      value expressions: ss_item_sk (type: int), ss_customer_sk (type: int), ss_store_sk (type: int), ss_ext_sales_price (type: decimal(7,2))
        Map 9 
            Map Operator Tree:
                TableScan
                  alias: item
                  Statistics: Num rows: 462000 Data size: 663560457 Basic stats: COMPLETE Column stats: NONE
                  Filter Operator
                    predicate: (i_item_sk is not null and (i_manager_id = 7)) (type: boolean)
                    Statistics: Num rows: 231000 Data size: 331780228 Basic stats: COMPLETE Column stats: NONE
                    Reduce Output Operator
                      key expressions: i_item_sk (type: int)
                      sort order: +
                      Map-reduce partition columns: i_item_sk (type: int)
                      Statistics: Num rows: 231000 Data size: 331780228 Basic stats: COMPLETE Column stats: NONE
                      value expressions: i_brand_id (type: int), i_brand (type: string), i_manufact_id (type: int), i_manufact (type: string)
        Reducer 2 
            Reduce Operator Tree:
              Join Operator
                condition map:
                     Inner Join 0 to 1
                keys:
                  0 d_date_sk (type: int)
                  1 ss_sold_date_sk (type: int)
                outputColumnNames: _col0, _col31, _col33, _col34, _col38, _col46
                Statistics: Num rows: 633595212 Data size: 55895953508 Basic stats: COMPLETE Column stats: NONE
                Reduce Output Operator
                  key expressions: _col33 (type: int)
                  sort order: +
                  Map-reduce partition columns: _col33 (type: int)
                  Statistics: Num rows: 633595212 Data size: 55895953508 Basic stats: COMPLETE Column stats: NONE
                  value expressions: _col0 (type: int), _col31 (type: int), _col34 (type: int), _col38 (type: int), _col46 (type: decimal(7,2))
        Reducer 3 
            Reduce Operator Tree:
              Join Operator
                condition map:
                     Inner Join 0 to 1
                keys:
                  0 _col33 (type: int)
                  1 i_item_sk (type: int)
                outputColumnNames: _col0, _col31, _col33, _col34, _col38, _col46, _col57, _col64, _col65, _col70, _col71
                Statistics: Num rows: 696954748 Data size: 61485550191 Basic stats: COMPLETE Column stats: NONE
                Reduce Output Operator
                  key expressions: _col34 (type: int)
                  sort order: +
                  Map-reduce partition columns: _col34 (type: int)
                  Statistics: Num rows: 696954748 Data size: 61485550191 Basic stats: COMPLETE Column stats: NONE
                  value expressions: _col0 (type: int), _col31 (type: int), _col33 (type: int), _col38 (type: int), _col46 (type: decimal(7,2)), _col57 (type: int), _col64 (type: int), _col65 (type: string), _col70 (type: int), _col71 (type: string)
        Reducer 4 
            Reduce Operator Tree:
              Join Operator
                condition map:
                     Inner Join 0 to 1
                keys:
                  0 _col34 (type: int)
                  1 c_customer_sk (type: int)
                outputColumnNames: _col0, _col31, _col33, _col34, _col38, _col46, _col57, _col64, _col65, _col70, _col71, _col82, _col86
                Statistics: Num rows: 766650239 Data size: 67634106676 Basic stats: COMPLETE Column stats: NONE
                Reduce Output Operator
                  key expressions: _col86 (type: int)
                  sort order: +
                  Map-reduce partition columns: _col86 (type: int)
                  Statistics: Num rows: 766650239 Data size: 67634106676 Basic stats: COMPLETE Column stats: NONE
                  value expressions: _col0 (type: int), _col31 (type: int), _col33 (type: int), _col34 (type: int), _col38 (type: int), _col46 (type: decimal(7,2)), _col57 (type: int), _col64 (type: int), _col65 (type: string), _col70 (type: int), _col71 (type: string), _col82 (type: int)
        Reducer 5 
            Local Work:
              Map Reduce Local Work
            Reduce Operator Tree:
              Join Operator
                condition map:
                     Inner Join 0 to 1
                keys:
                  0 _col86 (type: int)
                  1 ca_address_sk (type: int)
                outputColumnNames: _col0, _col31, _col33, _col34, _col38, _col46, _col57, _col64, _col65, _col70, _col71, _col82, _col86, _col103, _col112
                Statistics: Num rows: 843315281 Data size: 74397518956 Basic stats: COMPLETE Column stats: NONE
                Map Join Operator
                  condition map:
                       Inner Join 0 to 1
                  keys:
                    0 _col38 (type: int)
                    1 s_store_sk (type: int)
                  outputColumnNames: _col0, _col31, _col33, _col34, _col38, _col46, _col57, _col64, _col65, _col70, _col71, _col82, _col86, _col103, _col112, _col119, _col144
                  input vertices:
                    1 Map 12
                  Statistics: Num rows: 927646829 Data size: 81837272625 Basic stats: COMPLETE Column stats: NONE
                  Filter Operator
                    predicate: ((substr(_col112, 1, 5) <> substr(_col144, 1, 5)) and (_col0 = _col31) and (_col33 = _col57) and (_col34 = _col82) and (_col38 = _col119) and (_col86 = _col103)) (type: boolean)
                    Statistics: Num rows: 28988963 Data size: 2557414733 Basic stats: COMPLETE Column stats: NONE
                    Select Operator
                      expressions: _col46 (type: decimal(7,2)), _col64 (type: int), _col65 (type: string), _col70 (type: int), _col71 (type: string)
                      outputColumnNames: _col46, _col64, _col65, _col70, _col71
                      Statistics: Num rows: 28988963 Data size: 2557414733 Basic stats: COMPLETE Column stats: NONE
                      Group By Operator
                        aggregations: sum(_col46)
                        keys: _col65 (type: string), _col64 (type: int), _col70 (type: int), _col71 (type: string)
                        mode: hash
                        outputColumnNames: _col0, _col1, _col2, _col3, _col4
                        Statistics: Num rows: 28988963 Data size: 2557414733 Basic stats: COMPLETE Column stats: NONE
                        Reduce Output Operator
                          key expressions: _col0 (type: string), _col1 (type: int), _col2 (type: int), _col3 (type: string)
                          sort order: ++++
                          Map-reduce partition columns: _col0 (type: string), _col1 (type: int), _col2 (type: int), _col3 (type: string)
                          Statistics: Num rows: 28988963 Data size: 2557414733 Basic stats: COMPLETE Column stats: NONE
                          value expressions: _col4 (type: decimal(17,2))
        Reducer 6 
            Reduce Operator Tree:
              Group By Operator
                aggregations: sum(VALUE._col0)
                keys: KEY._col0 (type: string), KEY._col1 (type: int), KEY._col2 (type: int), KEY._col3 (type: string)
                mode: mergepartial
                outputColumnNames: _col0, _col1, _col2, _col3, _col4
                Statistics: Num rows: 14494481 Data size: 1278707322 Basic stats: COMPLETE Column stats: NONE
                Select Operator
                  expressions: _col1 (type: int), _col0 (type: string), _col2 (type: int), _col3 (type: string), _col4 (type: decimal(17,2))
                  outputColumnNames: _col0, _col1, _col2, _col3, _col4
                  Statistics: Num rows: 14494481 Data size: 1278707322 Basic stats: COMPLETE Column stats: NONE
                  Reduce Output Operator
                    key expressions: _col4 (type: decimal(17,2)), _col1 (type: string), _col0 (type: int), _col2 (type: int), _col3 (type: string)
                    sort order: -++++
                    Statistics: Num rows: 14494481 Data size: 1278707322 Basic stats: COMPLETE Column stats: NONE
                    TopN Hash Memory Usage: 0.1
        Reducer 7 
            Reduce Operator Tree:
              Select Operator
                expressions: KEY.reducesinkkey2 (type: int), KEY.reducesinkkey1 (type: string), KEY.reducesinkkey3 (type: int), KEY.reducesinkkey4 (type: string), KEY.reducesinkkey0 (type: decimal(17,2))
                outputColumnNames: _col0, _col1, _col2, _col3, _col4
                Statistics: Num rows: 14494481 Data size: 1278707322 Basic stats: COMPLETE Column stats: NONE
                Limit
                  Number of rows: 100
                  Statistics: Num rows: 100 Data size: 8800 Basic stats: COMPLETE Column stats: NONE
                  File Output Operator
                    compressed: false
                    Statistics: Num rows: 100 Data size: 8800 Basic stats: COMPLETE Column stats: NONE
                    table:
                        input format: org.apache.hadoop.mapred.SequenceFileInputFormat
                        output format: org.apache.hadoop.hive.ql.io.HiveSequenceFileOutputFormat
                        serde: org.apache.hadoop.hive.serde2.lazy.LazySimpleSerDe

  Stage: Stage-0
    Fetch Operator
      limit: 100
      Processor Tree:
        ListSink

