PREHOOK: query: explain
 with year_total as (
 select c_customer_id customer_id
       ,c_first_name customer_first_name
       ,c_last_name customer_last_name
       ,d_year as year
       ,max(ss_net_paid) year_total
       ,'s' sale_type
 from customer
     ,store_sales
     ,date_dim
 where c_customer_sk = ss_customer_sk
   and ss_sold_date_sk = d_date_sk
   and d_year in (2001,2001+1)
 group by c_customer_id
         ,c_first_name
         ,c_last_name
         ,d_year
 union all
 select c_customer_id customer_id
       ,c_first_name customer_first_name
       ,c_last_name customer_last_name
       ,d_year as year
       ,max(ws_net_paid) year_total
       ,'w' sale_type
 from customer
     ,web_sales
     ,date_dim
 where c_customer_sk = ws_bill_customer_sk
   and ws_sold_date_sk = d_date_sk
   and d_year in (2001,2001+1)
 group by c_customer_id
         ,c_first_name
         ,c_last_name
         ,d_year
         )
  select 
        t_s_secyear.customer_id, t_s_secyear.customer_first_name, t_s_secyear.customer_last_name
 from year_total t_s_firstyear
     ,year_total t_s_secyear
     ,year_total t_w_firstyear
     ,year_total t_w_secyear
 where t_s_secyear.customer_id = t_s_firstyear.customer_id
         and t_s_firstyear.customer_id = t_w_secyear.customer_id
         and t_s_firstyear.customer_id = t_w_firstyear.customer_id
         and t_s_firstyear.sale_type = 's'
         and t_w_firstyear.sale_type = 'w'
         and t_s_secyear.sale_type = 's'
         and t_w_secyear.sale_type = 'w'
         and t_s_firstyear.year = 2001
         and t_s_secyear.year = 2001+1
         and t_w_firstyear.year = 2001
         and t_w_secyear.year = 2001+1
         and t_s_firstyear.year_total > 0
         and t_w_firstyear.year_total > 0
         and case when t_w_firstyear.year_total > 0 then t_w_secyear.year_total / t_w_firstyear.year_total else null end
           > case when t_s_firstyear.year_total > 0 then t_s_secyear.year_total / t_s_firstyear.year_total else null end
 order by 2,1,3
limit 100
PREHOOK: type: QUERY
PREHOOK: Input: default@customer
PREHOOK: Input: default@date_dim
PREHOOK: Input: default@store_sales
PREHOOK: Input: default@web_sales
#### A masked pattern was here ####
POSTHOOK: query: explain
 with year_total as (
 select c_customer_id customer_id
       ,c_first_name customer_first_name
       ,c_last_name customer_last_name
       ,d_year as year
       ,max(ss_net_paid) year_total
       ,'s' sale_type
 from customer
     ,store_sales
     ,date_dim
 where c_customer_sk = ss_customer_sk
   and ss_sold_date_sk = d_date_sk
   and d_year in (2001,2001+1)
 group by c_customer_id
         ,c_first_name
         ,c_last_name
         ,d_year
 union all
 select c_customer_id customer_id
       ,c_first_name customer_first_name
       ,c_last_name customer_last_name
       ,d_year as year
       ,max(ws_net_paid) year_total
       ,'w' sale_type
 from customer
     ,web_sales
     ,date_dim
 where c_customer_sk = ws_bill_customer_sk
   and ws_sold_date_sk = d_date_sk
   and d_year in (2001,2001+1)
 group by c_customer_id
         ,c_first_name
         ,c_last_name
         ,d_year
         )
  select 
        t_s_secyear.customer_id, t_s_secyear.customer_first_name, t_s_secyear.customer_last_name
 from year_total t_s_firstyear
     ,year_total t_s_secyear
     ,year_total t_w_firstyear
     ,year_total t_w_secyear
 where t_s_secyear.customer_id = t_s_firstyear.customer_id
         and t_s_firstyear.customer_id = t_w_secyear.customer_id
         and t_s_firstyear.customer_id = t_w_firstyear.customer_id
         and t_s_firstyear.sale_type = 's'
         and t_w_firstyear.sale_type = 'w'
         and t_s_secyear.sale_type = 's'
         and t_w_secyear.sale_type = 'w'
         and t_s_firstyear.year = 2001
         and t_s_secyear.year = 2001+1
         and t_w_firstyear.year = 2001
         and t_w_secyear.year = 2001+1
         and t_s_firstyear.year_total > 0
         and t_w_firstyear.year_total > 0
         and case when t_w_firstyear.year_total > 0 then t_w_secyear.year_total / t_w_firstyear.year_total else null end
           > case when t_s_firstyear.year_total > 0 then t_s_secyear.year_total / t_s_firstyear.year_total else null end
 order by 2,1,3
limit 100
POSTHOOK: type: QUERY
POSTHOOK: Input: default@customer
POSTHOOK: Input: default@date_dim
POSTHOOK: Input: default@store_sales
POSTHOOK: Input: default@web_sales
#### A masked pattern was here ####
STAGE DEPENDENCIES:
  Stage-1 is a root stage
  Stage-0 depends on stages: Stage-1

STAGE PLANS:
  Stage: Stage-1
    Spark
      Edges:
        Reducer 10 <- Map 13 (PARTITION-LEVEL SORT, 691), Map 9 (PARTITION-LEVEL SORT, 691)
        Reducer 11 <- Map 14 (PARTITION-LEVEL SORT, 169), Reducer 10 (PARTITION-LEVEL SORT, 169)
        Reducer 16 <- Map 15 (PARTITION-LEVEL SORT, 935), Map 19 (PARTITION-LEVEL SORT, 935)
        Reducer 17 <- Map 20 (PARTITION-LEVEL SORT, 437), Reducer 16 (PARTITION-LEVEL SORT, 437)
        Reducer 2 <- Map 1 (PARTITION-LEVEL SORT, 935), Map 7 (PARTITION-LEVEL SORT, 935)
        Reducer 22 <- Map 21 (PARTITION-LEVEL SORT, 691), Map 25 (PARTITION-LEVEL SORT, 691)
        Reducer 23 <- Map 26 (PARTITION-LEVEL SORT, 169), Reducer 22 (PARTITION-LEVEL SORT, 169)
        Reducer 28 <- Map 27 (PARTITION-LEVEL SORT, 935), Map 31 (PARTITION-LEVEL SORT, 935)
        Reducer 29 <- Map 32 (PARTITION-LEVEL SORT, 437), Reducer 28 (PARTITION-LEVEL SORT, 437)
        Reducer 3 <- Map 8 (PARTITION-LEVEL SORT, 437), Reducer 2 (PARTITION-LEVEL SORT, 437)
        Reducer 34 <- Map 33 (PARTITION-LEVEL SORT, 691), Map 37 (PARTITION-LEVEL SORT, 691)
        Reducer 35 <- Map 38 (PARTITION-LEVEL SORT, 169), Reducer 34 (PARTITION-LEVEL SORT, 169)
        Reducer 40 <- Map 39 (PARTITION-LEVEL SORT, 935), Map 43 (PARTITION-LEVEL SORT, 935)
        Reducer 41 <- Map 44 (PARTITION-LEVEL SORT, 437), Reducer 40 (PARTITION-LEVEL SORT, 437)
        Reducer 46 <- Map 45 (PARTITION-LEVEL SORT, 691), Map 49 (PARTITION-LEVEL SORT, 691)
        Reducer 47 <- Map 50 (PARTITION-LEVEL SORT, 169), Reducer 46 (PARTITION-LEVEL SORT, 169)
        Reducer 12 <- Reducer 11 (GROUP, 24)
        Reducer 18 <- Reducer 17 (GROUP, 121)
        Reducer 24 <- Reducer 23 (GROUP, 24)
        Reducer 30 <- Reducer 29 (GROUP, 61)
        Reducer 36 <- Reducer 35 (GROUP, 47)
        Reducer 4 <- Reducer 3 (GROUP, 121)
        Reducer 42 <- Reducer 41 (GROUP, 61)
        Reducer 48 <- Reducer 47 (GROUP, 47)
        Reducer 5 <- Reducer 12 (PARTITION-LEVEL SORT, 167), Reducer 18 (PARTITION-LEVEL SORT, 167), Reducer 24 (PARTITION-LEVEL SORT, 167), Reducer 30 (PARTITION-LEVEL SORT, 167), Reducer 36 (PARTITION-LEVEL SORT, 167), Reducer 4 (PARTITION-LEVEL SORT, 167), Reducer 42 (PARTITION-LEVEL SORT, 167), Reducer 48 (PARTITION-LEVEL SORT, 167)
        Reducer 6 <- Reducer 5 (SORT, 1)
#### A masked pattern was here ####
      Vertices:
        Map 1 
            Map Operator Tree:
                TableScan
                  alias: customer
                  Statistics: Num rows: 80000000 Data size: 68801615852 Basic stats: COMPLETE Column stats: NONE
                  Filter Operator
                    predicate: (c_customer_sk is not null and c_customer_id is not null) (type: boolean)
                    Statistics: Num rows: 80000000 Data size: 68801615852 Basic stats: COMPLETE Column stats: NONE
                    Reduce Output Operator
                      key expressions: c_customer_sk (type: int)
                      sort order: +
                      Map-reduce partition columns: c_customer_sk (type: int)
                      Statistics: Num rows: 80000000 Data size: 68801615852 Basic stats: COMPLETE Column stats: NONE
                      value expressions: c_customer_id (type: string), c_first_name (type: string), c_last_name (type: string)
        Map 13 
            Map Operator Tree:
                TableScan
                  alias: web_sales
                  Statistics: Num rows: 144002668 Data size: 19580198212 Basic stats: COMPLETE Column stats: NONE
                  Filter Operator
                    predicate: (ws_bill_customer_sk is not null and ws_sold_date_sk is not null) (type: boolean)
                    Statistics: Num rows: 144002668 Data size: 19580198212 Basic stats: COMPLETE Column stats: NONE
                    Reduce Output Operator
                      key expressions: ws_bill_customer_sk (type: int)
                      sort order: +
                      Map-reduce partition columns: ws_bill_customer_sk (type: int)
                      Statistics: Num rows: 144002668 Data size: 19580198212 Basic stats: COMPLETE Column stats: NONE
                      value expressions: ws_sold_date_sk (type: int), ws_net_paid (type: decimal(7,2))
        Map 14 
            Map Operator Tree:
                TableScan
                  alias: date_dim
                  Statistics: Num rows: 73049 Data size: 81741831 Basic stats: COMPLETE Column stats: NONE
                  Filter Operator
                    predicate: (d_date_sk is not null and (d_year) IN (2001, 2002) and (d_year = 2001)) (type: boolean)
                    Statistics: Num rows: 18262 Data size: 20435178 Basic stats: COMPLETE Column stats: NONE
                    Reduce Output Operator
                      key expressions: d_date_sk (type: int)
                      sort order: +
                      Map-reduce partition columns: d_date_sk (type: int)
                      Statistics: Num rows: 18262 Data size: 20435178 Basic stats: COMPLETE Column stats: NONE
        Map 15 
            Map Operator Tree:
                TableScan
                  alias: customer
                  Statistics: Num rows: 80000000 Data size: 68801615852 Basic stats: COMPLETE Column stats: NONE
                  Filter Operator
                    predicate: (c_customer_sk is not null and c_customer_id is not null) (type: boolean)
                    Statistics: Num rows: 80000000 Data size: 68801615852 Basic stats: COMPLETE Column stats: NONE
                    Reduce Output Operator
                      key expressions: c_customer_sk (type: int)
                      sort order: +
                      Map-reduce partition columns: c_customer_sk (type: int)
                      Statistics: Num rows: 80000000 Data size: 68801615852 Basic stats: COMPLETE Column stats: NONE
                      value expressions: c_customer_id (type: string), c_first_name (type: string), c_last_name (type: string)
        Map 19 
            Map Operator Tree:
                TableScan
                  alias: store_sales
                  Statistics: Num rows: 575995635 Data size: 50814502088 Basic stats: COMPLETE Column stats: NONE
                  Filter Operator
                    predicate: (ss_customer_sk is not null and ss_sold_date_sk is not null) (type: boolean)
                    Statistics: Num rows: 575995635 Data size: 50814502088 Basic stats: COMPLETE Column stats: NONE
                    Reduce Output Operator
                      key expressions: ss_customer_sk (type: int)
                      sort order: +
                      Map-reduce partition columns: ss_customer_sk (type: int)
                      Statistics: Num rows: 575995635 Data size: 50814502088 Basic stats: COMPLETE Column stats: NONE
                      value expressions: ss_sold_date_sk (type: int), ss_net_paid (type: decimal(7,2))
        Map 20 
            Map Operator Tree:
                TableScan
                  alias: date_dim
                  Statistics: Num rows: 73049 Data size: 81741831 Basic stats: COMPLETE Column stats: NONE
                  Filter Operator
                    predicate: (d_date_sk is not null and (d_year) IN (2001, 2002) and (d_year = 2002)) (type: boolean)
                    Statistics: Num rows: 18262 Data size: 20435178 Basic stats: COMPLETE Column stats: NONE
                    Reduce Output Operator
                      key expressions: d_date_sk (type: int)
                      sort order: +
                      Map-reduce partition columns: d_date_sk (type: int)
                      Statistics: Num rows: 18262 Data size: 20435178 Basic stats: COMPLETE Column stats: NONE
        Map 21 
            Map Operator Tree:
                TableScan
                  alias: customer
                  Statistics: Num rows: 80000000 Data size: 68801615852 Basic stats: COMPLETE Column stats: NONE
                  Filter Operator
                    predicate: (c_customer_sk is not null and c_customer_id is not null) (type: boolean)
                    Statistics: Num rows: 80000000 Data size: 68801615852 Basic stats: COMPLETE Column stats: NONE
                    Reduce Output Operator
                      key expressions: c_customer_sk (type: int)
                      sort order: +
                      Map-reduce partition columns: c_customer_sk (type: int)
                      Statistics: Num rows: 80000000 Data size: 68801615852 Basic stats: COMPLETE Column stats: NONE
                      value expressions: c_customer_id (type: string), c_first_name (type: string), c_last_name (type: string)
        Map 25 
            Map Operator Tree:
                TableScan
                  alias: web_sales
                  Statistics: Num rows: 144002668 Data size: 19580198212 Basic stats: COMPLETE Column stats: NONE
                  Filter Operator
                    predicate: (ws_bill_customer_sk is not null and ws_sold_date_sk is not null) (type: boolean)
                    Statistics: Num rows: 144002668 Data size: 19580198212 Basic stats: COMPLETE Column stats: NONE
                    Reduce Output Operator
                      key expressions: ws_bill_customer_sk (type: int)
                      sort order: +
                      Map-reduce partition columns: ws_bill_customer_sk (type: int)
                      Statistics: Num rows: 144002668 Data size: 19580198212 Basic stats: COMPLETE Column stats: NONE
                      value expressions: ws_sold_date_sk (type: int), ws_net_paid (type: decimal(7,2))
        Map 26 
            Map Operator Tree:
                TableScan
                  alias: date_dim
                  Statistics: Num rows: 73049 Data size: 81741831 Basic stats: COMPLETE Column stats: NONE
                  Filter Operator
                    predicate: (d_date_sk is not null and (d_year) IN (2001, 2002) and (d_year = 2002)) (type: boolean)
                    Statistics: Num rows: 18262 Data size: 20435178 Basic stats: COMPLETE Column stats: NONE
                    Reduce Output Operator
                      key expressions: d_date_sk (type: int)
                      sort order: +
                      Map-reduce partition columns: d_date_sk (type: int)
                      Statistics: Num rows: 18262 Data size: 20435178 Basic stats: COMPLETE Column stats: NONE
        Map 27 
            Map Operator Tree:
                TableScan
                  alias: customer
                  Statistics: Num rows: 80000000 Data size: 68801615852 Basic stats: COMPLETE Column stats: NONE
                  Filter Operator
                    predicate: (c_customer_sk is not null and c_customer_id is not null) (type: boolean)
                    Statistics: Num rows: 80000000 Data size: 68801615852 Basic stats: COMPLETE Column stats: NONE
                    Reduce Output Operator
                      key expressions: c_customer_sk (type: int)
                      sort order: +
                      Map-reduce partition columns: c_customer_sk (type: int)
                      Statistics: Num rows: 80000000 Data size: 68801615852 Basic stats: COMPLETE Column stats: NONE
                      value expressions: c_customer_id (type: string), c_first_name (type: string), c_last_name (type: string)
        Map 31 
            Map Operator Tree:
                TableScan
                  alias: store_sales
                  Statistics: Num rows: 575995635 Data size: 50814502088 Basic stats: COMPLETE Column stats: NONE
                  Filter Operator
                    predicate: (ss_customer_sk is not null and ss_sold_date_sk is not null) (type: boolean)
                    Statistics: Num rows: 575995635 Data size: 50814502088 Basic stats: COMPLETE Column stats: NONE
                    Reduce Output Operator
                      key expressions: ss_customer_sk (type: int)
                      sort order: +
                      Map-reduce partition columns: ss_customer_sk (type: int)
                      Statistics: Num rows: 575995635 Data size: 50814502088 Basic stats: COMPLETE Column stats: NONE
                      value expressions: ss_sold_date_sk (type: int), ss_net_paid (type: decimal(7,2))
        Map 32 
            Map Operator Tree:
                TableScan
                  alias: date_dim
                  Statistics: Num rows: 73049 Data size: 81741831 Basic stats: COMPLETE Column stats: NONE
                  Filter Operator
                    predicate: (d_date_sk is not null and (d_year) IN (2001, 2002) and (d_year = 2001)) (type: boolean)
                    Statistics: Num rows: 18262 Data size: 20435178 Basic stats: COMPLETE Column stats: NONE
                    Reduce Output Operator
                      key expressions: d_date_sk (type: int)
                      sort order: +
                      Map-reduce partition columns: d_date_sk (type: int)
                      Statistics: Num rows: 18262 Data size: 20435178 Basic stats: COMPLETE Column stats: NONE
        Map 33 
            Map Operator Tree:
                TableScan
                  alias: customer
                  Statistics: Num rows: 80000000 Data size: 68801615852 Basic stats: COMPLETE Column stats: NONE
                  Filter Operator
                    predicate: (c_customer_sk is not null and c_customer_id is not null) (type: boolean)
                    Statistics: Num rows: 80000000 Data size: 68801615852 Basic stats: COMPLETE Column stats: NONE
                    Reduce Output Operator
                      key expressions: c_customer_sk (type: int)
                      sort order: +
                      Map-reduce partition columns: c_customer_sk (type: int)
                      Statistics: Num rows: 80000000 Data size: 68801615852 Basic stats: COMPLETE Column stats: NONE
                      value expressions: c_customer_id (type: string), c_first_name (type: string), c_last_name (type: string)
        Map 37 
            Map Operator Tree:
                TableScan
                  alias: web_sales
                  Statistics: Num rows: 144002668 Data size: 19580198212 Basic stats: COMPLETE Column stats: NONE
                  Filter Operator
                    predicate: (ws_bill_customer_sk is not null and ws_sold_date_sk is not null) (type: boolean)
                    Statistics: Num rows: 144002668 Data size: 19580198212 Basic stats: COMPLETE Column stats: NONE
                    Reduce Output Operator
                      key expressions: ws_bill_customer_sk (type: int)
                      sort order: +
                      Map-reduce partition columns: ws_bill_customer_sk (type: int)
                      Statistics: Num rows: 144002668 Data size: 19580198212 Basic stats: COMPLETE Column stats: NONE
                      value expressions: ws_sold_date_sk (type: int), ws_net_paid (type: decimal(7,2))
        Map 38 
            Map Operator Tree:
                TableScan
                  alias: date_dim
                  Statistics: Num rows: 73049 Data size: 81741831 Basic stats: COMPLETE Column stats: NONE
                  Filter Operator
                    predicate: (d_date_sk is not null and (d_year) IN (2001, 2002) and (d_year = 2001)) (type: boolean)
                    Statistics: Num rows: 18262 Data size: 20435178 Basic stats: COMPLETE Column stats: NONE
                    Reduce Output Operator
                      key expressions: d_date_sk (type: int)
                      sort order: +
                      Map-reduce partition columns: d_date_sk (type: int)
                      Statistics: Num rows: 18262 Data size: 20435178 Basic stats: COMPLETE Column stats: NONE
        Map 39 
            Map Operator Tree:
                TableScan
                  alias: customer
                  Statistics: Num rows: 80000000 Data size: 68801615852 Basic stats: COMPLETE Column stats: NONE
                  Filter Operator
                    predicate: (c_customer_sk is not null and c_customer_id is not null) (type: boolean)
                    Statistics: Num rows: 80000000 Data size: 68801615852 Basic stats: COMPLETE Column stats: NONE
                    Reduce Output Operator
                      key expressions: c_customer_sk (type: int)
                      sort order: +
                      Map-reduce partition columns: c_customer_sk (type: int)
                      Statistics: Num rows: 80000000 Data size: 68801615852 Basic stats: COMPLETE Column stats: NONE
                      value expressions: c_customer_id (type: string), c_first_name (type: string), c_last_name (type: string)
        Map 43 
            Map Operator Tree:
                TableScan
                  alias: store_sales
                  Statistics: Num rows: 575995635 Data size: 50814502088 Basic stats: COMPLETE Column stats: NONE
                  Filter Operator
                    predicate: (ss_customer_sk is not null and ss_sold_date_sk is not null) (type: boolean)
                    Statistics: Num rows: 575995635 Data size: 50814502088 Basic stats: COMPLETE Column stats: NONE
                    Reduce Output Operator
                      key expressions: ss_customer_sk (type: int)
                      sort order: +
                      Map-reduce partition columns: ss_customer_sk (type: int)
                      Statistics: Num rows: 575995635 Data size: 50814502088 Basic stats: COMPLETE Column stats: NONE
                      value expressions: ss_sold_date_sk (type: int), ss_net_paid (type: decimal(7,2))
        Map 44 
            Map Operator Tree:
                TableScan
                  alias: date_dim
                  Statistics: Num rows: 73049 Data size: 81741831 Basic stats: COMPLETE Column stats: NONE
                  Filter Operator
                    predicate: (d_date_sk is not null and (d_year) IN (2001, 2002) and (d_year = 2002)) (type: boolean)
                    Statistics: Num rows: 18262 Data size: 20435178 Basic stats: COMPLETE Column stats: NONE
                    Reduce Output Operator
                      key expressions: d_date_sk (type: int)
                      sort order: +
                      Map-reduce partition columns: d_date_sk (type: int)
                      Statistics: Num rows: 18262 Data size: 20435178 Basic stats: COMPLETE Column stats: NONE
        Map 45 
            Map Operator Tree:
                TableScan
                  alias: customer
                  Statistics: Num rows: 80000000 Data size: 68801615852 Basic stats: COMPLETE Column stats: NONE
                  Filter Operator
                    predicate: (c_customer_sk is not null and c_customer_id is not null) (type: boolean)
                    Statistics: Num rows: 80000000 Data size: 68801615852 Basic stats: COMPLETE Column stats: NONE
                    Reduce Output Operator
                      key expressions: c_customer_sk (type: int)
                      sort order: +
                      Map-reduce partition columns: c_customer_sk (type: int)
                      Statistics: Num rows: 80000000 Data size: 68801615852 Basic stats: COMPLETE Column stats: NONE
                      value expressions: c_customer_id (type: string), c_first_name (type: string), c_last_name (type: string)
        Map 49 
            Map Operator Tree:
                TableScan
                  alias: web_sales
                  Statistics: Num rows: 144002668 Data size: 19580198212 Basic stats: COMPLETE Column stats: NONE
                  Filter Operator
                    predicate: (ws_bill_customer_sk is not null and ws_sold_date_sk is not null) (type: boolean)
                    Statistics: Num rows: 144002668 Data size: 19580198212 Basic stats: COMPLETE Column stats: NONE
                    Reduce Output Operator
                      key expressions: ws_bill_customer_sk (type: int)
                      sort order: +
                      Map-reduce partition columns: ws_bill_customer_sk (type: int)
                      Statistics: Num rows: 144002668 Data size: 19580198212 Basic stats: COMPLETE Column stats: NONE
                      value expressions: ws_sold_date_sk (type: int), ws_net_paid (type: decimal(7,2))
        Map 50 
            Map Operator Tree:
                TableScan
                  alias: date_dim
                  Statistics: Num rows: 73049 Data size: 81741831 Basic stats: COMPLETE Column stats: NONE
                  Filter Operator
                    predicate: (d_date_sk is not null and (d_year) IN (2001, 2002) and (d_year = 2002)) (type: boolean)
                    Statistics: Num rows: 18262 Data size: 20435178 Basic stats: COMPLETE Column stats: NONE
                    Reduce Output Operator
                      key expressions: d_date_sk (type: int)
                      sort order: +
                      Map-reduce partition columns: d_date_sk (type: int)
                      Statistics: Num rows: 18262 Data size: 20435178 Basic stats: COMPLETE Column stats: NONE
        Map 7 
            Map Operator Tree:
                TableScan
                  alias: store_sales
                  Statistics: Num rows: 575995635 Data size: 50814502088 Basic stats: COMPLETE Column stats: NONE
                  Filter Operator
                    predicate: (ss_customer_sk is not null and ss_sold_date_sk is not null) (type: boolean)
                    Statistics: Num rows: 575995635 Data size: 50814502088 Basic stats: COMPLETE Column stats: NONE
                    Reduce Output Operator
                      key expressions: ss_customer_sk (type: int)
                      sort order: +
                      Map-reduce partition columns: ss_customer_sk (type: int)
                      Statistics: Num rows: 575995635 Data size: 50814502088 Basic stats: COMPLETE Column stats: NONE
                      value expressions: ss_sold_date_sk (type: int), ss_net_paid (type: decimal(7,2))
        Map 8 
            Map Operator Tree:
                TableScan
                  alias: date_dim
                  Statistics: Num rows: 73049 Data size: 81741831 Basic stats: COMPLETE Column stats: NONE
                  Filter Operator
                    predicate: (d_date_sk is not null and (d_year) IN (2001, 2002) and (d_year = 2001)) (type: boolean)
                    Statistics: Num rows: 18262 Data size: 20435178 Basic stats: COMPLETE Column stats: NONE
                    Reduce Output Operator
                      key expressions: d_date_sk (type: int)
                      sort order: +
                      Map-reduce partition columns: d_date_sk (type: int)
                      Statistics: Num rows: 18262 Data size: 20435178 Basic stats: COMPLETE Column stats: NONE
        Map 9 
            Map Operator Tree:
                TableScan
                  alias: customer
                  Statistics: Num rows: 80000000 Data size: 68801615852 Basic stats: COMPLETE Column stats: NONE
                  Filter Operator
                    predicate: (c_customer_sk is not null and c_customer_id is not null) (type: boolean)
                    Statistics: Num rows: 80000000 Data size: 68801615852 Basic stats: COMPLETE Column stats: NONE
                    Reduce Output Operator
                      key expressions: c_customer_sk (type: int)
                      sort order: +
                      Map-reduce partition columns: c_customer_sk (type: int)
                      Statistics: Num rows: 80000000 Data size: 68801615852 Basic stats: COMPLETE Column stats: NONE
                      value expressions: c_customer_id (type: string), c_first_name (type: string), c_last_name (type: string)
        Reducer 10 
            Reduce Operator Tree:
              Join Operator
                condition map:
                     Inner Join 0 to 1
                keys:
                  0 c_customer_sk (type: int)
                  1 ws_bill_customer_sk (type: int)
                outputColumnNames: _col0, _col1, _col8, _col9, _col21, _col25, _col50
                Statistics: Num rows: 158402938 Data size: 21538218500 Basic stats: COMPLETE Column stats: NONE
                Reduce Output Operator
                  key expressions: _col21 (type: int)
                  sort order: +
                  Map-reduce partition columns: _col21 (type: int)
                  Statistics: Num rows: 158402938 Data size: 21538218500 Basic stats: COMPLETE Column stats: NONE
                  value expressions: _col0 (type: int), _col1 (type: string), _col8 (type: string), _col9 (type: string), _col25 (type: int), _col50 (type: decimal(7,2))
        Reducer 11 
            Reduce Operator Tree:
              Join Operator
                condition map:
                     Inner Join 0 to 1
                keys:
                  0 _col21 (type: int)
                  1 d_date_sk (type: int)
                outputColumnNames: _col0, _col1, _col8, _col9, _col21, _col25, _col50, _col58
                Statistics: Num rows: 174243235 Data size: 23692040863 Basic stats: COMPLETE Column stats: NONE
                Filter Operator
                  predicate: ((_col21 = _col58) and (_col0 = _col25) and false) (type: boolean)
                  Statistics: Num rows: 21780404 Data size: 2961505056 Basic stats: COMPLETE Column stats: NONE
                  Select Operator
                    expressions: _col1 (type: string), _col8 (type: string), _col9 (type: string), _col50 (type: decimal(7,2))
                    outputColumnNames: _col1, _col8, _col9, _col50
                    Statistics: Num rows: 21780404 Data size: 2961505056 Basic stats: COMPLETE Column stats: NONE
                    Group By Operator
                      aggregations: max(_col50)
                      keys: _col1 (type: string), _col8 (type: string), _col9 (type: string), 2001 (type: int)
                      mode: hash
                      outputColumnNames: _col0, _col1, _col2, _col3, _col4
                      Statistics: Num rows: 21780404 Data size: 2961505056 Basic stats: COMPLETE Column stats: NONE
                      Reduce Output Operator
                        key expressions: _col0 (type: string), _col1 (type: string), _col2 (type: string), 2001 (type: int)
                        sort order: ++++
                        Map-reduce partition columns: _col0 (type: string), _col1 (type: string), _col2 (type: string), 2001 (type: int)
                        Statistics: Num rows: 21780404 Data size: 2961505056 Basic stats: COMPLETE Column stats: NONE
                        value expressions: _col4 (type: decimal(7,2))
        Reducer 12 
            Reduce Operator Tree:
              Group By Operator
                aggregations: max(VALUE._col0)
                keys: KEY._col0 (type: string), KEY._col1 (type: string), KEY._col2 (type: string), 2001 (type: int)
                mode: mergepartial
                outputColumnNames: _col0, _col1, _col2, _col3, _col4
                Statistics: Num rows: 10890202 Data size: 1480752528 Basic stats: COMPLETE Column stats: NONE
                Select Operator
                  expressions: _col0 (type: string), _col4 (type: decimal(7,2))
                  outputColumnNames: _col0, _col4
                  Statistics: Num rows: 10890202 Data size: 1480752528 Basic stats: COMPLETE Column stats: NONE
                  Filter Operator
                    predicate: (_col4 > 0) (type: boolean)
                    Statistics: Num rows: 3630067 Data size: 493584130 Basic stats: COMPLETE Column stats: NONE
                    Reduce Output Operator
                      key expressions: _col0 (type: string)
                      sort order: +
                      Map-reduce partition columns: _col0 (type: string)
                      Statistics: Num rows: 32669848 Data size: 3055482039 Basic stats: COMPLETE Column stats: NONE
                      value expressions: _col4 (type: decimal(7,2))
        Reducer 16 
            Reduce Operator Tree:
              Join Operator
                condition map:
                     Inner Join 0 to 1
                keys:
                  0 c_customer_sk (type: int)
                  1 ss_customer_sk (type: int)
                outputColumnNames: _col0, _col1, _col8, _col9, _col21, _col24, _col41
                Statistics: Num rows: 633595212 Data size: 55895953508 Basic stats: COMPLETE Column stats: NONE
                Reduce Output Operator
                  key expressions: _col21 (type: int)
                  sort order: +
                  Map-reduce partition columns: _col21 (type: int)
                  Statistics: Num rows: 633595212 Data size: 55895953508 Basic stats: COMPLETE Column stats: NONE
                  value expressions: _col0 (type: int), _col1 (type: string), _col8 (type: string), _col9 (type: string), _col24 (type: int), _col41 (type: decimal(7,2))
        Reducer 17 
            Reduce Operator Tree:
              Join Operator
                condition map:
                     Inner Join 0 to 1
                keys:
                  0 _col21 (type: int)
                  1 d_date_sk (type: int)
                outputColumnNames: _col0, _col1, _col8, _col9, _col21, _col24, _col41, _col47
                Statistics: Num rows: 696954748 Data size: 61485550191 Basic stats: COMPLETE Column stats: NONE
                Filter Operator
                  predicate: ((_col21 = _col47) and (_col0 = _col24)) (type: boolean)
                  Statistics: Num rows: 174238687 Data size: 15371387547 Basic stats: COMPLETE Column stats: NONE
                  Select Operator
                    expressions: _col1 (type: string), _col8 (type: string), _col9 (type: string), _col41 (type: decimal(7,2))
                    outputColumnNames: _col1, _col8, _col9, _col41
                    Statistics: Num rows: 174238687 Data size: 15371387547 Basic stats: COMPLETE Column stats: NONE
                    Group By Operator
                      aggregations: max(_col41)
                      keys: _col1 (type: string), _col8 (type: string), _col9 (type: string), 2002 (type: int)
                      mode: hash
                      outputColumnNames: _col0, _col1, _col2, _col3, _col4
                      Statistics: Num rows: 174238687 Data size: 15371387547 Basic stats: COMPLETE Column stats: NONE
                      Reduce Output Operator
                        key expressions: _col0 (type: string), _col1 (type: string), _col2 (type: string), 2002 (type: int)
                        sort order: ++++
                        Map-reduce partition columns: _col0 (type: string), _col1 (type: string), _col2 (type: string), 2002 (type: int)
                        Statistics: Num rows: 174238687 Data size: 15371387547 Basic stats: COMPLETE Column stats: NONE
                        value expressions: _col4 (type: decimal(7,2))
        Reducer 18 
            Reduce Operator Tree:
              Group By Operator
                aggregations: max(VALUE._col0)
                keys: KEY._col0 (type: string), KEY._col1 (type: string), KEY._col2 (type: string), 2002 (type: int)
                mode: mergepartial
                outputColumnNames: _col0, _col1, _col2, _col3, _col4
                Statistics: Num rows: 87119343 Data size: 7685693729 Basic stats: COMPLETE Column stats: NONE
                Select Operator
                  expressions: _col0 (type: string), _col1 (type: string), _col2 (type: string), _col4 (type: decimal(7,2))
                  outputColumnNames: _col0, _col1, _col2, _col4
                  Statistics: Num rows: 87119343 Data size: 7685693729 Basic stats: COMPLETE Column stats: NONE
                  Reduce Output Operator
                    key expressions: _col0 (type: string)
                    sort order: +
                    Map-reduce partition columns: _col0 (type: string)
                    Statistics: Num rows: 98009545 Data size: 9166446257 Basic stats: COMPLETE Column stats: NONE
                    value expressions: _col1 (type: string), _col2 (type: string), _col4 (type: decimal(7,2))
        Reducer 2 
            Reduce Operator Tree:
              Join Operator
                condition map:
                     Inner Join 0 to 1
                keys:
                  0 c_customer_sk (type: int)
                  1 ss_customer_sk (type: int)
                outputColumnNames: _col0, _col1, _col8, _col9, _col21, _col24, _col41
                Statistics: Num rows: 633595212 Data size: 55895953508 Basic stats: COMPLETE Column stats: NONE
                Reduce Output Operator
                  key expressions: _col21 (type: int)
                  sort order: +
                  Map-reduce partition columns: _col21 (type: int)
                  Statistics: Num rows: 633595212 Data size: 55895953508 Basic stats: COMPLETE Column stats: NONE
                  value expressions: _col0 (type: int), _col1 (type: string), _col8 (type: string), _col9 (type: string), _col24 (type: int), _col41 (type: decimal(7,2))
        Reducer 22 
            Reduce Operator Tree:
              Join Operator
                condition map:
                     Inner Join 0 to 1
                keys:
                  0 c_customer_sk (type: int)
                  1 ws_bill_customer_sk (type: int)
                outputColumnNames: _col0, _col1, _col8, _col9, _col21, _col25, _col50
                Statistics: Num rows: 158402938 Data size: 21538218500 Basic stats: COMPLETE Column stats: NONE
                Reduce Output Operator
                  key expressions: _col21 (type: int)
                  sort order: +
                  Map-reduce partition columns: _col21 (type: int)
                  Statistics: Num rows: 158402938 Data size: 21538218500 Basic stats: COMPLETE Column stats: NONE
                  value expressions: _col0 (type: int), _col1 (type: string), _col8 (type: string), _col9 (type: string), _col25 (type: int), _col50 (type: decimal(7,2))
        Reducer 23 
            Reduce Operator Tree:
              Join Operator
                condition map:
                     Inner Join 0 to 1
                keys:
                  0 _col21 (type: int)
                  1 d_date_sk (type: int)
                outputColumnNames: _col0, _col1, _col8, _col9, _col21, _col25, _col50, _col58
                Statistics: Num rows: 174243235 Data size: 23692040863 Basic stats: COMPLETE Column stats: NONE
                Filter Operator
                  predicate: ((_col21 = _col58) and (_col0 = _col25) and false) (type: boolean)
                  Statistics: Num rows: 21780404 Data size: 2961505056 Basic stats: COMPLETE Column stats: NONE
                  Select Operator
                    expressions: _col1 (type: string), _col8 (type: string), _col9 (type: string), _col50 (type: decimal(7,2))
                    outputColumnNames: _col1, _col8, _col9, _col50
                    Statistics: Num rows: 21780404 Data size: 2961505056 Basic stats: COMPLETE Column stats: NONE
                    Group By Operator
                      aggregations: max(_col50)
                      keys: _col1 (type: string), _col8 (type: string), _col9 (type: string), 2002 (type: int)
                      mode: hash
                      outputColumnNames: _col0, _col1, _col2, _col3, _col4
                      Statistics: Num rows: 21780404 Data size: 2961505056 Basic stats: COMPLETE Column stats: NONE
                      Reduce Output Operator
                        key expressions: _col0 (type: string), _col1 (type: string), _col2 (type: string), 2002 (type: int)
                        sort order: ++++
                        Map-reduce partition columns: _col0 (type: string), _col1 (type: string), _col2 (type: string), 2002 (type: int)
                        Statistics: Num rows: 21780404 Data size: 2961505056 Basic stats: COMPLETE Column stats: NONE
                        value expressions: _col4 (type: decimal(7,2))
        Reducer 24 
            Reduce Operator Tree:
              Group By Operator
                aggregations: max(VALUE._col0)
                keys: KEY._col0 (type: string), KEY._col1 (type: string), KEY._col2 (type: string), 2002 (type: int)
                mode: mergepartial
                outputColumnNames: _col0, _col1, _col2, _col3, _col4
                Statistics: Num rows: 10890202 Data size: 1480752528 Basic stats: COMPLETE Column stats: NONE
                Select Operator
                  expressions: _col0 (type: string), _col1 (type: string), _col2 (type: string), _col4 (type: decimal(7,2))
                  outputColumnNames: _col0, _col1, _col2, _col4
                  Statistics: Num rows: 10890202 Data size: 1480752528 Basic stats: COMPLETE Column stats: NONE
                  Reduce Output Operator
                    key expressions: _col0 (type: string)
                    sort order: +
                    Map-reduce partition columns: _col0 (type: string)
                    Statistics: Num rows: 98009545 Data size: 9166446257 Basic stats: COMPLETE Column stats: NONE
                    value expressions: _col1 (type: string), _col2 (type: string), _col4 (type: decimal(7,2))
        Reducer 28 
            Reduce Operator Tree:
              Join Operator
                condition map:
                     Inner Join 0 to 1
                keys:
                  0 c_customer_sk (type: int)
                  1 ss_customer_sk (type: int)
                outputColumnNames: _col0, _col1, _col8, _col9, _col21, _col24, _col41
                Statistics: Num rows: 633595212 Data size: 55895953508 Basic stats: COMPLETE Column stats: NONE
                Reduce Output Operator
                  key expressions: _col21 (type: int)
                  sort order: +
                  Map-reduce partition columns: _col21 (type: int)
                  Statistics: Num rows: 633595212 Data size: 55895953508 Basic stats: COMPLETE Column stats: NONE
                  value expressions: _col0 (type: int), _col1 (type: string), _col8 (type: string), _col9 (type: string), _col24 (type: int), _col41 (type: decimal(7,2))
        Reducer 29 
            Reduce Operator Tree:
              Join Operator
                condition map:
                     Inner Join 0 to 1
                keys:
                  0 _col21 (type: int)
                  1 d_date_sk (type: int)
                outputColumnNames: _col0, _col1, _col8, _col9, _col21, _col24, _col41, _col47
                Statistics: Num rows: 696954748 Data size: 61485550191 Basic stats: COMPLETE Column stats: NONE
                Filter Operator
                  predicate: ((_col21 = _col47) and (_col0 = _col24) and false) (type: boolean)
                  Statistics: Num rows: 87119343 Data size: 7685693729 Basic stats: COMPLETE Column stats: NONE
                  Select Operator
                    expressions: _col1 (type: string), _col8 (type: string), _col9 (type: string), _col41 (type: decimal(7,2))
                    outputColumnNames: _col1, _col8, _col9, _col41
                    Statistics: Num rows: 87119343 Data size: 7685693729 Basic stats: COMPLETE Column stats: NONE
                    Group By Operator
                      aggregations: max(_col41)
                      keys: _col1 (type: string), _col8 (type: string), _col9 (type: string), 2001 (type: int)
                      mode: hash
                      outputColumnNames: _col0, _col1, _col2, _col3, _col4
                      Statistics: Num rows: 87119343 Data size: 7685693729 Basic stats: COMPLETE Column stats: NONE
                      Reduce Output Operator
                        key expressions: _col0 (type: string), _col1 (type: string), _col2 (type: string), 2001 (type: int)
                        sort order: ++++
                        Map-reduce partition columns: _col0 (type: string), _col1 (type: string), _col2 (type: string), 2001 (type: int)
                        Statistics: Num rows: 87119343 Data size: 7685693729 Basic stats: COMPLETE Column stats: NONE
                        value expressions: _col4 (type: decimal(7,2))
        Reducer 3 
            Reduce Operator Tree:
              Join Operator
                condition map:
                     Inner Join 0 to 1
                keys:
                  0 _col21 (type: int)
                  1 d_date_sk (type: int)
                outputColumnNames: _col0, _col1, _col8, _col9, _col21, _col24, _col41, _col47
                Statistics: Num rows: 696954748 Data size: 61485550191 Basic stats: COMPLETE Column stats: NONE
                Filter Operator
                  predicate: ((_col21 = _col47) and (_col0 = _col24)) (type: boolean)
                  Statistics: Num rows: 174238687 Data size: 15371387547 Basic stats: COMPLETE Column stats: NONE
                  Select Operator
                    expressions: _col1 (type: string), _col8 (type: string), _col9 (type: string), _col41 (type: decimal(7,2))
                    outputColumnNames: _col1, _col8, _col9, _col41
                    Statistics: Num rows: 174238687 Data size: 15371387547 Basic stats: COMPLETE Column stats: NONE
                    Group By Operator
                      aggregations: max(_col41)
                      keys: _col1 (type: string), _col8 (type: string), _col9 (type: string), 2001 (type: int)
                      mode: hash
                      outputColumnNames: _col0, _col1, _col2, _col3, _col4
                      Statistics: Num rows: 174238687 Data size: 15371387547 Basic stats: COMPLETE Column stats: NONE
                      Reduce Output Operator
                        key expressions: _col0 (type: string), _col1 (type: string), _col2 (type: string), 2001 (type: int)
                        sort order: ++++
                        Map-reduce partition columns: _col0 (type: string), _col1 (type: string), _col2 (type: string), 2001 (type: int)
                        Statistics: Num rows: 174238687 Data size: 15371387547 Basic stats: COMPLETE Column stats: NONE
                        value expressions: _col4 (type: decimal(7,2))
        Reducer 30 
            Reduce Operator Tree:
              Group By Operator
                aggregations: max(VALUE._col0)
                keys: KEY._col0 (type: string), KEY._col1 (type: string), KEY._col2 (type: string), 2001 (type: int)
                mode: mergepartial
                outputColumnNames: _col0, _col1, _col2, _col3, _col4
                Statistics: Num rows: 43559671 Data size: 3842846820 Basic stats: COMPLETE Column stats: NONE
                Select Operator
                  expressions: _col0 (type: string), _col4 (type: decimal(7,2))
                  outputColumnNames: _col0, _col4
                  Statistics: Num rows: 43559671 Data size: 3842846820 Basic stats: COMPLETE Column stats: NONE
                  Filter Operator
                    predicate: (_col4 > 0) (type: boolean)
                    Statistics: Num rows: 14519890 Data size: 1280948910 Basic stats: COMPLETE Column stats: NONE
                    Reduce Output Operator
                      key expressions: _col0 (type: string)
                      sort order: +
                      Map-reduce partition columns: _col0 (type: string)
                      Statistics: Num rows: 21780024 Data size: 2268117171 Basic stats: COMPLETE Column stats: NONE
                      value expressions: _col4 (type: decimal(7,2))
        Reducer 34 
            Reduce Operator Tree:
              Join Operator
                condition map:
                     Inner Join 0 to 1
                keys:
                  0 c_customer_sk (type: int)
                  1 ws_bill_customer_sk (type: int)
                outputColumnNames: _col0, _col1, _col8, _col9, _col21, _col25, _col50
                Statistics: Num rows: 158402938 Data size: 21538218500 Basic stats: COMPLETE Column stats: NONE
                Reduce Output Operator
                  key expressions: _col21 (type: int)
                  sort order: +
                  Map-reduce partition columns: _col21 (type: int)
                  Statistics: Num rows: 158402938 Data size: 21538218500 Basic stats: COMPLETE Column stats: NONE
                  value expressions: _col0 (type: int), _col1 (type: string), _col8 (type: string), _col9 (type: string), _col25 (type: int), _col50 (type: decimal(7,2))
        Reducer 35 
            Reduce Operator Tree:
              Join Operator
                condition map:
                     Inner Join 0 to 1
                keys:
                  0 _col21 (type: int)
                  1 d_date_sk (type: int)
                outputColumnNames: _col0, _col1, _col8, _col9, _col21, _col25, _col50, _col58
                Statistics: Num rows: 174243235 Data size: 23692040863 Basic stats: COMPLETE Column stats: NONE
                Filter Operator
                  predicate: ((_col21 = _col58) and (_col0 = _col25)) (type: boolean)
                  Statistics: Num rows: 43560808 Data size: 5923010113 Basic stats: COMPLETE Column stats: NONE
                  Select Operator
                    expressions: _col1 (type: string), _col8 (type: string), _col9 (type: string), _col50 (type: decimal(7,2))
                    outputColumnNames: _col1, _col8, _col9, _col50
                    Statistics: Num rows: 43560808 Data size: 5923010113 Basic stats: COMPLETE Column stats: NONE
                    Group By Operator
                      aggregations: max(_col50)
                      keys: _col1 (type: string), _col8 (type: string), _col9 (type: string), 2001 (type: int)
                      mode: hash
                      outputColumnNames: _col0, _col1, _col2, _col3, _col4
                      Statistics: Num rows: 43560808 Data size: 5923010113 Basic stats: COMPLETE Column stats: NONE
                      Reduce Output Operator
                        key expressions: _col0 (type: string), _col1 (type: string), _col2 (type: string), 2001 (type: int)
                        sort order: ++++
                        Map-reduce partition columns: _col0 (type: string), _col1 (type: string), _col2 (type: string), 2001 (type: int)
                        Statistics: Num rows: 43560808 Data size: 5923010113 Basic stats: COMPLETE Column stats: NONE
                        value expressions: _col4 (type: decimal(7,2))
        Reducer 36 
            Reduce Operator Tree:
              Group By Operator
                aggregations: max(VALUE._col0)
                keys: KEY._col0 (type: string), KEY._col1 (type: string), KEY._col2 (type: string), 2001 (type: int)
                mode: mergepartial
                outputColumnNames: _col0, _col1, _col2, _col3, _col4
                Statistics: Num rows: 21780404 Data size: 2961505056 Basic stats: COMPLETE Column stats: NONE
                Select Operator
                  expressions: _col0 (type: string), _col4 (type: decimal(7,2))
                  outputColumnNames: _col0, _col4
                  Statistics: Num rows: 21780404 Data size: 2961505056 Basic stats: COMPLETE Column stats: NONE
                  Filter Operator
                    predicate: (_col4 > 0) (type: boolean)
                    Statistics: Num rows: 7260134 Data size: 987168261 Basic stats: COMPLETE Column stats: NONE
                    Reduce Output Operator
                      key expressions: _col0 (type: string)
                      sort order: +
                      Map-reduce partition columns: _col0 (type: string)
                      Statistics: Num rows: 21780024 Data size: 2268117171 Basic stats: COMPLETE Column stats: NONE
                      value expressions: _col4 (type: decimal(7,2))
        Reducer 4 
            Reduce Operator Tree:
              Group By Operator
                aggregations: max(VALUE._col0)
                keys: KEY._col0 (type: string), KEY._col1 (type: string), KEY._col2 (type: string), 2001 (type: int)
                mode: mergepartial
                outputColumnNames: _col0, _col1, _col2, _col3, _col4
                Statistics: Num rows: 87119343 Data size: 7685693729 Basic stats: COMPLETE Column stats: NONE
                Select Operator
                  expressions: _col0 (type: string), _col4 (type: decimal(7,2))
                  outputColumnNames: _col0, _col4
                  Statistics: Num rows: 87119343 Data size: 7685693729 Basic stats: COMPLETE Column stats: NONE
                  Filter Operator
                    predicate: (_col4 > 0) (type: boolean)
                    Statistics: Num rows: 29039781 Data size: 2561897909 Basic stats: COMPLETE Column stats: NONE
                    Reduce Output Operator
                      key expressions: _col0 (type: string)
                      sort order: +
                      Map-reduce partition columns: _col0 (type: string)
                      Statistics: Num rows: 32669848 Data size: 3055482039 Basic stats: COMPLETE Column stats: NONE
                      value expressions: _col4 (type: decimal(7,2))
        Reducer 40 
            Reduce Operator Tree:
              Join Operator
                condition map:
                     Inner Join 0 to 1
                keys:
                  0 c_customer_sk (type: int)
                  1 ss_customer_sk (type: int)
                outputColumnNames: _col0, _col1, _col8, _col9, _col21, _col24, _col41
                Statistics: Num rows: 633595212 Data size: 55895953508 Basic stats: COMPLETE Column stats: NONE
                Reduce Output Operator
                  key expressions: _col21 (type: int)
                  sort order: +
                  Map-reduce partition columns: _col21 (type: int)
                  Statistics: Num rows: 633595212 Data size: 55895953508 Basic stats: COMPLETE Column stats: NONE
                  value expressions: _col0 (type: int), _col1 (type: string), _col8 (type: string), _col9 (type: string), _col24 (type: int), _col41 (type: decimal(7,2))
        Reducer 41 
            Reduce Operator Tree:
              Join Operator
                condition map:
                     Inner Join 0 to 1
                keys:
                  0 _col21 (type: int)
                  1 d_date_sk (type: int)
                outputColumnNames: _col0, _col1, _col8, _col9, _col21, _col24, _col41, _col47
                Statistics: Num rows: 696954748 Data size: 61485550191 Basic stats: COMPLETE Column stats: NONE
                Filter Operator
                  predicate: ((_col21 = _col47) and (_col0 = _col24) and false) (type: boolean)
                  Statistics: Num rows: 87119343 Data size: 7685693729 Basic stats: COMPLETE Column stats: NONE
                  Select Operator
                    expressions: _col1 (type: string), _col8 (type: string), _col9 (type: string), _col41 (type: decimal(7,2))
                    outputColumnNames: _col1, _col8, _col9, _col41
                    Statistics: Num rows: 87119343 Data size: 7685693729 Basic stats: COMPLETE Column stats: NONE
                    Group By Operator
                      aggregations: max(_col41)
                      keys: _col1 (type: string), _col8 (type: string), _col9 (type: string), 2002 (type: int)
                      mode: hash
                      outputColumnNames: _col0, _col1, _col2, _col3, _col4
                      Statistics: Num rows: 87119343 Data size: 7685693729 Basic stats: COMPLETE Column stats: NONE
                      Reduce Output Operator
                        key expressions: _col0 (type: string), _col1 (type: string), _col2 (type: string), 2002 (type: int)
                        sort order: ++++
                        Map-reduce partition columns: _col0 (type: string), _col1 (type: string), _col2 (type: string), 2002 (type: int)
                        Statistics: Num rows: 87119343 Data size: 7685693729 Basic stats: COMPLETE Column stats: NONE
                        value expressions: _col4 (type: decimal(7,2))
        Reducer 42 
            Reduce Operator Tree:
              Group By Operator
                aggregations: max(VALUE._col0)
                keys: KEY._col0 (type: string), KEY._col1 (type: string), KEY._col2 (type: string), 2002 (type: int)
                mode: mergepartial
                outputColumnNames: _col0, _col1, _col2, _col3, _col4
                Statistics: Num rows: 43559671 Data size: 3842846820 Basic stats: COMPLETE Column stats: NONE
                Select Operator
                  expressions: _col0 (type: string), _col4 (type: decimal(7,2))
                  outputColumnNames: _col0, _col4
                  Statistics: Num rows: 43559671 Data size: 3842846820 Basic stats: COMPLETE Column stats: NONE
                  Reduce Output Operator
                    key expressions: _col0 (type: string)
                    sort order: +
                    Map-reduce partition columns: _col0 (type: string)
                    Statistics: Num rows: 65340075 Data size: 6804351876 Basic stats: COMPLETE Column stats: NONE
                    value expressions: _col4 (type: decimal(7,2))
        Reducer 46 
            Reduce Operator Tree:
              Join Operator
                condition map:
                     Inner Join 0 to 1
                keys:
                  0 c_customer_sk (type: int)
                  1 ws_bill_customer_sk (type: int)
                outputColumnNames: _col0, _col1, _col8, _col9, _col21, _col25, _col50
                Statistics: Num rows: 158402938 Data size: 21538218500 Basic stats: COMPLETE Column stats: NONE
                Reduce Output Operator
                  key expressions: _col21 (type: int)
                  sort order: +
                  Map-reduce partition columns: _col21 (type: int)
                  Statistics: Num rows: 158402938 Data size: 21538218500 Basic stats: COMPLETE Column stats: NONE
                  value expressions: _col0 (type: int), _col1 (type: string), _col8 (type: string), _col9 (type: string), _col25 (type: int), _col50 (type: decimal(7,2))
        Reducer 47 
            Reduce Operator Tree:
              Join Operator
                condition map:
                     Inner Join 0 to 1
                keys:
                  0 _col21 (type: int)
                  1 d_date_sk (type: int)
                outputColumnNames: _col0, _col1, _col8, _col9, _col21, _col25, _col50, _col58
                Statistics: Num rows: 174243235 Data size: 23692040863 Basic stats: COMPLETE Column stats: NONE
                Filter Operator
                  predicate: ((_col21 = _col58) and (_col0 = _col25)) (type: boolean)
                  Statistics: Num rows: 43560808 Data size: 5923010113 Basic stats: COMPLETE Column stats: NONE
                  Select Operator
                    expressions: _col1 (type: string), _col8 (type: string), _col9 (type: string), _col50 (type: decimal(7,2))
                    outputColumnNames: _col1, _col8, _col9, _col50
                    Statistics: Num rows: 43560808 Data size: 5923010113 Basic stats: COMPLETE Column stats: NONE
                    Group By Operator
                      aggregations: max(_col50)
                      keys: _col1 (type: string), _col8 (type: string), _col9 (type: string), 2002 (type: int)
                      mode: hash
                      outputColumnNames: _col0, _col1, _col2, _col3, _col4
                      Statistics: Num rows: 43560808 Data size: 5923010113 Basic stats: COMPLETE Column stats: NONE
                      Reduce Output Operator
                        key expressions: _col0 (type: string), _col1 (type: string), _col2 (type: string), 2002 (type: int)
                        sort order: ++++
                        Map-reduce partition columns: _col0 (type: string), _col1 (type: string), _col2 (type: string), 2002 (type: int)
                        Statistics: Num rows: 43560808 Data size: 5923010113 Basic stats: COMPLETE Column stats: NONE
                        value expressions: _col4 (type: decimal(7,2))
        Reducer 48 
            Reduce Operator Tree:
              Group By Operator
                aggregations: max(VALUE._col0)
                keys: KEY._col0 (type: string), KEY._col1 (type: string), KEY._col2 (type: string), 2002 (type: int)
                mode: mergepartial
                outputColumnNames: _col0, _col1, _col2, _col3, _col4
                Statistics: Num rows: 21780404 Data size: 2961505056 Basic stats: COMPLETE Column stats: NONE
                Select Operator
                  expressions: _col0 (type: string), _col4 (type: decimal(7,2))
                  outputColumnNames: _col0, _col4
                  Statistics: Num rows: 21780404 Data size: 2961505056 Basic stats: COMPLETE Column stats: NONE
                  Reduce Output Operator
                    key expressions: _col0 (type: string)
                    sort order: +
                    Map-reduce partition columns: _col0 (type: string)
                    Statistics: Num rows: 65340075 Data size: 6804351876 Basic stats: COMPLETE Column stats: NONE
                    value expressions: _col4 (type: decimal(7,2))
        Reducer 5 
            Reduce Operator Tree:
              Join Operator
                condition map:
                     Inner Join 0 to 1
                     Inner Join 0 to 2
                     Inner Join 0 to 3
                keys:
                  0 _col0 (type: string)
                  1 _col0 (type: string)
                  2 _col0 (type: string)
                  3 _col0 (type: string)
                outputColumnNames: _col0, _col4, _col6, _col7, _col8, _col10, _col12, _col16, _col18, _col22
                Statistics: Num rows: 323431505 Data size: 30249273303 Basic stats: COMPLETE Column stats: NONE
                Filter Operator
                  predicate: ((CASE WHEN ((_col16 > 0)) THEN ((_col22 / _col16)) ELSE (null) END > CASE WHEN ((_col4 > 0)) THEN ((_col10 / _col4)) ELSE (null) END) and (_col0 = _col18) and (_col0 = _col12) and (_col6 = _col0)) (type: boolean)
                  Statistics: Num rows: 13476312 Data size: 1260386321 Basic stats: COMPLETE Column stats: NONE
                  Select Operator
                    expressions: _col6 (type: string), _col7 (type: string), _col8 (type: string)
                    outputColumnNames: _col0, _col1, _col2
                    Statistics: Num rows: 13476312 Data size: 1260386321 Basic stats: COMPLETE Column stats: NONE
                    Reduce Output Operator
                      key expressions: _col1 (type: string), _col0 (type: string), _col2 (type: string)
                      sort order: +++
                      Statistics: Num rows: 13476312 Data size: 1260386321 Basic stats: COMPLETE Column stats: NONE
                      TopN Hash Memory Usage: 0.1
        Reducer 6 
            Reduce Operator Tree:
              Select Operator
                expressions: KEY.reducesinkkey1 (type: string), KEY.reducesinkkey0 (type: string), KEY.reducesinkkey2 (type: string)
                outputColumnNames: _col0, _col1, _col2
                Statistics: Num rows: 13476312 Data size: 1260386321 Basic stats: COMPLETE Column stats: NONE
                Limit
                  Number of rows: 100
                  Statistics: Num rows: 100 Data size: 9300 Basic stats: COMPLETE Column stats: NONE
                  File Output Operator
                    compressed: false
                    Statistics: Num rows: 100 Data size: 9300 Basic stats: COMPLETE Column stats: NONE
                    table:
                        input format: org.apache.hadoop.mapred.SequenceFileInputFormat
                        output format: org.apache.hadoop.hive.ql.io.HiveSequenceFileOutputFormat
                        serde: org.apache.hadoop.hive.serde2.lazy.LazySimpleSerDe

  Stage: Stage-0
    Fetch Operator
      limit: 100
      Processor Tree:
        ListSink

