PREHOOK: query: explain
select  i_item_desc 
       ,i_category 
       ,i_class 
       ,i_current_price
       ,i_item_id
       ,sum(cs_ext_sales_price) as itemrevenue 
       ,sum(cs_ext_sales_price)*100/sum(sum(cs_ext_sales_price)) over
           (partition by i_class) as revenueratio
 from catalog_sales
     ,item 
     ,date_dim
 where cs_item_sk = i_item_sk 
   and i_category in ('Jewelry', 'Sports', 'Books')
   and cs_sold_date_sk = d_date_sk
 and d_date between cast('2001-01-12' as date) 
 				and (cast('2001-01-12' as date) + 30 days)
 group by i_item_id
         ,i_item_desc 
         ,i_category
         ,i_class
         ,i_current_price
 order by i_category
         ,i_class
         ,i_item_id
         ,i_item_desc
         ,revenueratio
limit 100
PREHOOK: type: QUERY
PREHOOK: Input: default@catalog_sales
PREHOOK: Input: default@date_dim
PREHOOK: Input: default@item
#### A masked pattern was here ####
POSTHOOK: query: explain
select  i_item_desc 
       ,i_category 
       ,i_class 
       ,i_current_price
       ,i_item_id
       ,sum(cs_ext_sales_price) as itemrevenue 
       ,sum(cs_ext_sales_price)*100/sum(sum(cs_ext_sales_price)) over
           (partition by i_class) as revenueratio
 from catalog_sales
     ,item 
     ,date_dim
 where cs_item_sk = i_item_sk 
   and i_category in ('Jewelry', 'Sports', 'Books')
   and cs_sold_date_sk = d_date_sk
 and d_date between cast('2001-01-12' as date) 
 				and (cast('2001-01-12' as date) + 30 days)
 group by i_item_id
         ,i_item_desc 
         ,i_category
         ,i_class
         ,i_current_price
 order by i_category
         ,i_class
         ,i_item_id
         ,i_item_desc
         ,revenueratio
limit 100
POSTHOOK: type: QUERY
POSTHOOK: Input: default@catalog_sales
POSTHOOK: Input: default@date_dim
POSTHOOK: Input: default@item
#### A masked pattern was here ####
STAGE DEPENDENCIES:
  Stage-1 is a root stage
  Stage-0 depends on stages: Stage-1

STAGE PLANS:
  Stage: Stage-1
    Spark
      Edges:
        Reducer 2 <- Map 1 (PARTITION-LEVEL SORT, 308), Map 7 (PARTITION-LEVEL SORT, 308)
        Reducer 3 <- Map 8 (PARTITION-LEVEL SORT, 336), Reducer 2 (PARTITION-LEVEL SORT, 336)
        Reducer 4 <- Reducer 3 (GROUP, 93)
        Reducer 5 <- Reducer 4 (PARTITION-LEVEL SORT, 47)
        Reducer 6 <- Reducer 5 (SORT, 1)
#### A masked pattern was here ####
      Vertices:
        Map 1 
            Map Operator Tree:
                TableScan
                  alias: catalog_sales
                  Statistics: Num rows: 287989836 Data size: 38999608952 Basic stats: COMPLETE Column stats: NONE
                  Filter Operator
                    predicate: (cs_item_sk is not null and cs_sold_date_sk is not null) (type: boolean)
                    Statistics: Num rows: 287989836 Data size: 38999608952 Basic stats: COMPLETE Column stats: NONE
                    Reduce Output Operator
                      key expressions: cs_item_sk (type: int)
                      sort order: +
                      Map-reduce partition columns: cs_item_sk (type: int)
                      Statistics: Num rows: 287989836 Data size: 38999608952 Basic stats: COMPLETE Column stats: NONE
                      value expressions: cs_sold_date_sk (type: int), cs_ext_sales_price (type: decimal(7,2))
        Map 7 
            Map Operator Tree:
                TableScan
                  alias: item
                  Statistics: Num rows: 462000 Data size: 663560457 Basic stats: COMPLETE Column stats: NONE
                  Filter Operator
                    predicate: (i_item_sk is not null and (i_category) IN ('Jewelry', 'Sports', 'Books')) (type: boolean)
                    Statistics: Num rows: 231000 Data size: 331780228 Basic stats: COMPLETE Column stats: NONE
                    Reduce Output Operator
                      key expressions: i_item_sk (type: int)
                      sort order: +
                      Map-reduce partition columns: i_item_sk (type: int)
                      Statistics: Num rows: 231000 Data size: 331780228 Basic stats: COMPLETE Column stats: NONE
                      value expressions: i_item_id (type: string), i_item_desc (type: string), i_current_price (type: decimal(7,2)), i_class (type: string), i_category (type: string)
        Map 8 
            Map Operator Tree:
                TableScan
                  alias: date_dim
                  Statistics: Num rows: 73049 Data size: 81741831 Basic stats: COMPLETE Column stats: NONE
                  Filter Operator
                    predicate: (d_date_sk is not null and d_date BETWEEN 2001-01-12 AND 2001-02-11 00:00:00.0) (type: boolean)
                    Statistics: Num rows: 36524 Data size: 40870356 Basic stats: COMPLETE Column stats: NONE
                    Reduce Output Operator
                      key expressions: d_date_sk (type: int)
                      sort order: +
                      Map-reduce partition columns: d_date_sk (type: int)
                      Statistics: Num rows: 36524 Data size: 40870356 Basic stats: COMPLETE Column stats: NONE
        Reducer 2 
            Reduce Operator Tree:
              Join Operator
                condition map:
                     Inner Join 0 to 1
                keys:
                  0 cs_item_sk (type: int)
                  1 i_item_sk (type: int)
                outputColumnNames: _col0, _col15, _col23, _col37, _col38, _col41, _col42, _col47, _col49
                Statistics: Num rows: 316788826 Data size: 42899570777 Basic stats: COMPLETE Column stats: NONE
                Reduce Output Operator
                  key expressions: _col0 (type: int)
                  sort order: +
                  Map-reduce partition columns: _col0 (type: int)
                  Statistics: Num rows: 316788826 Data size: 42899570777 Basic stats: COMPLETE Column stats: NONE
                  value expressions: _col15 (type: int), _col23 (type: decimal(7,2)), _col37 (type: int), _col38 (type: string), _col41 (type: string), _col42 (type: decimal(7,2)), _col47 (type: string), _col49 (type: string)
        Reducer 3 
            Reduce Operator Tree:
              Join Operator
                condition map:
                     Inner Join 0 to 1
                keys:
                  0 _col0 (type: int)
                  1 d_date_sk (type: int)
                outputColumnNames: _col0, _col15, _col23, _col37, _col38, _col41, _col42, _col47, _col49, _col62
                Statistics: Num rows: 348467716 Data size: 47189528877 Basic stats: COMPLETE Column stats: NONE
                Filter Operator
                  predicate: ((_col15 = _col37) and (_col0 = _col62)) (type: boolean)
                  Statistics: Num rows: 87116929 Data size: 11797382219 Basic stats: COMPLETE Column stats: NONE
                  Select Operator
                    expressions: _col23 (type: decimal(7,2)), _col38 (type: string), _col41 (type: string), _col42 (type: decimal(7,2)), _col47 (type: string), _col49 (type: string)
                    outputColumnNames: _col23, _col38, _col41, _col42, _col47, _col49
                    Statistics: Num rows: 87116929 Data size: 11797382219 Basic stats: COMPLETE Column stats: NONE
                    Group By Operator
                      aggregations: sum(_col23)
                      keys: _col38 (type: string), _col41 (type: string), _col49 (type: string), _col47 (type: string), _col42 (type: decimal(7,2))
                      mode: hash
                      outputColumnNames: _col0, _col1, _col2, _col3, _col4, _col5
                      Statistics: Num rows: 87116929 Data size: 11797382219 Basic stats: COMPLETE Column stats: NONE
                      Reduce Output Operator
                        key expressions: _col0 (type: string), _col1 (type: string), _col2 (type: string), _col3 (type: string), _col4 (type: decimal(7,2))
                        sort order: +++++
                        Map-reduce partition columns: _col0 (type: string), _col1 (type: string), _col2 (type: string), _col3 (type: string), _col4 (type: decimal(7,2))
                        Statistics: Num rows: 87116929 Data size: 11797382219 Basic stats: COMPLETE Column stats: NONE
                        value expressions: _col5 (type: decimal(17,2))
        Reducer 4 
            Reduce Operator Tree:
              Group By Operator
                aggregations: sum(VALUE._col0)
                keys: KEY._col0 (type: string), KEY._col1 (type: string), KEY._col2 (type: string), KEY._col3 (type: string), KEY._col4 (type: decimal(7,2))
                mode: mergepartial
                outputColumnNames: _col0, _col1, _col2, _col3, _col4, _col5
                Statistics: Num rows: 43558464 Data size: 5898691041 Basic stats: COMPLETE Column stats: NONE
                Reduce Output Operator
                  key expressions: _col3 (type: string)
                  sort order: +
                  Map-reduce partition columns: _col3 (type: string)
                  Statistics: Num rows: 43558464 Data size: 5898691041 Basic stats: COMPLETE Column stats: NONE
                  value expressions: _col0 (type: string), _col1 (type: string), _col2 (type: string), _col4 (type: decimal(7,2)), _col5 (type: decimal(17,2))
        Reducer 5 
            Reduce Operator Tree:
              Select Operator
                expressions: VALUE._col0 (type: string), VALUE._col1 (type: string), VALUE._col2 (type: string), KEY.reducesinkkey0 (type: string), VALUE._col3 (type: decimal(7,2)), VALUE._col4 (type: decimal(17,2))
                outputColumnNames: _col0, _col1, _col2, _col3, _col4, _col5
                Statistics: Num rows: 43558464 Data size: 5898691041 Basic stats: COMPLETE Column stats: NONE
                PTF Operator
                  Function definitions:
                      Input definition
                        input alias: ptf_0
                        output shape: _col0: string, _col1: string, _col2: string, _col3: string, _col4: decimal(7,2), _col5: decimal(17,2)
                        type: WINDOWING
                      Windowing table definition
                        input alias: ptf_1
                        name: windowingtablefunction
                        order by: _col3 ASC NULLS FIRST
                        partition by: _col3
                        raw input shape:
                        window functions:
                            window function definition
                              alias: sum_window_0
                              arguments: _col5
                              name: sum
                              window function: GenericUDAFSumHiveDecimal
                              window frame: PRECEDING(MAX)~FOLLOWING(MAX)
                  Statistics: Num rows: 43558464 Data size: 5898691041 Basic stats: COMPLETE Column stats: NONE
                  Select Operator
                    expressions: _col1 (type: string), _col2 (type: string), _col3 (type: string), _col4 (type: decimal(7,2)), _col0 (type: string), _col5 (type: decimal(17,2)), ((_col5 * 100) / sum_window_0) (type: decimal(38,23))
                    outputColumnNames: _col0, _col1, _col2, _col3, _col4, _col5, _col6
                    Statistics: Num rows: 43558464 Data size: 5898691041 Basic stats: COMPLETE Column stats: NONE
                    Reduce Output Operator
                      key expressions: _col1 (type: string), _col2 (type: string), _col4 (type: string), _col0 (type: string), _col6 (type: decimal(38,23))
                      sort order: +++++
                      Statistics: Num rows: 43558464 Data size: 5898691041 Basic stats: COMPLETE Column stats: NONE
                      TopN Hash Memory Usage: 0.1
                      value expressions: _col3 (type: decimal(7,2)), _col5 (type: decimal(17,2))
        Reducer 6 
            Reduce Operator Tree:
              Select Operator
                expressions: KEY.reducesinkkey3 (type: string), KEY.reducesinkkey0 (type: string), KEY.reducesinkkey1 (type: string), VALUE._col0 (type: decimal(7,2)), KEY.reducesinkkey2 (type: string), VALUE._col1 (type: decimal(17,2)), KEY.reducesinkkey4 (type: decimal(38,23))
                outputColumnNames: _col0, _col1, _col2, _col3, _col4, _col5, _col6
                Statistics: Num rows: 43558464 Data size: 5898691041 Basic stats: COMPLETE Column stats: NONE
                Limit
                  Number of rows: 100
                  Statistics: Num rows: 100 Data size: 13500 Basic stats: COMPLETE Column stats: NONE
                  File Output Operator
                    compressed: false
                    Statistics: Num rows: 100 Data size: 13500 Basic stats: COMPLETE Column stats: NONE
                    table:
                        input format: org.apache.hadoop.mapred.SequenceFileInputFormat
                        output format: org.apache.hadoop.hive.ql.io.HiveSequenceFileOutputFormat
                        serde: org.apache.hadoop.hive.serde2.lazy.LazySimpleSerDe

  Stage: Stage-0
    Fetch Operator
      limit: 100
      Processor Tree:
        ListSink

