PREHOOK: query: explain
with wss as 
 (select d_week_seq,
        ss_store_sk,
        sum(case when (d_day_name='Sunday') then ss_sales_price else null end) sun_sales,
        sum(case when (d_day_name='Monday') then ss_sales_price else null end) mon_sales,
        sum(case when (d_day_name='Tuesday') then ss_sales_price else  null end) tue_sales,
        sum(case when (d_day_name='Wednesday') then ss_sales_price else null end) wed_sales,
        sum(case when (d_day_name='Thursday') then ss_sales_price else null end) thu_sales,
        sum(case when (d_day_name='Friday') then ss_sales_price else null end) fri_sales,
        sum(case when (d_day_name='Saturday') then ss_sales_price else null end) sat_sales
 from store_sales,date_dim
 where d_date_sk = ss_sold_date_sk
 group by d_week_seq,ss_store_sk
 )
  select  s_store_name1,s_store_id1,d_week_seq1
       ,sun_sales1/sun_sales2,mon_sales1/mon_sales2
       ,tue_sales1/tue_sales2,wed_sales1/wed_sales2,thu_sales1/thu_sales2
       ,fri_sales1/fri_sales2,sat_sales1/sat_sales2
 from
 (select s_store_name s_store_name1,wss.d_week_seq d_week_seq1
        ,s_store_id s_store_id1,sun_sales sun_sales1
        ,mon_sales mon_sales1,tue_sales tue_sales1
        ,wed_sales wed_sales1,thu_sales thu_sales1
        ,fri_sales fri_sales1,sat_sales sat_sales1
  from wss,store,date_dim d
  where d.d_week_seq = wss.d_week_seq and
        ss_store_sk = s_store_sk and 
        d_month_seq between 1185 and 1185 + 11) y,
 (select s_store_name s_store_name2,wss.d_week_seq d_week_seq2
        ,s_store_id s_store_id2,sun_sales sun_sales2
        ,mon_sales mon_sales2,tue_sales tue_sales2
        ,wed_sales wed_sales2,thu_sales thu_sales2
        ,fri_sales fri_sales2,sat_sales sat_sales2
  from wss,store,date_dim d
  where d.d_week_seq = wss.d_week_seq and
        ss_store_sk = s_store_sk and 
        d_month_seq between 1185+ 12 and 1185 + 23) x
 where s_store_id1=s_store_id2
   and d_week_seq1=d_week_seq2-52
 order by s_store_name1,s_store_id1,d_week_seq1
limit 100
PREHOOK: type: QUERY
PREHOOK: Input: default@date_dim
PREHOOK: Input: default@store
PREHOOK: Input: default@store_sales
#### A masked pattern was here ####
POSTHOOK: query: explain
with wss as 
 (select d_week_seq,
        ss_store_sk,
        sum(case when (d_day_name='Sunday') then ss_sales_price else null end) sun_sales,
        sum(case when (d_day_name='Monday') then ss_sales_price else null end) mon_sales,
        sum(case when (d_day_name='Tuesday') then ss_sales_price else  null end) tue_sales,
        sum(case when (d_day_name='Wednesday') then ss_sales_price else null end) wed_sales,
        sum(case when (d_day_name='Thursday') then ss_sales_price else null end) thu_sales,
        sum(case when (d_day_name='Friday') then ss_sales_price else null end) fri_sales,
        sum(case when (d_day_name='Saturday') then ss_sales_price else null end) sat_sales
 from store_sales,date_dim
 where d_date_sk = ss_sold_date_sk
 group by d_week_seq,ss_store_sk
 )
  select  s_store_name1,s_store_id1,d_week_seq1
       ,sun_sales1/sun_sales2,mon_sales1/mon_sales2
       ,tue_sales1/tue_sales2,wed_sales1/wed_sales2,thu_sales1/thu_sales2
       ,fri_sales1/fri_sales2,sat_sales1/sat_sales2
 from
 (select s_store_name s_store_name1,wss.d_week_seq d_week_seq1
        ,s_store_id s_store_id1,sun_sales sun_sales1
        ,mon_sales mon_sales1,tue_sales tue_sales1
        ,wed_sales wed_sales1,thu_sales thu_sales1
        ,fri_sales fri_sales1,sat_sales sat_sales1
  from wss,store,date_dim d
  where d.d_week_seq = wss.d_week_seq and
        ss_store_sk = s_store_sk and 
        d_month_seq between 1185 and 1185 + 11) y,
 (select s_store_name s_store_name2,wss.d_week_seq d_week_seq2
        ,s_store_id s_store_id2,sun_sales sun_sales2
        ,mon_sales mon_sales2,tue_sales tue_sales2
        ,wed_sales wed_sales2,thu_sales thu_sales2
        ,fri_sales fri_sales2,sat_sales sat_sales2
  from wss,store,date_dim d
  where d.d_week_seq = wss.d_week_seq and
        ss_store_sk = s_store_sk and 
        d_month_seq between 1185+ 12 and 1185 + 23) x
 where s_store_id1=s_store_id2
   and d_week_seq1=d_week_seq2-52
 order by s_store_name1,s_store_id1,d_week_seq1
limit 100
POSTHOOK: type: QUERY
POSTHOOK: Input: default@date_dim
POSTHOOK: Input: default@store
POSTHOOK: Input: default@store_sales
#### A masked pattern was here ####
STAGE DEPENDENCIES:
  Stage-2 is a root stage
  Stage-3 depends on stages: Stage-2
  Stage-1 depends on stages: Stage-3
  Stage-0 depends on stages: Stage-1

STAGE PLANS:
  Stage: Stage-2
    Spark
#### A masked pattern was here ####
      Vertices:
        Map 8 
            Map Operator Tree:
                TableScan
                  alias: store
                  Statistics: Num rows: 1704 Data size: 3256276 Basic stats: COMPLETE Column stats: NONE
                  Filter Operator
                    predicate: (s_store_sk is not null and s_store_id is not null) (type: boolean)
                    Statistics: Num rows: 1704 Data size: 3256276 Basic stats: COMPLETE Column stats: NONE
                    Spark HashTable Sink Operator
                      keys:
                        0 _col1 (type: int)
                        1 s_store_sk (type: int)
            Local Work:
              Map Reduce Local Work

  Stage: Stage-3
    Spark
#### A masked pattern was here ####
      Vertices:
        Map 15 
            Map Operator Tree:
                TableScan
                  alias: store
                  Statistics: Num rows: 1704 Data size: 3256276 Basic stats: COMPLETE Column stats: NONE
                  Filter Operator
                    predicate: (s_store_sk is not null and s_store_id is not null) (type: boolean)
                    Statistics: Num rows: 1704 Data size: 3256276 Basic stats: COMPLETE Column stats: NONE
                    Spark HashTable Sink Operator
                      keys:
                        0 _col1 (type: int)
                        1 s_store_sk (type: int)
            Local Work:
              Map Reduce Local Work

  Stage: Stage-1
    Spark
      Edges:
        Reducer 11 <- Map 10 (PARTITION-LEVEL SORT, 398), Map 14 (PARTITION-LEVEL SORT, 398)
        Reducer 13 <- Map 16 (PARTITION-LEVEL SORT, 121), Reducer 12 (PARTITION-LEVEL SORT, 121)
        Reducer 2 <- Map 1 (PARTITION-LEVEL SORT, 398), Map 7 (PARTITION-LEVEL SORT, 398)
        Reducer 4 <- Map 9 (PARTITION-LEVEL SORT, 121), Reducer 3 (PARTITION-LEVEL SORT, 121)
        Reducer 12 <- Reducer 11 (GROUP, 219)
        Reducer 3 <- Reducer 2 (GROUP, 219)
        Reducer 5 <- Reducer 13 (PARTITION-LEVEL SORT, 67), Reducer 4 (PARTITION-LEVEL SORT, 67)
        Reducer 6 <- Reducer 5 (SORT, 1)
#### A masked pattern was here ####
      Vertices:
        Map 1 
            Map Operator Tree:
                TableScan
                  alias: store_sales
                  Statistics: Num rows: 575995635 Data size: 50814502088 Basic stats: COMPLETE Column stats: NONE
                  Filter Operator
                    predicate: (ss_sold_date_sk is not null and ss_store_sk is not null) (type: boolean)
                    Statistics: Num rows: 575995635 Data size: 50814502088 Basic stats: COMPLETE Column stats: NONE
                    Reduce Output Operator
                      key expressions: ss_sold_date_sk (type: int)
                      sort order: +
                      Map-reduce partition columns: ss_sold_date_sk (type: int)
                      Statistics: Num rows: 575995635 Data size: 50814502088 Basic stats: COMPLETE Column stats: NONE
                      value expressions: ss_store_sk (type: int), ss_sales_price (type: decimal(7,2))
        Map 10 
            Map Operator Tree:
                TableScan
                  alias: store_sales
                  Statistics: Num rows: 575995635 Data size: 50814502088 Basic stats: COMPLETE Column stats: NONE
                  Filter Operator
                    predicate: (ss_sold_date_sk is not null and ss_store_sk is not null) (type: boolean)
                    Statistics: Num rows: 575995635 Data size: 50814502088 Basic stats: COMPLETE Column stats: NONE
                    Reduce Output Operator
                      key expressions: ss_sold_date_sk (type: int)
                      sort order: +
                      Map-reduce partition columns: ss_sold_date_sk (type: int)
                      Statistics: Num rows: 575995635 Data size: 50814502088 Basic stats: COMPLETE Column stats: NONE
                      value expressions: ss_store_sk (type: int), ss_sales_price (type: decimal(7,2))
        Map 14 
            Map Operator Tree:
                TableScan
                  alias: date_dim
                  Statistics: Num rows: 73049 Data size: 81741831 Basic stats: COMPLETE Column stats: NONE
                  Filter Operator
                    predicate: (d_date_sk is not null and d_week_seq is not null and (d_week_seq - 52) is not null) (type: boolean)
                    Statistics: Num rows: 73049 Data size: 81741831 Basic stats: COMPLETE Column stats: NONE
                    Reduce Output Operator
                      key expressions: d_date_sk (type: int)
                      sort order: +
                      Map-reduce partition columns: d_date_sk (type: int)
                      Statistics: Num rows: 73049 Data size: 81741831 Basic stats: COMPLETE Column stats: NONE
                      value expressions: d_week_seq (type: int), d_day_name (type: string)
        Map 16 
            Map Operator Tree:
                TableScan
                  alias: d
                  Statistics: Num rows: 73049 Data size: 81741831 Basic stats: COMPLETE Column stats: NONE
                  Filter Operator
                    predicate: (d_week_seq is not null and d_month_seq BETWEEN 1197 AND 1208 and (d_week_seq - 52) is not null) (type: boolean)
                    Statistics: Num rows: 36524 Data size: 40870356 Basic stats: COMPLETE Column stats: NONE
                    Reduce Output Operator
                      key expressions: d_week_seq (type: int)
                      sort order: +
                      Map-reduce partition columns: d_week_seq (type: int)
                      Statistics: Num rows: 36524 Data size: 40870356 Basic stats: COMPLETE Column stats: NONE
        Map 7 
            Map Operator Tree:
                TableScan
                  alias: date_dim
                  Statistics: Num rows: 73049 Data size: 81741831 Basic stats: COMPLETE Column stats: NONE
                  Filter Operator
                    predicate: (d_date_sk is not null and d_week_seq is not null) (type: boolean)
                    Statistics: Num rows: 73049 Data size: 81741831 Basic stats: COMPLETE Column stats: NONE
                    Reduce Output Operator
                      key expressions: d_date_sk (type: int)
                      sort order: +
                      Map-reduce partition columns: d_date_sk (type: int)
                      Statistics: Num rows: 73049 Data size: 81741831 Basic stats: COMPLETE Column stats: NONE
                      value expressions: d_week_seq (type: int), d_day_name (type: string)
        Map 9 
            Map Operator Tree:
                TableScan
                  alias: d
                  Statistics: Num rows: 73049 Data size: 81741831 Basic stats: COMPLETE Column stats: NONE
                  Filter Operator
                    predicate: (d_week_seq is not null and d_month_seq BETWEEN 1185 AND 1196) (type: boolean)
                    Statistics: Num rows: 36524 Data size: 40870356 Basic stats: COMPLETE Column stats: NONE
                    Reduce Output Operator
                      key expressions: d_week_seq (type: int)
                      sort order: +
                      Map-reduce partition columns: d_week_seq (type: int)
                      Statistics: Num rows: 36524 Data size: 40870356 Basic stats: COMPLETE Column stats: NONE
        Reducer 11 
            Reduce Operator Tree:
              Join Operator
                condition map:
                     Inner Join 0 to 1
                keys:
                  0 ss_sold_date_sk (type: int)
                  1 d_date_sk (type: int)
                outputColumnNames: _col0, _col7, _col13, _col26, _col30, _col40
                Statistics: Num rows: 633595212 Data size: 55895953508 Basic stats: COMPLETE Column stats: NONE
                Filter Operator
                  predicate: (_col26 = _col0) (type: boolean)
                  Statistics: Num rows: 316797606 Data size: 27947976754 Basic stats: COMPLETE Column stats: NONE
                  Select Operator
                    expressions: _col7 (type: int), _col13 (type: decimal(7,2)), _col30 (type: int), _col40 (type: string)
                    outputColumnNames: _col7, _col13, _col30, _col40
                    Statistics: Num rows: 316797606 Data size: 27947976754 Basic stats: COMPLETE Column stats: NONE
                    Group By Operator
                      aggregations: sum(CASE WHEN ((_col40 = 'Sunday')) THEN (_col13) ELSE (null) END), sum(CASE WHEN ((_col40 = 'Monday')) THEN (_col13) ELSE (null) END), sum(CASE WHEN ((_col40 = 'Tuesday')) THEN (_col13) ELSE (null) END), sum(CASE WHEN ((_col40 = 'Wednesday')) THEN (_col13) ELSE (null) END), sum(CASE WHEN ((_col40 = 'Thursday')) THEN (_col13) ELSE (null) END), sum(CASE WHEN ((_col40 = 'Friday')) THEN (_col13) ELSE (null) END), sum(CASE WHEN ((_col40 = 'Saturday')) THEN (_col13) ELSE (null) END)
                      keys: _col30 (type: int), _col7 (type: int)
                      mode: hash
                      outputColumnNames: _col0, _col1, _col2, _col3, _col4, _col5, _col6, _col7, _col8
                      Statistics: Num rows: 316797606 Data size: 27947976754 Basic stats: COMPLETE Column stats: NONE
                      Reduce Output Operator
                        key expressions: _col0 (type: int), _col1 (type: int)
                        sort order: ++
                        Map-reduce partition columns: _col0 (type: int), _col1 (type: int)
                        Statistics: Num rows: 316797606 Data size: 27947976754 Basic stats: COMPLETE Column stats: NONE
                        value expressions: _col2 (type: decimal(17,2)), _col3 (type: decimal(17,2)), _col4 (type: decimal(17,2)), _col5 (type: decimal(17,2)), _col6 (type: decimal(17,2)), _col7 (type: decimal(17,2)), _col8 (type: decimal(17,2))
        Reducer 12 
            Local Work:
              Map Reduce Local Work
            Reduce Operator Tree:
              Group By Operator
                aggregations: sum(VALUE._col0), sum(VALUE._col1), sum(VALUE._col2), sum(VALUE._col3), sum(VALUE._col4), sum(VALUE._col5), sum(VALUE._col6)
                keys: KEY._col0 (type: int), KEY._col1 (type: int)
                mode: mergepartial
                outputColumnNames: _col0, _col1, _col2, _col3, _col4, _col5, _col6, _col7, _col8
                Statistics: Num rows: 158398803 Data size: 13973988377 Basic stats: COMPLETE Column stats: NONE
                Map Join Operator
                  condition map:
                       Inner Join 0 to 1
                  keys:
                    0 _col1 (type: int)
                    1 s_store_sk (type: int)
                  outputColumnNames: _col0, _col1, _col2, _col3, _col4, _col5, _col6, _col7, _col8, _col9, _col10
                  input vertices:
                    1 Map 15
                  Statistics: Num rows: 174238687 Data size: 15371387547 Basic stats: COMPLETE Column stats: NONE
                  Reduce Output Operator
                    key expressions: _col0 (type: int)
                    sort order: +
                    Map-reduce partition columns: _col0 (type: int)
                    Statistics: Num rows: 174238687 Data size: 15371387547 Basic stats: COMPLETE Column stats: NONE
                    value expressions: _col1 (type: int), _col2 (type: decimal(17,2)), _col3 (type: decimal(17,2)), _col4 (type: decimal(17,2)), _col5 (type: decimal(17,2)), _col6 (type: decimal(17,2)), _col7 (type: decimal(17,2)), _col8 (type: decimal(17,2)), _col9 (type: int), _col10 (type: string)
        Reducer 13 
            Reduce Operator Tree:
              Join Operator
                condition map:
                     Inner Join 0 to 1
                keys:
                  0 _col0 (type: int)
                  1 d_week_seq (type: int)
                outputColumnNames: _col0, _col1, _col2, _col3, _col4, _col5, _col6, _col7, _col8, _col9, _col10, _col45
                Statistics: Num rows: 191662559 Data size: 16908526668 Basic stats: COMPLETE Column stats: NONE
                Filter Operator
                  predicate: ((_col45 = _col0) and (_col1 = _col9)) (type: boolean)
                  Statistics: Num rows: 47915639 Data size: 4227131600 Basic stats: COMPLETE Column stats: NONE
                  Select Operator
                    expressions: _col0 (type: int), _col10 (type: string), _col2 (type: decimal(17,2)), _col3 (type: decimal(17,2)), _col4 (type: decimal(17,2)), _col5 (type: decimal(17,2)), _col6 (type: decimal(17,2)), _col7 (type: decimal(17,2)), _col8 (type: decimal(17,2))
                    outputColumnNames: _col1, _col2, _col3, _col4, _col5, _col6, _col7, _col8, _col9
                    Statistics: Num rows: 47915639 Data size: 4227131600 Basic stats: COMPLETE Column stats: NONE
                    Reduce Output Operator
                      key expressions: _col2 (type: string), (_col1 - 52) (type: int)
                      sort order: ++
                      Map-reduce partition columns: _col2 (type: string), (_col1 - 52) (type: int)
                      Statistics: Num rows: 47915639 Data size: 4227131600 Basic stats: COMPLETE Column stats: NONE
                      value expressions: _col1 (type: int), _col3 (type: decimal(17,2)), _col4 (type: decimal(17,2)), _col5 (type: decimal(17,2)), _col6 (type: decimal(17,2)), _col7 (type: decimal(17,2)), _col8 (type: decimal(17,2)), _col9 (type: decimal(17,2))
        Reducer 2 
            Reduce Operator Tree:
              Join Operator
                condition map:
                     Inner Join 0 to 1
                keys:
                  0 ss_sold_date_sk (type: int)
                  1 d_date_sk (type: int)
                outputColumnNames: _col0, _col7, _col13, _col26, _col30, _col40
                Statistics: Num rows: 633595212 Data size: 55895953508 Basic stats: COMPLETE Column stats: NONE
                Filter Operator
                  predicate: (_col26 = _col0) (type: boolean)
                  Statistics: Num rows: 316797606 Data size: 27947976754 Basic stats: COMPLETE Column stats: NONE
                  Select Operator
                    expressions: _col7 (type: int), _col13 (type: decimal(7,2)), _col30 (type: int), _col40 (type: string)
                    outputColumnNames: _col7, _col13, _col30, _col40
                    Statistics: Num rows: 316797606 Data size: 27947976754 Basic stats: COMPLETE Column stats: NONE
                    Group By Operator
                      aggregations: sum(CASE WHEN ((_col40 = 'Sunday')) THEN (_col13) ELSE (null) END), sum(CASE WHEN ((_col40 = 'Monday')) THEN (_col13) ELSE (null) END), sum(CASE WHEN ((_col40 = 'Tuesday')) THEN (_col13) ELSE (null) END), sum(CASE WHEN ((_col40 = 'Wednesday')) THEN (_col13) ELSE (null) END), sum(CASE WHEN ((_col40 = 'Thursday')) THEN (_col13) ELSE (null) END), sum(CASE WHEN ((_col40 = 'Friday')) THEN (_col13) ELSE (null) END), sum(CASE WHEN ((_col40 = 'Saturday')) THEN (_col13) ELSE (null) END)
                      keys: _col30 (type: int), _col7 (type: int)
                      mode: hash
                      outputColumnNames: _col0, _col1, _col2, _col3, _col4, _col5, _col6, _col7, _col8
                      Statistics: Num rows: 316797606 Data size: 27947976754 Basic stats: COMPLETE Column stats: NONE
                      Reduce Output Operator
                        key expressions: _col0 (type: int), _col1 (type: int)
                        sort order: ++
                        Map-reduce partition columns: _col0 (type: int), _col1 (type: int)
                        Statistics: Num rows: 316797606 Data size: 27947976754 Basic stats: COMPLETE Column stats: NONE
                        value expressions: _col2 (type: decimal(17,2)), _col3 (type: decimal(17,2)), _col4 (type: decimal(17,2)), _col5 (type: decimal(17,2)), _col6 (type: decimal(17,2)), _col7 (type: decimal(17,2)), _col8 (type: decimal(17,2))
        Reducer 3 
            Local Work:
              Map Reduce Local Work
            Reduce Operator Tree:
              Group By Operator
                aggregations: sum(VALUE._col0), sum(VALUE._col1), sum(VALUE._col2), sum(VALUE._col3), sum(VALUE._col4), sum(VALUE._col5), sum(VALUE._col6)
                keys: KEY._col0 (type: int), KEY._col1 (type: int)
                mode: mergepartial
                outputColumnNames: _col0, _col1, _col2, _col3, _col4, _col5, _col6, _col7, _col8
                Statistics: Num rows: 158398803 Data size: 13973988377 Basic stats: COMPLETE Column stats: NONE
                Map Join Operator
                  condition map:
                       Inner Join 0 to 1
                  keys:
                    0 _col1 (type: int)
                    1 s_store_sk (type: int)
                  outputColumnNames: _col0, _col1, _col2, _col3, _col4, _col5, _col6, _col7, _col8, _col9, _col10, _col14
                  input vertices:
                    1 Map 8
                  Statistics: Num rows: 174238687 Data size: 15371387547 Basic stats: COMPLETE Column stats: NONE
                  Reduce Output Operator
                    key expressions: _col0 (type: int)
                    sort order: +
                    Map-reduce partition columns: _col0 (type: int)
                    Statistics: Num rows: 174238687 Data size: 15371387547 Basic stats: COMPLETE Column stats: NONE
                    value expressions: _col1 (type: int), _col2 (type: decimal(17,2)), _col3 (type: decimal(17,2)), _col4 (type: decimal(17,2)), _col5 (type: decimal(17,2)), _col6 (type: decimal(17,2)), _col7 (type: decimal(17,2)), _col8 (type: decimal(17,2)), _col9 (type: int), _col10 (type: string), _col14 (type: string)
        Reducer 4 
            Reduce Operator Tree:
              Join Operator
                condition map:
                     Inner Join 0 to 1
                keys:
                  0 _col0 (type: int)
                  1 d_week_seq (type: int)
                outputColumnNames: _col0, _col1, _col2, _col3, _col4, _col5, _col6, _col7, _col8, _col9, _col10, _col14, _col45
                Statistics: Num rows: 191662559 Data size: 16908526668 Basic stats: COMPLETE Column stats: NONE
                Filter Operator
                  predicate: ((_col45 = _col0) and (_col1 = _col9)) (type: boolean)
                  Statistics: Num rows: 47915639 Data size: 4227131600 Basic stats: COMPLETE Column stats: NONE
                  Select Operator
                    expressions: _col14 (type: string), _col0 (type: int), _col10 (type: string), _col2 (type: decimal(17,2)), _col3 (type: decimal(17,2)), _col4 (type: decimal(17,2)), _col5 (type: decimal(17,2)), _col6 (type: decimal(17,2)), _col7 (type: decimal(17,2)), _col8 (type: decimal(17,2))
                    outputColumnNames: _col0, _col1, _col2, _col3, _col4, _col5, _col6, _col7, _col8, _col9
                    Statistics: Num rows: 47915639 Data size: 4227131600 Basic stats: COMPLETE Column stats: NONE
                    Reduce Output Operator
                      key expressions: _col2 (type: string), _col1 (type: int)
                      sort order: ++
                      Map-reduce partition columns: _col2 (type: string), _col1 (type: int)
                      Statistics: Num rows: 47915639 Data size: 4227131600 Basic stats: COMPLETE Column stats: NONE
                      value expressions: _col0 (type: string), _col3 (type: decimal(17,2)), _col4 (type: decimal(17,2)), _col5 (type: decimal(17,2)), _col6 (type: decimal(17,2)), _col7 (type: decimal(17,2)), _col8 (type: decimal(17,2)), _col9 (type: decimal(17,2))
        Reducer 5 
            Reduce Operator Tree:
              Join Operator
                condition map:
                     Inner Join 0 to 1
                keys:
                  0 _col2 (type: string), _col1 (type: int)
                  1 _col2 (type: string), (_col1 - 52) (type: int)
                outputColumnNames: _col0, _col1, _col2, _col3, _col4, _col5, _col6, _col7, _col8, _col9, _col11, _col12, _col13, _col14, _col15, _col16, _col17, _col18, _col19
                Statistics: Num rows: 52707204 Data size: 4649844860 Basic stats: COMPLETE Column stats: NONE
                Filter Operator
                  predicate: ((_col2 = _col12) and (_col1 = (_col11 - 52))) (type: boolean)
                  Statistics: Num rows: 13176801 Data size: 1162461215 Basic stats: COMPLETE Column stats: NONE
                  Select Operator
                    expressions: _col0 (type: string), _col2 (type: string), _col1 (type: int), (_col3 / _col13) (type: decimal(37,20)), (_col4 / _col14) (type: decimal(37,20)), (_col5 / _col15) (type: decimal(37,20)), (_col6 / _col16) (type: decimal(37,20)), (_col7 / _col17) (type: decimal(37,20)), (_col8 / _col18) (type: decimal(37,20)), (_col9 / _col19) (type: decimal(37,20))
                    outputColumnNames: _col0, _col1, _col2, _col3, _col4, _col5, _col6, _col7, _col8, _col9
                    Statistics: Num rows: 13176801 Data size: 1162461215 Basic stats: COMPLETE Column stats: NONE
                    Reduce Output Operator
                      key expressions: _col0 (type: string), _col1 (type: string), _col2 (type: int)
                      sort order: +++
                      Statistics: Num rows: 13176801 Data size: 1162461215 Basic stats: COMPLETE Column stats: NONE
                      TopN Hash Memory Usage: 0.1
                      value expressions: _col3 (type: decimal(37,20)), _col4 (type: decimal(37,20)), _col5 (type: decimal(37,20)), _col6 (type: decimal(37,20)), _col7 (type: decimal(37,20)), _col8 (type: decimal(37,20)), _col9 (type: decimal(37,20))
        Reducer 6 
            Reduce Operator Tree:
              Select Operator
                expressions: KEY.reducesinkkey0 (type: string), KEY.reducesinkkey1 (type: string), KEY.reducesinkkey2 (type: int), VALUE._col0 (type: decimal(37,20)), VALUE._col1 (type: decimal(37,20)), VALUE._col2 (type: decimal(37,20)), VALUE._col3 (type: decimal(37,20)), VALUE._col4 (type: decimal(37,20)), VALUE._col5 (type: decimal(37,20)), VALUE._col6 (type: decimal(37,20))
                outputColumnNames: _col0, _col1, _col2, _col3, _col4, _col5, _col6, _col7, _col8, _col9
                Statistics: Num rows: 13176801 Data size: 1162461215 Basic stats: COMPLETE Column stats: NONE
                Limit
                  Number of rows: 100
                  Statistics: Num rows: 100 Data size: 8800 Basic stats: COMPLETE Column stats: NONE
                  File Output Operator
                    compressed: false
                    Statistics: Num rows: 100 Data size: 8800 Basic stats: COMPLETE Column stats: NONE
                    table:
                        input format: org.apache.hadoop.mapred.SequenceFileInputFormat
                        output format: org.apache.hadoop.hive.ql.io.HiveSequenceFileOutputFormat
                        serde: org.apache.hadoop.hive.serde2.lazy.LazySimpleSerDe

  Stage: Stage-0
    Fetch Operator
      limit: 100
      Processor Tree:
        ListSink

