PREHOOK: query: explain
with ssci as (
select ss_customer_sk customer_sk
      ,ss_item_sk item_sk
from store_sales,date_dim
where ss_sold_date_sk = d_date_sk
  and d_month_seq between 1212 and 1212 + 11
group by ss_customer_sk
        ,ss_item_sk),
csci as(
 select cs_bill_customer_sk customer_sk
      ,cs_item_sk item_sk
from catalog_sales,date_dim
where cs_sold_date_sk = d_date_sk
  and d_month_seq between 1212 and 1212 + 11
group by cs_bill_customer_sk
        ,cs_item_sk)
 select  sum(case when ssci.customer_sk is not null and csci.customer_sk is null then 1 else 0 end) store_only
      ,sum(case when ssci.customer_sk is null and csci.customer_sk is not null then 1 else 0 end) catalog_only
      ,sum(case when ssci.customer_sk is not null and csci.customer_sk is not null then 1 else 0 end) store_and_catalog
from ssci full outer join csci on (ssci.customer_sk=csci.customer_sk
                               and ssci.item_sk = csci.item_sk)
limit 100
PREHOOK: type: QUERY
PREHOOK: Input: default@catalog_sales
PREHOOK: Input: default@date_dim
PREHOOK: Input: default@store_sales
#### A masked pattern was here ####
POSTHOOK: query: explain
with ssci as (
select ss_customer_sk customer_sk
      ,ss_item_sk item_sk
from store_sales,date_dim
where ss_sold_date_sk = d_date_sk
  and d_month_seq between 1212 and 1212 + 11
group by ss_customer_sk
        ,ss_item_sk),
csci as(
 select cs_bill_customer_sk customer_sk
      ,cs_item_sk item_sk
from catalog_sales,date_dim
where cs_sold_date_sk = d_date_sk
  and d_month_seq between 1212 and 1212 + 11
group by cs_bill_customer_sk
        ,cs_item_sk)
 select  sum(case when ssci.customer_sk is not null and csci.customer_sk is null then 1 else 0 end) store_only
      ,sum(case when ssci.customer_sk is null and csci.customer_sk is not null then 1 else 0 end) catalog_only
      ,sum(case when ssci.customer_sk is not null and csci.customer_sk is not null then 1 else 0 end) store_and_catalog
from ssci full outer join csci on (ssci.customer_sk=csci.customer_sk
                               and ssci.item_sk = csci.item_sk)
limit 100
POSTHOOK: type: QUERY
POSTHOOK: Input: default@catalog_sales
POSTHOOK: Input: default@date_dim
POSTHOOK: Input: default@store_sales
#### A masked pattern was here ####
STAGE DEPENDENCIES:
  Stage-1 is a root stage
  Stage-0 depends on stages: Stage-1

STAGE PLANS:
  Stage: Stage-1
    Spark
      Edges:
        Reducer 2 <- Map 1 (PARTITION-LEVEL SORT, 398), Map 6 (PARTITION-LEVEL SORT, 398)
        Reducer 8 <- Map 10 (PARTITION-LEVEL SORT, 306), Map 7 (PARTITION-LEVEL SORT, 306)
        Reducer 3 <- Reducer 2 (GROUP, 219)
        Reducer 9 <- Reducer 8 (GROUP, 168)
        Reducer 4 <- Reducer 3 (PARTITION-LEVEL SORT, 193), Reducer 9 (PARTITION-LEVEL SORT, 193)
        Reducer 5 <- Reducer 4 (GROUP, 1)
#### A masked pattern was here ####
      Vertices:
        Map 1 
            Map Operator Tree:
                TableScan
                  alias: store_sales
                  Statistics: Num rows: 575995635 Data size: 50814502088 Basic stats: COMPLETE Column stats: NONE
                  Filter Operator
                    predicate: ss_sold_date_sk is not null (type: boolean)
                    Statistics: Num rows: 575995635 Data size: 50814502088 Basic stats: COMPLETE Column stats: NONE
                    Reduce Output Operator
                      key expressions: ss_sold_date_sk (type: int)
                      sort order: +
                      Map-reduce partition columns: ss_sold_date_sk (type: int)
                      Statistics: Num rows: 575995635 Data size: 50814502088 Basic stats: COMPLETE Column stats: NONE
                      value expressions: ss_item_sk (type: int), ss_customer_sk (type: int)
        Map 10 
            Map Operator Tree:
                TableScan
                  alias: date_dim
                  Statistics: Num rows: 73049 Data size: 81741831 Basic stats: COMPLETE Column stats: NONE
                  Filter Operator
                    predicate: (d_date_sk is not null and d_month_seq BETWEEN 1212 AND 1223) (type: boolean)
                    Statistics: Num rows: 36524 Data size: 40870356 Basic stats: COMPLETE Column stats: NONE
                    Reduce Output Operator
                      key expressions: d_date_sk (type: int)
                      sort order: +
                      Map-reduce partition columns: d_date_sk (type: int)
                      Statistics: Num rows: 36524 Data size: 40870356 Basic stats: COMPLETE Column stats: NONE
        Map 6 
            Map Operator Tree:
                TableScan
                  alias: date_dim
                  Statistics: Num rows: 73049 Data size: 81741831 Basic stats: COMPLETE Column stats: NONE
                  Filter Operator
                    predicate: (d_date_sk is not null and d_month_seq BETWEEN 1212 AND 1223) (type: boolean)
                    Statistics: Num rows: 36524 Data size: 40870356 Basic stats: COMPLETE Column stats: NONE
                    Reduce Output Operator
                      key expressions: d_date_sk (type: int)
                      sort order: +
                      Map-reduce partition columns: d_date_sk (type: int)
                      Statistics: Num rows: 36524 Data size: 40870356 Basic stats: COMPLETE Column stats: NONE
        Map 7 
            Map Operator Tree:
                TableScan
                  alias: catalog_sales
                  Statistics: Num rows: 287989836 Data size: 38999608952 Basic stats: COMPLETE Column stats: NONE
                  Filter Operator
                    predicate: cs_sold_date_sk is not null (type: boolean)
                    Statistics: Num rows: 287989836 Data size: 38999608952 Basic stats: COMPLETE Column stats: NONE
                    Reduce Output Operator
                      key expressions: cs_sold_date_sk (type: int)
                      sort order: +
                      Map-reduce partition columns: cs_sold_date_sk (type: int)
                      Statistics: Num rows: 287989836 Data size: 38999608952 Basic stats: COMPLETE Column stats: NONE
                      value expressions: cs_bill_customer_sk (type: int), cs_item_sk (type: int)
        Reducer 2 
            Reduce Operator Tree:
              Join Operator
                condition map:
                     Inner Join 0 to 1
                keys:
                  0 ss_sold_date_sk (type: int)
                  1 d_date_sk (type: int)
                outputColumnNames: _col0, _col2, _col3, _col26
                Statistics: Num rows: 633595212 Data size: 55895953508 Basic stats: COMPLETE Column stats: NONE
                Filter Operator
                  predicate: (_col0 = _col26) (type: boolean)
                  Statistics: Num rows: 316797606 Data size: 27947976754 Basic stats: COMPLETE Column stats: NONE
                  Select Operator
                    expressions: _col2 (type: int), _col3 (type: int)
                    outputColumnNames: _col2, _col3
                    Statistics: Num rows: 316797606 Data size: 27947976754 Basic stats: COMPLETE Column stats: NONE
                    Group By Operator
                      keys: _col3 (type: int), _col2 (type: int)
                      mode: hash
                      outputColumnNames: _col0, _col1
                      Statistics: Num rows: 316797606 Data size: 27947976754 Basic stats: COMPLETE Column stats: NONE
                      Reduce Output Operator
                        key expressions: _col0 (type: int), _col1 (type: int)
                        sort order: ++
                        Map-reduce partition columns: _col0 (type: int), _col1 (type: int)
                        Statistics: Num rows: 316797606 Data size: 27947976754 Basic stats: COMPLETE Column stats: NONE
        Reducer 3 
            Reduce Operator Tree:
              Group By Operator
                keys: KEY._col0 (type: int), KEY._col1 (type: int)
                mode: mergepartial
                outputColumnNames: _col0, _col1
                Statistics: Num rows: 158398803 Data size: 13973988377 Basic stats: COMPLETE Column stats: NONE
                Reduce Output Operator
                  key expressions: _col0 (type: int), _col1 (type: int)
                  sort order: ++
                  Map-reduce partition columns: _col0 (type: int), _col1 (type: int)
                  Statistics: Num rows: 158398803 Data size: 13973988377 Basic stats: COMPLETE Column stats: NONE
        Reducer 4 
            Reduce Operator Tree:
              Join Operator
                condition map:
                     Outer Join 0 to 1
                keys:
                  0 _col0 (type: int), _col1 (type: int)
                  1 _col0 (type: int), _col1 (type: int)
                outputColumnNames: _col0, _col2
                Statistics: Num rows: 174238687 Data size: 15371387547 Basic stats: COMPLETE Column stats: NONE
                Group By Operator
                  aggregations: sum(CASE WHEN ((_col0 is not null and _col2 is null)) THEN (1) ELSE (0) END), sum(CASE WHEN ((_col0 is null and _col2 is not null)) THEN (1) ELSE (0) END), sum(CASE WHEN ((_col0 is not null and _col2 is not null)) THEN (1) ELSE (0) END)
                  mode: hash
                  outputColumnNames: _col0, _col1, _col2
                  Statistics: Num rows: 1 Data size: 24 Basic stats: COMPLETE Column stats: NONE
                  Reduce Output Operator
                    sort order: 
                    Statistics: Num rows: 1 Data size: 24 Basic stats: COMPLETE Column stats: NONE
                    TopN Hash Memory Usage: 0.1
                    value expressions: _col0 (type: bigint), _col1 (type: bigint), _col2 (type: bigint)
        Reducer 5 
            Reduce Operator Tree:
              Group By Operator
                aggregations: sum(VALUE._col0), sum(VALUE._col1), sum(VALUE._col2)
                mode: mergepartial
                outputColumnNames: _col0, _col1, _col2
                Statistics: Num rows: 1 Data size: 24 Basic stats: COMPLETE Column stats: NONE
                Limit
                  Number of rows: 100
                  Statistics: Num rows: 1 Data size: 24 Basic stats: COMPLETE Column stats: NONE
                  File Output Operator
                    compressed: false
                    Statistics: Num rows: 1 Data size: 24 Basic stats: COMPLETE Column stats: NONE
                    table:
                        input format: org.apache.hadoop.mapred.SequenceFileInputFormat
                        output format: org.apache.hadoop.hive.ql.io.HiveSequenceFileOutputFormat
                        serde: org.apache.hadoop.hive.serde2.lazy.LazySimpleSerDe
        Reducer 8 
            Reduce Operator Tree:
              Join Operator
                condition map:
                     Inner Join 0 to 1
                keys:
                  0 cs_sold_date_sk (type: int)
                  1 d_date_sk (type: int)
                outputColumnNames: _col0, _col3, _col15, _col37
                Statistics: Num rows: 316788826 Data size: 42899570777 Basic stats: COMPLETE Column stats: NONE
                Filter Operator
                  predicate: (_col0 = _col37) (type: boolean)
                  Statistics: Num rows: 158394413 Data size: 21449785388 Basic stats: COMPLETE Column stats: NONE
                  Select Operator
                    expressions: _col3 (type: int), _col15 (type: int)
                    outputColumnNames: _col3, _col15
                    Statistics: Num rows: 158394413 Data size: 21449785388 Basic stats: COMPLETE Column stats: NONE
                    Group By Operator
                      keys: _col3 (type: int), _col15 (type: int)
                      mode: hash
                      outputColumnNames: _col0, _col1
                      Statistics: Num rows: 158394413 Data size: 21449785388 Basic stats: COMPLETE Column stats: NONE
                      Reduce Output Operator
                        key expressions: _col0 (type: int), _col1 (type: int)
                        sort order: ++
                        Map-reduce partition columns: _col0 (type: int), _col1 (type: int)
                        Statistics: Num rows: 158394413 Data size: 21449785388 Basic stats: COMPLETE Column stats: NONE
        Reducer 9 
            Reduce Operator Tree:
              Group By Operator
                keys: KEY._col0 (type: int), KEY._col1 (type: int)
                mode: mergepartial
                outputColumnNames: _col0, _col1
                Statistics: Num rows: 79197206 Data size: 10724892626 Basic stats: COMPLETE Column stats: NONE
                Reduce Output Operator
                  key expressions: _col0 (type: int), _col1 (type: int)
                  sort order: ++
                  Map-reduce partition columns: _col0 (type: int), _col1 (type: int)
                  Statistics: Num rows: 79197206 Data size: 10724892626 Basic stats: COMPLETE Column stats: NONE

  Stage: Stage-0
    Fetch Operator
      limit: 100
      Processor Tree:
        ListSink

