PREHOOK: query: explain
select  
        cc_call_center_id Call_Center,
        cc_name Call_Center_Name,
        cc_manager Manager,
        sum(cr_net_loss) Returns_Loss
from
        call_center,
        catalog_returns,
        date_dim,
        customer,
        customer_address,
        customer_demographics,
        household_demographics
where
        cr_call_center_sk       = cc_call_center_sk
and     cr_returned_date_sk     = d_date_sk
and     cr_returning_customer_sk= c_customer_sk
and     cd_demo_sk              = c_current_cdemo_sk
and     hd_demo_sk              = c_current_hdemo_sk
and     ca_address_sk           = c_current_addr_sk
and     d_year                  = 1999 
and     d_moy                   = 11
and     ( (cd_marital_status       = 'M' and cd_education_status     = 'Unknown')
        or(cd_marital_status       = 'W' and cd_education_status     = 'Advanced Degree'))
and     hd_buy_potential like '0-500%'
and     ca_gmt_offset           = -7
group by cc_call_center_id,cc_name,cc_manager,cd_marital_status,cd_education_status
order by Returns_Loss desc
PREHOOK: type: QUERY
PREHOOK: Input: default@call_center
PREHOOK: Input: default@catalog_returns
PREHOOK: Input: default@customer
PREHOOK: Input: default@customer_address
PREHOOK: Input: default@customer_demographics
PREHOOK: Input: default@date_dim
PREHOOK: Input: default@household_demographics
#### A masked pattern was here ####
POSTHOOK: query: explain
select  
        cc_call_center_id Call_Center,
        cc_name Call_Center_Name,
        cc_manager Manager,
        sum(cr_net_loss) Returns_Loss
from
        call_center,
        catalog_returns,
        date_dim,
        customer,
        customer_address,
        customer_demographics,
        household_demographics
where
        cr_call_center_sk       = cc_call_center_sk
and     cr_returned_date_sk     = d_date_sk
and     cr_returning_customer_sk= c_customer_sk
and     cd_demo_sk              = c_current_cdemo_sk
and     hd_demo_sk              = c_current_hdemo_sk
and     ca_address_sk           = c_current_addr_sk
and     d_year                  = 1999 
and     d_moy                   = 11
and     ( (cd_marital_status       = 'M' and cd_education_status     = 'Unknown')
        or(cd_marital_status       = 'W' and cd_education_status     = 'Advanced Degree'))
and     hd_buy_potential like '0-500%'
and     ca_gmt_offset           = -7
group by cc_call_center_id,cc_name,cc_manager,cd_marital_status,cd_education_status
order by Returns_Loss desc
POSTHOOK: type: QUERY
POSTHOOK: Input: default@call_center
POSTHOOK: Input: default@catalog_returns
POSTHOOK: Input: default@customer
POSTHOOK: Input: default@customer_address
POSTHOOK: Input: default@customer_demographics
POSTHOOK: Input: default@date_dim
POSTHOOK: Input: default@household_demographics
#### A masked pattern was here ####
STAGE DEPENDENCIES:
  Stage-2 is a root stage
  Stage-3 depends on stages: Stage-2
  Stage-1 depends on stages: Stage-3
  Stage-0 depends on stages: Stage-1

STAGE PLANS:
  Stage: Stage-2
    Spark
#### A masked pattern was here ####
      Vertices:
        Map 11 
            Map Operator Tree:
                TableScan
                  alias: customer_demographics
                  Statistics: Num rows: 1583 Data size: 323062 Basic stats: COMPLETE Column stats: NONE
                  Filter Operator
                    predicate: (cd_demo_sk is not null and (((cd_marital_status = 'M') and (cd_education_status = 'Unknown')) or ((cd_marital_status = 'W') and (cd_education_status = 'Advanced Degree')))) (type: boolean)
                    Statistics: Num rows: 790 Data size: 161224 Basic stats: COMPLETE Column stats: NONE
                    Spark HashTable Sink Operator
                      keys:
                        0 _col97 (type: int)
                        1 cd_demo_sk (type: int)
            Local Work:
              Map Reduce Local Work
        Map 12 
            Map Operator Tree:
                TableScan
                  alias: household_demographics
                  Statistics: Num rows: 7200 Data size: 770400 Basic stats: COMPLETE Column stats: NONE
                  Filter Operator
                    predicate: (hd_demo_sk is not null and (hd_buy_potential like '0-500%')) (type: boolean)
                    Statistics: Num rows: 3600 Data size: 385200 Basic stats: COMPLETE Column stats: NONE
                    Spark HashTable Sink Operator
                      keys:
                        0 _col98 (type: int)
                        1 hd_demo_sk (type: int)
            Local Work:
              Map Reduce Local Work

  Stage: Stage-3
    Spark
#### A masked pattern was here ####
      Vertices:
        Map 1 
            Map Operator Tree:
                TableScan
                  alias: call_center
                  Statistics: Num rows: 60 Data size: 122700 Basic stats: COMPLETE Column stats: NONE
                  Filter Operator
                    predicate: cc_call_center_sk is not null (type: boolean)
                    Statistics: Num rows: 60 Data size: 122700 Basic stats: COMPLETE Column stats: NONE
                    Spark HashTable Sink Operator
                      keys:
                        0 cc_call_center_sk (type: int)
                        1 cr_call_center_sk (type: int)
            Local Work:
              Map Reduce Local Work

  Stage: Stage-1
    Spark
      Edges:
        Reducer 3 <- Map 2 (PARTITION-LEVEL SORT, 27), Map 8 (PARTITION-LEVEL SORT, 27)
        Reducer 4 <- Map 9 (PARTITION-LEVEL SORT, 567), Reducer 3 (PARTITION-LEVEL SORT, 567)
        Reducer 5 <- Map 10 (PARTITION-LEVEL SORT, 750), Reducer 4 (PARTITION-LEVEL SORT, 750)
        Reducer 6 <- Reducer 5 (GROUP, 13)
        Reducer 7 <- Reducer 6 (SORT, 1)
#### A masked pattern was here ####
      Vertices:
        Map 10 
            Map Operator Tree:
                TableScan
                  alias: customer_address
                  Statistics: Num rows: 40000000 Data size: 40595195284 Basic stats: COMPLETE Column stats: NONE
                  Filter Operator
                    predicate: (ca_address_sk is not null and (ca_gmt_offset = -7)) (type: boolean)
                    Statistics: Num rows: 20000000 Data size: 20297597642 Basic stats: COMPLETE Column stats: NONE
                    Reduce Output Operator
                      key expressions: ca_address_sk (type: int)
                      sort order: +
                      Map-reduce partition columns: ca_address_sk (type: int)
                      Statistics: Num rows: 20000000 Data size: 20297597642 Basic stats: COMPLETE Column stats: NONE
        Map 2 
            Map Operator Tree:
                TableScan
                  alias: catalog_returns
                  Statistics: Num rows: 28798881 Data size: 3057234680 Basic stats: COMPLETE Column stats: NONE
                  Filter Operator
                    predicate: (cr_call_center_sk is not null and cr_returned_date_sk is not null and cr_returning_customer_sk is not null) (type: boolean)
                    Statistics: Num rows: 28798881 Data size: 3057234680 Basic stats: COMPLETE Column stats: NONE
                    Map Join Operator
                      condition map:
                           Inner Join 0 to 1
                      keys:
                        0 cc_call_center_sk (type: int)
                        1 cr_call_center_sk (type: int)
                      outputColumnNames: _col0, _col1, _col6, _col11, _col34, _col41, _col45, _col60
                      input vertices:
                        0 Map 1
                      Statistics: Num rows: 31678769 Data size: 3362958220 Basic stats: COMPLETE Column stats: NONE
                      Reduce Output Operator
                        key expressions: _col34 (type: int)
                        sort order: +
                        Map-reduce partition columns: _col34 (type: int)
                        Statistics: Num rows: 31678769 Data size: 3362958220 Basic stats: COMPLETE Column stats: NONE
                        value expressions: _col0 (type: int), _col1 (type: string), _col6 (type: string), _col11 (type: string), _col41 (type: int), _col45 (type: int), _col60 (type: decimal(7,2))
            Local Work:
              Map Reduce Local Work
        Map 8 
            Map Operator Tree:
                TableScan
                  alias: date_dim
                  Statistics: Num rows: 73049 Data size: 81741831 Basic stats: COMPLETE Column stats: NONE
                  Filter Operator
                    predicate: (d_date_sk is not null and (d_year = 1999) and (d_moy = 11)) (type: boolean)
                    Statistics: Num rows: 18262 Data size: 20435178 Basic stats: COMPLETE Column stats: NONE
                    Reduce Output Operator
                      key expressions: d_date_sk (type: int)
                      sort order: +
                      Map-reduce partition columns: d_date_sk (type: int)
                      Statistics: Num rows: 18262 Data size: 20435178 Basic stats: COMPLETE Column stats: NONE
        Map 9 
            Map Operator Tree:
                TableScan
                  alias: customer
                  Statistics: Num rows: 80000000 Data size: 68801615852 Basic stats: COMPLETE Column stats: NONE
                  Filter Operator
                    predicate: (c_customer_sk is not null and c_current_addr_sk is not null and c_current_cdemo_sk is not null and c_current_hdemo_sk is not null) (type: boolean)
                    Statistics: Num rows: 80000000 Data size: 68801615852 Basic stats: COMPLETE Column stats: NONE
                    Reduce Output Operator
                      key expressions: c_customer_sk (type: int)
                      sort order: +
                      Map-reduce partition columns: c_customer_sk (type: int)
                      Statistics: Num rows: 80000000 Data size: 68801615852 Basic stats: COMPLETE Column stats: NONE
                      value expressions: c_current_cdemo_sk (type: int), c_current_hdemo_sk (type: int), c_current_addr_sk (type: int)
        Reducer 3 
            Reduce Operator Tree:
              Join Operator
                condition map:
                     Inner Join 0 to 1
                keys:
                  0 _col34 (type: int)
                  1 d_date_sk (type: int)
                outputColumnNames: _col0, _col1, _col6, _col11, _col34, _col41, _col45, _col60, _col64
                Statistics: Num rows: 34846646 Data size: 3699254122 Basic stats: COMPLETE Column stats: NONE
                Reduce Output Operator
                  key expressions: _col41 (type: int)
                  sort order: +
                  Map-reduce partition columns: _col41 (type: int)
                  Statistics: Num rows: 34846646 Data size: 3699254122 Basic stats: COMPLETE Column stats: NONE
                  value expressions: _col0 (type: int), _col1 (type: string), _col6 (type: string), _col11 (type: string), _col34 (type: int), _col45 (type: int), _col60 (type: decimal(7,2)), _col64 (type: int)
        Reducer 4 
            Reduce Operator Tree:
              Join Operator
                condition map:
                     Inner Join 0 to 1
                keys:
                  0 _col41 (type: int)
                  1 c_customer_sk (type: int)
                outputColumnNames: _col0, _col1, _col6, _col11, _col34, _col41, _col45, _col60, _col64, _col95, _col97, _col98, _col99
                Statistics: Num rows: 88000001 Data size: 75681779077 Basic stats: COMPLETE Column stats: NONE
                Reduce Output Operator
                  key expressions: _col99 (type: int)
                  sort order: +
                  Map-reduce partition columns: _col99 (type: int)
                  Statistics: Num rows: 88000001 Data size: 75681779077 Basic stats: COMPLETE Column stats: NONE
                  value expressions: _col0 (type: int), _col1 (type: string), _col6 (type: string), _col11 (type: string), _col34 (type: int), _col41 (type: int), _col45 (type: int), _col60 (type: decimal(7,2)), _col64 (type: int), _col95 (type: int), _col97 (type: int), _col98 (type: int)
        Reducer 5 
            Local Work:
              Map Reduce Local Work
            Reduce Operator Tree:
              Join Operator
                condition map:
                     Inner Join 0 to 1
                keys:
                  0 _col99 (type: int)
                  1 ca_address_sk (type: int)
                outputColumnNames: _col0, _col1, _col6, _col11, _col34, _col41, _col45, _col60, _col64, _col95, _col97, _col98, _col99, _col116
                Statistics: Num rows: 96800003 Data size: 83249958789 Basic stats: COMPLETE Column stats: NONE
                Map Join Operator
                  condition map:
                       Inner Join 0 to 1
                  keys:
                    0 _col97 (type: int)
                    1 cd_demo_sk (type: int)
                  outputColumnNames: _col0, _col1, _col6, _col11, _col34, _col41, _col45, _col60, _col64, _col95, _col97, _col98, _col99, _col116, _col132, _col134, _col135
                  input vertices:
                    1 Map 11
                  Statistics: Num rows: 106480005 Data size: 91574956652 Basic stats: COMPLETE Column stats: NONE
                  Map Join Operator
                    condition map:
                         Inner Join 0 to 1
                    keys:
                      0 _col98 (type: int)
                      1 hd_demo_sk (type: int)
                    outputColumnNames: _col0, _col1, _col6, _col11, _col34, _col41, _col45, _col60, _col64, _col95, _col97, _col98, _col99, _col116, _col132, _col134, _col135, _col144
                    input vertices:
                      1 Map 12
                    Statistics: Num rows: 117128008 Data size: 100732454500 Basic stats: COMPLETE Column stats: NONE
                    Filter Operator
                      predicate: ((_col116 = _col99) and (_col144 = _col98) and (_col132 = _col97) and (_col45 = _col0) and (_col34 = _col64) and (_col41 = _col95)) (type: boolean)
                      Statistics: Num rows: 1830125 Data size: 1573944494 Basic stats: COMPLETE Column stats: NONE
                      Select Operator
                        expressions: _col1 (type: string), _col6 (type: string), _col11 (type: string), _col60 (type: decimal(7,2)), _col134 (type: string), _col135 (type: string)
                        outputColumnNames: _col1, _col6, _col11, _col60, _col134, _col135
                        Statistics: Num rows: 1830125 Data size: 1573944494 Basic stats: COMPLETE Column stats: NONE
                        Group By Operator
                          aggregations: sum(_col60)
                          keys: _col1 (type: string), _col6 (type: string), _col11 (type: string), _col134 (type: string), _col135 (type: string)
                          mode: hash
                          outputColumnNames: _col0, _col1, _col2, _col3, _col4, _col5
                          Statistics: Num rows: 1830125 Data size: 1573944494 Basic stats: COMPLETE Column stats: NONE
                          Reduce Output Operator
                            key expressions: _col0 (type: string), _col1 (type: string), _col2 (type: string), _col3 (type: string), _col4 (type: string)
                            sort order: +++++
                            Map-reduce partition columns: _col0 (type: string), _col1 (type: string), _col2 (type: string), _col3 (type: string), _col4 (type: string)
                            Statistics: Num rows: 1830125 Data size: 1573944494 Basic stats: COMPLETE Column stats: NONE
                            value expressions: _col5 (type: decimal(17,2))
        Reducer 6 
            Reduce Operator Tree:
              Group By Operator
                aggregations: sum(VALUE._col0)
                keys: KEY._col0 (type: string), KEY._col1 (type: string), KEY._col2 (type: string), KEY._col3 (type: string), KEY._col4 (type: string)
                mode: mergepartial
                outputColumnNames: _col0, _col1, _col2, _col3, _col4, _col5
                Statistics: Num rows: 915062 Data size: 786971816 Basic stats: COMPLETE Column stats: NONE
                Select Operator
                  expressions: _col0 (type: string), _col1 (type: string), _col2 (type: string), _col5 (type: decimal(17,2))
                  outputColumnNames: _col0, _col1, _col2, _col3
                  Statistics: Num rows: 915062 Data size: 786971816 Basic stats: COMPLETE Column stats: NONE
                  Reduce Output Operator
                    key expressions: _col3 (type: decimal(17,2))
                    sort order: -
                    Statistics: Num rows: 915062 Data size: 786971816 Basic stats: COMPLETE Column stats: NONE
                    value expressions: _col0 (type: string), _col1 (type: string), _col2 (type: string)
        Reducer 7 
            Reduce Operator Tree:
              Select Operator
                expressions: VALUE._col0 (type: string), VALUE._col1 (type: string), VALUE._col2 (type: string), KEY.reducesinkkey0 (type: decimal(17,2))
                outputColumnNames: _col0, _col1, _col2, _col3
                Statistics: Num rows: 915062 Data size: 786971816 Basic stats: COMPLETE Column stats: NONE
                File Output Operator
                  compressed: false
                  Statistics: Num rows: 915062 Data size: 786971816 Basic stats: COMPLETE Column stats: NONE
                  table:
                      input format: org.apache.hadoop.mapred.SequenceFileInputFormat
                      output format: org.apache.hadoop.hive.ql.io.HiveSequenceFileOutputFormat
                      serde: org.apache.hadoop.hive.serde2.lazy.LazySimpleSerDe

  Stage: Stage-0
    Fetch Operator
      limit: -1
      Processor Tree:
        ListSink

